# 3
t 1
v 0 0
v 1 0
e 0 1 0
# 3
t 2
v 0 0
v 1 0
v 2 0
e 0 1 0
e 1 2 0
# 3
t 3
v 0 0
v 1 0
v 2 0
e 0 1 0
e 0 2 0
e 1 2 0
# 2
t 4
v 0 0
v 1 0
v 2 0
v 3 0
e 0 1 0
e 1 2 0
e 1 3 0
# 2
t 5
v 0 0
v 1 0
v 2 0
v 3 0
e 0 1 0
e 0 2 0
e 1 2 0
e 1 3 0
# 3
t 6
v 0 0
v 1 0
v 2 0
v 3 1
e 0 1 0
e 1 2 0
e 1 3 0
# 3
t 7
v 0 0
v 1 0
v 2 0
v 3 1
e 0 1 0
e 0 2 0
e 1 2 0
e 1 3 0
# 3
t 8
v 0 0
v 1 0
v 2 0
v 3 1
e 0 1 0
e 0 2 0
e 0 3 0
e 1 2 0
e 1 3 0
# 3
t 9
v 0 0
v 1 0
v 2 0
v 3 1
e 0 1 0
e 0 3 0
e 1 2 0
e 1 3 0
# 2
t 10
v 0 0
v 1 0
v 2 0
v 3 0
e 0 1 0
e 1 2 0
e 2 3 0
# 2
t 11
v 0 0
v 1 0
v 2 0
v 3 0
v 4 0
e 0 1 0
e 1 2 0
e 1 4 0
e 2 3 0
# 2
t 12
v 0 0
v 1 0
v 2 0
v 3 0
v 4 0
e 0 1 0
e 0 4 0
e 1 2 0
e 1 4 0
e 2 3 0
# 2
t 13
v 0 0
v 1 0
v 2 0
v 3 0
v 4 1
e 0 1 0
e 1 2 0
e 1 4 0
e 2 3 0
# 2
t 14
v 0 0
v 1 0
v 2 0
v 3 0
v 4 1
e 0 1 0
e 0 2 0
e 1 2 0
e 1 4 0
e 2 3 0
# 2
t 15
v 0 0
v 1 0
v 2 0
v 3 0
v 4 1
e 0 1 0
e 0 4 0
e 1 2 0
e 1 4 0
e 2 3 0
# 2
t 16
v 0 0
v 1 0
v 2 0
v 3 0
v 4 0
e 0 1 0
e 1 2 0
e 2 3 0
e 3 4 0
# 2
t 17
v 0 0
v 1 0
v 2 0
v 3 0
v 4 0
v 5 0
e 0 1 0
e 1 2 0
e 1 5 0
e 2 3 0
e 3 4 0
# 2
t 18
v 0 0
v 1 0
v 2 0
v 3 0
v 4 0
v 5 0
e 0 1 0
e 0 5 0
e 1 2 0
e 1 5 0
e 2 3 0
e 3 4 0
# 2
t 19
v 0 0
v 1 0
v 2 0
v 3 0
v 4 0
v 5 1
e 0 1 0
e 1 2 0
e 1 5 0
e 2 3 0
e 3 4 0
# 2
t 20
v 0 0
v 1 0
v 2 0
v 3 0
v 4 0
v 5 1
e 0 1 0
e 0 2 0
e 1 2 0
e 1 5 0
e 2 3 0
e 3 4 0
# 2
t 21
v 0 0
v 1 0
v 2 0
v 3 0
v 4 0
v 5 1
e 0 1 0
e 0 5 0
e 1 2 0
e 1 5 0
e 2 3 0
e 3 4 0
# 2
t 22
v 0 0
v 1 0
v 2 0
v 3 0
v 4 0
v 5 0
e 0 1 0
e 1 2 0
e 2 3 0
e 3 4 0
e 4 5 0
# 2
t 23
v 0 0
v 1 0
v 2 0
v 3 0
v 4 0
v 5 0
v 6 0
e 0 1 0
e 1 2 0
e 1 6 0
e 2 3 0
e 3 4 0
e 4 5 0
# 2
t 24
v 0 0
v 1 0
v 2 0
v 3 0
v 4 0
v 5 0
v 6 0
v 7 1
e 0 1 0
e 1 2 0
e 1 6 0
e 2 3 0
e 3 4 0
e 4 5 0
e 4 7 0
# 2
t 25
v 0 0
v 1 0
v 2 0
v 3 0
v 4 0
v 5 0
v 6 0
v 7 1
e 0 1 0
e 0 7 0
e 1 2 0
e 1 6 0
e 2 3 0
e 3 4 0
e 4 5 0
e 4 7 0
# 2
t 26
v 0 0
v 1 0
v 2 0
v 3 0
v 4 0
v 5 0
v 6 0
v 7 1
e 0 1 0
e 0 7 0
e 1 2 0
e 1 6 0
e 2 3 0
e 3 4 0
e 4 5 0
e 4 7 0
e 5 7 0
# 2
t 27
v 0 0
v 1 0
v 2 0
v 3 0
v 4 0
v 5 0
v 6 0
v 7 1
e 0 1 0
e 1 2 0
e 1 6 0
e 2 3 0
e 3 4 0
e 4 5 0
e 4 7 0
e 5 7 0
# 2
t 28
v 0 0
v 1 0
v 2 0
v 3 0
v 4 0
v 5 0
v 6 1
e 0 1 0
e 1 2 0
e 1 6 0
e 2 3 0
e 3 4 0
e 4 5 0
# 2
t 29
v 0 0
v 1 0
v 2 0
v 3 0
v 4 0
v 5 0
v 6 1
e 0 1 0
e 0 2 0
e 1 2 0
e 1 6 0
e 2 3 0
e 3 4 0
e 4 5 0
# 2
t 30
v 0 0
v 1 0
v 2 0
v 3 0
v 4 0
v 5 0
v 6 1
e 0 1 0
e 0 2 0
e 1 2 0
e 1 6 0
e 2 3 0
e 3 4 0
e 4 5 0
e 5 6 0
# 2
t 31
v 0 0
v 1 0
v 2 0
v 3 0
v 4 0
v 5 0
v 6 1
e 0 1 0
e 0 6 0
e 1 2 0
e 1 6 0
e 2 3 0
e 3 4 0
e 4 5 0
# 2
t 32
v 0 0
v 1 0
v 2 0
v 3 0
v 4 0
v 5 0
v 6 1
e 0 1 0
e 0 6 0
e 1 2 0
e 1 6 0
e 2 3 0
e 3 4 0
e 4 5 0
e 5 6 0
# 2
t 33
v 0 0
v 1 0
v 2 0
v 3 0
v 4 0
v 5 0
v 6 1
e 0 1 0
e 1 2 0
e 1 6 0
e 2 3 0
e 3 4 0
e 4 5 0
e 5 6 0
# 2
t 34
v 0 0
v 1 0
v 2 0
v 3 0
v 4 0
v 5 0
v 6 1
e 0 1 0
e 1 2 0
e 2 3 0
e 3 4 0
e 4 5 0
e 5 6 0
# 2
t 35
v 0 0
v 1 0
v 2 0
v 3 0
v 4 0
v 5 0
v 6 1
e 0 1 0
e 0 6 0
e 1 2 0
e 2 3 0
e 3 4 0
e 4 5 0
e 5 6 0
# 2
t 36
v 0 0
v 1 0
v 2 0
v 3 0
v 4 0
v 5 0
v 6 1
v 7 0
e 0 1 0
e 1 2 0
e 1 7 0
e 2 3 0
e 3 4 0
e 4 5 0
e 5 6 0
# 2
t 37
v 0 0
v 1 0
v 2 0
v 3 0
v 4 0
v 5 0
v 6 1
v 7 0
e 0 1 0
e 0 6 0
e 1 2 0
e 1 7 0
e 2 3 0
e 3 4 0
e 4 5 0
e 5 6 0
# 2
t 38
v 0 0
v 1 0
v 2 0
v 3 0
v 4 0
v 5 0
v 6 1
v 7 0
e 0 1 0
e 1 2 0
e 2 3 0
e 3 4 0
e 4 5 0
e 4 7 0
e 5 6 0
# 2
t 39
v 0 0
v 1 0
v 2 0
v 3 0
v 4 0
v 5 0
v 6 1
v 7 0
e 0 1 0
e 1 2 0
e 2 3 0
e 3 4 0
e 4 5 0
e 5 6 0
e 6 7 0
# 2
t 40
v 0 0
v 1 0
v 2 0
v 3 0
v 4 0
v 5 0
v 6 1
v 7 0
v 8 0
e 0 1 0
e 1 2 0
e 1 8 0
e 2 3 0
e 3 4 0
e 4 5 0
e 5 6 0
e 6 7 0
# 2
t 41
v 0 0
v 1 0
v 2 0
v 3 0
v 4 0
v 5 0
v 6 1
v 7 0
v 8 0
v 9 0
e 0 1 0
e 1 2 0
e 1 8 0
e 2 3 0
e 3 4 0
e 4 5 0
e 5 6 0
e 6 7 0
e 6 9 0
# 2
t 42
v 0 0
v 1 0
v 2 0
v 3 0
v 4 0
v 5 0
v 6 1
v 7 0
v 8 0
e 0 1 0
e 1 2 0
e 2 3 0
e 3 4 0
e 4 5 0
e 4 8 0
e 5 6 0
e 6 7 0
# 2
t 43
v 0 0
v 1 0
v 2 0
v 3 0
v 4 0
v 5 0
v 6 1
v 7 0
v 8 0
e 0 1 0
e 1 2 0
e 2 3 0
e 3 4 0
e 4 5 0
e 5 6 0
e 6 7 0
e 6 8 0
# 2
t 44
v 0 0
v 1 0
v 2 0
v 3 0
v 4 0
v 5 0
v 6 1
v 7 0
v 8 0
e 0 1 0
e 1 2 0
e 2 3 0
e 3 4 0
e 4 5 0
e 5 6 0
e 6 7 0
e 6 8 0
e 7 8 0
# 2
t 45
v 0 0
v 1 0
v 2 0
v 3 0
v 4 0
v 5 0
v 6 1
v 7 0
v 8 0
v 9 0
e 0 1 0
e 1 2 0
e 2 3 0
e 3 4 0
e 4 5 0
e 4 9 0
e 5 6 0
e 6 7 0
e 6 8 0
# 2
t 46
v 0 0
v 1 0
v 2 0
v 3 0
v 4 0
v 5 0
v 6 1
v 7 0
v 8 0
v 9 0
e 0 1 0
e 1 2 0
e 2 3 0
e 3 4 0
e 4 5 0
e 5 6 0
e 6 7 0
e 6 8 0
e 6 9 0
# 2
t 47
v 0 0
v 1 0
v 2 0
v 3 0
v 4 0
v 5 0
v 6 1
v 7 0
v 8 0
e 0 1 0
e 1 2 0
e 2 3 0
e 3 4 0
e 4 5 0
e 5 6 0
e 6 7 0
e 7 8 0
# 2
t 48
v 0 0
v 1 0
v 2 0
v 3 0
v 4 0
v 5 0
v 6 1
v 7 0
v 8 0
v 9 0
e 0 1 0
e 1 2 0
e 1 9 0
e 2 3 0
e 3 4 0
e 4 5 0
e 5 6 0
e 6 7 0
e 7 8 0
# 2
t 49
v 0 0
v 1 0
v 2 0
v 3 0
v 4 0
v 5 0
v 6 1
v 7 0
v 8 0
v 9 0
e 0 1 0
e 1 2 0
e 2 3 0
e 3 4 0
e 4 5 0
e 4 9 0
e 5 6 0
e 6 7 0
e 7 8 0
# 2
t 50
v 0 0
v 1 0
v 2 0
v 3 0
v 4 0
v 5 0
v 6 1
v 7 0
v 8 0
v 9 0
e 0 1 0
e 1 2 0
e 2 3 0
e 3 4 0
e 4 5 0
e 5 6 0
e 6 7 0
e 6 9 0
e 7 8 0
# 2
t 51
v 0 0
v 1 0
v 2 0
v 3 0
v 4 0
v 5 0
v 6 1
v 7 0
v 8 0
v 9 0
e 0 1 0
e 1 2 0
e 2 3 0
e 3 4 0
e 4 5 0
e 5 6 0
e 6 7 0
e 7 8 0
e 7 9 0
# 2
t 52
v 0 0
v 1 0
v 2 0
v 3 0
v 4 0
v 5 0
v 6 1
v 7 0
v 8 0
v 9 0
e 0 1 0
e 1 2 0
e 2 3 0
e 3 4 0
e 4 5 0
e 5 6 0
e 6 7 0
e 7 8 0
e 8 9 0
# 2
t 53
v 0 0
v 1 0
v 2 0
v 3 0
v 4 0
v 5 1
e 0 1 0
e 1 2 0
e 2 3 0
e 3 4 0
e 4 5 0
# 2
t 54
v 0 0
v 1 0
v 2 0
v 3 0
v 4 0
v 5 1
e 0 1 0
e 0 5 0
e 1 2 0
e 2 3 0
e 3 4 0
e 4 5 0
# 2
t 55
v 0 0
v 1 0
v 2 0
v 3 0
v 4 0
v 5 1
v 6 0
e 0 1 0
e 1 2 0
e 1 6 0
e 2 3 0
e 3 4 0
e 4 5 0
# 2
t 56
v 0 0
v 1 0
v 2 0
v 3 0
v 4 0
v 5 1
v 6 0
e 0 1 0
e 0 5 0
e 1 2 0
e 1 6 0
e 2 3 0
e 3 4 0
e 4 5 0
# 2
t 57
v 0 0
v 1 0
v 2 0
v 3 0
v 4 0
v 5 1
v 6 0
e 0 1 0
e 0 6 0
e 1 2 0
e 1 6 0
e 2 3 0
e 3 4 0
e 4 5 0
# 2
t 58
v 0 0
v 1 0
v 2 0
v 3 0
v 4 0
v 5 1
v 6 0
e 0 1 0
e 1 2 0
e 2 3 0
e 3 4 0
e 3 6 0
e 4 5 0
# 2
t 59
v 0 0
v 1 0
v 2 0
v 3 0
v 4 0
v 5 1
v 6 0
e 0 1 0
e 1 2 0
e 2 3 0
e 3 4 0
e 4 5 0
e 5 6 0
# 2
t 60
v 0 0
v 1 0
v 2 0
v 3 0
v 4 0
v 5 1
v 6 0
v 7 0
e 0 1 0
e 1 2 0
e 1 7 0
e 2 3 0
e 3 4 0
e 4 5 0
e 5 6 0
# 2
t 61
v 0 0
v 1 0
v 2 0
v 3 0
v 4 0
v 5 1
v 6 0
v 7 0
e 0 1 0
e 0 7 0
e 1 2 0
e 1 7 0
e 2 3 0
e 3 4 0
e 4 5 0
e 5 6 0
# 2
t 62
v 0 0
v 1 0
v 2 0
v 3 0
v 4 0
v 5 1
v 6 0
v 7 0
v 8 0
e 0 1 0
e 1 2 0
e 1 7 0
e 2 3 0
e 3 4 0
e 4 5 0
e 4 8 0
e 5 6 0
# 2
t 63
v 0 0
v 1 0
v 2 0
v 3 0
v 4 0
v 5 1
v 6 0
v 7 0
v 8 0
e 0 1 0
e 1 2 0
e 1 7 0
e 2 3 0
e 3 4 0
e 4 5 0
e 5 6 0
e 5 8 0
# 2
t 64
v 0 0
v 1 0
v 2 0
v 3 0
v 4 0
v 5 1
v 6 0
v 7 0
v 8 0
e 0 1 0
e 1 2 0
e 1 7 0
e 2 3 0
e 3 4 0
e 4 5 0
e 4 6 0
e 5 6 0
e 5 8 0
# 2
t 65
v 0 0
v 1 0
v 2 0
v 3 0
v 4 0
v 5 1
v 6 0
v 7 0
v 8 0
e 0 1 0
e 0 7 0
e 1 2 0
e 1 7 0
e 2 3 0
e 3 4 0
e 4 5 0
e 5 6 0
e 5 8 0
# 2
t 66
v 0 0
v 1 0
v 2 0
v 3 0
v 4 0
v 5 1
v 6 0
v 7 0
v 8 0
e 0 1 0
e 0 7 0
e 1 2 0
e 1 7 0
e 2 3 0
e 3 4 0
e 4 5 0
e 5 6 0
e 5 8 0
e 6 8 0
# 2
t 67
v 0 0
v 1 0
v 2 0
v 3 0
v 4 0
v 5 1
v 6 0
v 7 0
v 8 0
e 0 1 0
e 1 2 0
e 1 7 0
e 2 3 0
e 3 4 0
e 4 5 0
e 5 6 0
e 5 8 0
e 6 8 0
# 2
t 68
v 0 0
v 1 0
v 2 0
v 3 0
v 4 0
v 5 1
v 6 0
v 7 0
v 8 0
v 9 0
e 0 1 0
e 1 2 0
e 1 7 0
e 2 3 0
e 3 4 0
e 4 5 0
e 4 9 0
e 5 6 0
e 5 8 0
# 2
t 69
v 0 0
v 1 0
v 2 0
v 3 0
v 4 0
v 5 1
v 6 0
v 7 0
v 8 0
v 9 0
e 0 1 0
e 1 2 0
e 1 7 0
e 2 3 0
e 3 4 0
e 4 5 0
e 5 6 0
e 5 8 0
e 5 9 0
# 2
t 70
v 0 0
v 1 0
v 2 0
v 3 0
v 4 0
v 5 1
v 6 0
v 7 0
e 0 1 0
e 1 2 0
e 2 3 0
e 3 4 0
e 3 7 0
e 4 5 0
e 5 6 0
# 2
t 71
v 0 0
v 1 0
v 2 0
v 3 0
v 4 0
v 5 1
v 6 0
v 7 0
e 0 1 0
e 1 2 0
e 2 3 0
e 3 4 0
e 4 5 0
e 4 7 0
e 5 6 0
# 2
t 72
v 0 0
v 1 0
v 2 0
v 3 0
v 4 0
v 5 1
v 6 0
v 7 0
e 0 1 0
e 1 2 0
e 2 3 0
e 3 4 0
e 3 7 0
e 4 5 0
e 4 7 0
e 5 6 0
# 2
t 73
v 0 0
v 1 0
v 2 0
v 3 0
v 4 0
v 5 1
v 6 0
v 7 0
e 0 1 0
e 1 2 0
e 2 3 0
e 3 4 0
e 4 5 0
e 5 6 0
e 5 7 0
# 2
t 74
v 0 0
v 1 0
v 2 0
v 3 0
v 4 0
v 5 1
v 6 0
v 7 0
e 0 1 0
e 0 6 0
e 1 2 0
e 2 3 0
e 3 4 0
e 4 5 0
e 5 6 0
e 5 7 0
# 2
t 75
v 0 0
v 1 0
v 2 0
v 3 0
v 4 0
v 5 1
v 6 0
v 7 0
e 0 1 0
e 1 2 0
e 2 3 0
e 3 4 0
e 4 5 0
e 4 6 0
e 5 6 0
e 5 7 0
# 2
t 76
v 0 0
v 1 0
v 2 0
v 3 0
v 4 0
v 5 1
v 6 0
v 7 0
e 0 1 0
e 1 2 0
e 2 3 0
e 3 4 0
e 4 5 0
e 5 6 0
e 5 7 0
e 6 7 0
# 2
t 77
v 0 0
v 1 0
v 2 0
v 3 0
v 4 0
v 5 1
v 6 0
v 7 0
v 8 0
e 0 1 0
e 1 2 0
e 2 3 0
e 3 4 0
e 3 8 0
e 4 5 0
e 5 6 0
e 5 7 0
# 2
t 78
v 0 0
v 1 0
v 2 0
v 3 0
v 4 0
v 5 1
v 6 0
v 7 0
v 8 0
e 0 1 0
e 0 6 0
e 1 2 0
e 2 3 0
e 3 4 0
e 3 8 0
e 4 5 0
e 5 6 0
e 5 7 0
# 2
t 79
v 0 0
v 1 0
v 2 0
v 3 0
v 4 0
v 5 1
v 6 0
v 7 0
v 8 0
e 0 1 0
e 1 2 0
e 2 3 0
e 3 4 0
e 3 8 0
e 4 5 0
e 5 6 0
e 5 7 0
e 6 7 0
# 2
t 80
v 0 0
v 1 0
v 2 0
v 3 0
v 4 0
v 5 1
v 6 0
v 7 0
v 8 0
e 0 1 0
e 1 2 0
e 2 3 0
e 3 4 0
e 4 5 0
e 4 8 0
e 5 6 0
e 5 7 0
# 2
t 81
v 0 0
v 1 0
v 2 0
v 3 0
v 4 0
v 5 1
v 6 0
v 7 0
v 8 0
e 0 1 0
e 1 2 0
e 2 3 0
e 3 4 0
e 4 5 0
e 4 8 0
e 5 6 0
e 5 7 0
e 6 7 0
# 2
t 82
v 0 0
v 1 0
v 2 0
v 3 0
v 4 0
v 5 1
v 6 0
v 7 0
v 8 0
e 0 1 0
e 1 2 0
e 2 3 0
e 3 4 0
e 3 8 0
e 4 5 0
e 4 8 0
e 5 6 0
e 5 7 0
e 6 7 0
# 2
t 83
v 0 0
v 1 0
v 2 0
v 3 0
v 4 0
v 5 1
v 6 0
v 7 0
v 8 0
e 0 1 0
e 1 2 0
e 2 3 0
e 3 4 0
e 3 8 0
e 4 5 0
e 4 8 0
e 5 6 0
e 5 7 0
# 2
t 84
v 0 0
v 1 0
v 2 0
v 3 0
v 4 0
v 5 1
v 6 0
v 7 0
v 8 0
e 0 1 0
e 1 2 0
e 2 3 0
e 3 4 0
e 4 5 0
e 5 6 0
e 5 7 0
e 5 8 0
# 2
t 85
v 0 0
v 1 0
v 2 0
v 3 0
v 4 0
v 5 1
v 6 0
v 7 0
v 8 0
e 0 1 0
e 0 6 0
e 1 2 0
e 2 3 0
e 3 4 0
e 4 5 0
e 5 6 0
e 5 7 0
e 5 8 0
# 2
t 86
v 0 0
v 1 0
v 2 0
v 3 0
v 4 0
v 5 1
v 6 0
v 7 0
v 8 0
e 0 1 0
e 0 6 0
e 1 2 0
e 2 3 0
e 3 4 0
e 4 5 0
e 5 6 0
e 5 7 0
e 5 8 0
e 7 8 0
# 2
t 87
v 0 0
v 1 0
v 2 0
v 3 0
v 4 0
v 5 1
v 6 0
v 7 0
v 8 0
e 0 1 0
e 1 2 0
e 2 3 0
e 3 4 0
e 4 5 0
e 4 6 0
e 5 6 0
e 5 7 0
e 5 8 0
# 2
t 88
v 0 0
v 1 0
v 2 0
v 3 0
v 4 0
v 5 1
v 6 0
v 7 0
v 8 0
e 0 1 0
e 1 2 0
e 2 3 0
e 3 4 0
e 4 5 0
e 4 6 0
e 5 6 0
e 5 7 0
e 5 8 0
e 7 8 0
# 2
t 89
v 0 0
v 1 0
v 2 0
v 3 0
v 4 0
v 5 1
v 6 0
v 7 0
v 8 0
e 0 1 0
e 1 2 0
e 2 3 0
e 3 4 0
e 4 5 0
e 5 6 0
e 5 7 0
e 5 8 0
e 6 7 0
# 2
t 90
v 0 0
v 1 0
v 2 0
v 3 0
v 4 0
v 5 1
v 6 0
v 7 0
v 8 0
v 9 0
e 0 1 0
e 1 2 0
e 2 3 0
e 3 4 0
e 3 9 0
e 4 5 0
e 5 6 0
e 5 7 0
e 5 8 0
# 2
t 91
v 0 0
v 1 0
v 2 0
v 3 0
v 4 0
v 5 1
v 6 0
v 7 0
v 8 0
v 9 0
e 0 1 0
e 1 2 0
e 2 3 0
e 3 4 0
e 4 5 0
e 4 9 0
e 5 6 0
e 5 7 0
e 5 8 0
# 2
t 92
v 0 0
v 1 0
v 2 0
v 3 0
v 4 0
v 5 1
v 6 0
v 7 0
v 8 0
v 9 0
e 0 1 0
e 1 2 0
e 2 3 0
e 3 4 0
e 4 5 0
e 5 6 0
e 5 7 0
e 5 8 0
e 5 9 0
# 2
t 93
v 0 0
v 1 0
v 2 0
v 3 0
v 4 0
v 5 1
v 6 0
v 7 0
e 0 1 0
e 1 2 0
e 2 3 0
e 3 4 0
e 4 5 0
e 5 6 0
e 6 7 0
# 2
t 94
v 0 0
v 1 0
v 2 0
v 3 0
v 4 0
v 5 1
v 6 0
v 7 0
v 8 0
e 0 1 0
e 1 2 0
e 1 8 0
e 2 3 0
e 3 4 0
e 4 5 0
e 5 6 0
e 6 7 0
# 2
t 95
v 0 0
v 1 0
v 2 0
v 3 0
v 4 0
v 5 1
v 6 0
v 7 0
v 8 0
e 0 1 0
e 0 8 0
e 1 2 0
e 1 8 0
e 2 3 0
e 3 4 0
e 4 5 0
e 5 6 0
e 6 7 0
# 2
t 96
v 0 0
v 1 0
v 2 0
v 3 0
v 4 0
v 5 1
v 6 0
v 7 0
v 8 0
v 9 0
e 0 1 0
e 1 2 0
e 1 8 0
e 2 3 0
e 3 4 0
e 4 5 0
e 4 9 0
e 5 6 0
e 6 7 0
# 2
t 97
v 0 0
v 1 0
v 2 0
v 3 0
v 4 0
v 5 1
v 6 0
v 7 0
v 8 0
v 9 0
e 0 1 0
e 1 2 0
e 1 8 0
e 2 3 0
e 3 4 0
e 4 5 0
e 5 6 0
e 5 9 0
e 6 7 0
# 2
t 98
v 0 0
v 1 0
v 2 0
v 3 0
v 4 0
v 5 1
v 6 0
v 7 0
v 8 0
v 9 0
e 0 1 0
e 1 2 0
e 1 8 0
e 2 3 0
e 3 4 0
e 4 5 0
e 5 6 0
e 6 7 0
e 6 9 0
# 2
t 99
v 0 0
v 1 0
v 2 0
v 3 0
v 4 0
v 5 1
v 6 0
v 7 0
v 8 0
e 0 1 0
e 1 2 0
e 2 3 0
e 3 4 0
e 3 8 0
e 4 5 0
e 5 6 0
e 6 7 0
# 2
t 100
v 0 0
v 1 0
v 2 0
v 3 0
v 4 0
v 5 1
v 6 0
v 7 0
v 8 0
e 0 1 0
e 1 2 0
e 2 3 0
e 3 4 0
e 3 8 0
e 4 5 0
e 4 8 0
e 5 6 0
e 6 7 0
# 2
t 101
v 0 0
v 1 0
v 2 0
v 3 0
v 4 0
v 5 1
v 6 0
v 7 0
v 8 0
v 9 0
e 0 1 0
e 1 2 0
e 2 3 0
e 3 4 0
e 3 8 0
e 4 5 0
e 5 6 0
e 5 9 0
e 6 7 0
# 2
t 102
v 0 0
v 1 0
v 2 0
v 3 0
v 4 0
v 5 1
v 6 0
v 7 0
v 8 0
v 9 0
e 0 1 0
e 1 2 0
e 2 3 0
e 3 4 0
e 3 8 0
e 4 5 0
e 5 6 0
e 6 7 0
e 6 9 0
# 2
t 103
v 0 0
v 1 0
v 2 0
v 3 0
v 4 0
v 5 1
v 6 0
v 7 0
v 8 0
e 0 1 0
e 1 2 0
e 2 3 0
e 3 4 0
e 4 5 0
e 4 8 0
e 5 6 0
e 6 7 0
# 2
t 104
v 0 0
v 1 0
v 2 0
v 3 0
v 4 0
v 5 1
v 6 0
v 7 0
v 8 0
e 0 1 0
e 1 2 0
e 2 3 0
e 3 4 0
e 4 5 0
e 5 6 0
e 5 8 0
e 6 7 0
# 2
t 105
v 0 0
v 1 0
v 2 0
v 3 0
v 4 0
v 5 1
v 6 0
v 7 0
v 8 0
e 0 1 0
e 1 2 0
e 2 3 0
e 3 4 0
e 4 5 0
e 4 8 0
e 5 6 0
e 5 8 0
e 6 7 0
# 2
t 106
v 0 0
v 1 0
v 2 0
v 3 0
v 4 0
v 5 1
v 6 0
v 7 0
v 8 0
e 0 1 0
e 1 2 0
e 2 3 0
e 3 4 0
e 4 5 0
e 5 6 0
e 5 8 0
e 6 7 0
e 7 8 0
# 2
t 107
v 0 0
v 1 0
v 2 0
v 3 0
v 4 0
v 5 1
v 6 0
v 7 0
v 8 0
v 9 0
e 0 1 0
e 1 2 0
e 2 3 0
e 3 4 0
e 4 5 0
e 4 9 0
e 5 6 0
e 5 8 0
e 6 7 0
# 2
t 108
v 0 0
v 1 0
v 2 0
v 3 0
v 4 0
v 5 1
v 6 0
v 7 0
v 8 0
v 9 0
e 0 1 0
e 1 2 0
e 2 3 0
e 3 4 0
e 4 5 0
e 5 6 0
e 5 8 0
e 5 9 0
e 6 7 0
# 2
t 109
v 0 0
v 1 0
v 2 0
v 3 0
v 4 0
v 5 1
v 6 0
v 7 0
v 8 0
v 9 0
e 0 1 0
e 1 2 0
e 2 3 0
e 3 4 0
e 4 5 0
e 5 6 0
e 5 8 0
e 6 7 0
e 8 9 0
# 2
t 110
v 0 0
v 1 0
v 2 0
v 3 0
v 4 0
v 5 1
v 6 0
v 7 0
v 8 0
e 0 1 0
e 1 2 0
e 2 3 0
e 3 4 0
e 4 5 0
e 5 6 0
e 6 7 0
e 6 8 0
# 2
t 111
v 0 0
v 1 0
v 2 0
v 3 0
v 4 0
v 5 1
v 6 0
v 7 0
v 8 0
e 0 1 0
e 1 2 0
e 2 3 0
e 3 4 0
e 4 5 0
e 5 6 0
e 5 7 0
e 6 7 0
e 6 8 0
# 2
t 112
v 0 0
v 1 0
v 2 0
v 3 0
v 4 0
v 5 1
v 6 0
v 7 0
v 8 0
e 0 1 0
e 1 2 0
e 2 3 0
e 3 4 0
e 4 5 0
e 5 6 0
e 5 7 0
e 6 7 0
e 6 8 0
e 7 8 0
# 2
t 113
v 0 0
v 1 0
v 2 0
v 3 0
v 4 0
v 5 1
v 6 0
v 7 0
v 8 0
e 0 1 0
e 1 2 0
e 2 3 0
e 3 4 0
e 4 5 0
e 5 6 0
e 6 7 0
e 6 8 0
e 7 8 0
# 2
t 114
v 0 0
v 1 0
v 2 0
v 3 0
v 4 0
v 5 1
v 6 0
v 7 0
v 8 0
v 9 0
e 0 1 0
e 1 2 0
e 2 3 0
e 3 4 0
e 4 5 0
e 4 9 0
e 5 6 0
e 6 7 0
e 6 8 0
# 2
t 115
v 0 0
v 1 0
v 2 0
v 3 0
v 4 0
v 5 1
v 6 0
v 7 0
v 8 0
v 9 0
e 0 1 0
e 1 2 0
e 2 3 0
e 3 4 0
e 4 5 0
e 5 6 0
e 5 9 0
e 6 7 0
e 6 8 0
# 2
t 116
v 0 0
v 1 0
v 2 0
v 3 0
v 4 0
v 5 1
v 6 0
v 7 0
v 8 0
e 0 1 0
e 1 2 0
e 2 3 0
e 3 4 0
e 4 5 0
e 5 6 0
e 6 7 0
e 7 8 0
# 2
t 117
v 0 0
v 1 0
v 2 0
v 3 0
v 4 0
v 5 1
v 6 0
v 7 0
v 8 0
v 9 0
e 0 1 0
e 1 2 0
e 1 9 0
e 2 3 0
e 3 4 0
e 4 5 0
e 5 6 0
e 6 7 0
e 7 8 0
# 2
t 118
v 0 0
v 1 0
v 2 0
v 3 0
v 4 0
v 5 1
v 6 0
v 7 0
v 8 0
v 9 0
e 0 1 0
e 1 2 0
e 2 3 0
e 3 4 0
e 3 9 0
e 4 5 0
e 5 6 0
e 6 7 0
e 7 8 0
# 2
t 119
v 0 0
v 1 0
v 2 0
v 3 0
v 4 0
v 5 1
v 6 0
v 7 0
v 8 0
v 9 0
e 0 1 0
e 1 2 0
e 2 3 0
e 3 4 0
e 4 5 0
e 4 9 0
e 5 6 0
e 6 7 0
e 7 8 0
# 2
t 120
v 0 0
v 1 0
v 2 0
v 3 0
v 4 0
v 5 1
v 6 0
v 7 0
v 8 0
v 9 0
e 0 1 0
e 1 2 0
e 2 3 0
e 3 4 0
e 4 5 0
e 5 6 0
e 5 9 0
e 6 7 0
e 7 8 0
# 2
t 121
v 0 0
v 1 0
v 2 0
v 3 0
v 4 0
v 5 1
v 6 0
v 7 0
v 8 0
v 9 0
e 0 1 0
e 1 2 0
e 2 3 0
e 3 4 0
e 4 5 0
e 5 6 0
e 6 7 0
e 6 9 0
e 7 8 0
# 2
t 122
v 0 0
v 1 0
v 2 0
v 3 0
v 4 0
v 5 1
v 6 0
v 7 0
v 8 0
v 9 0
e 0 1 0
e 1 2 0
e 2 3 0
e 3 4 0
e 4 5 0
e 5 6 0
e 6 7 0
e 7 8 0
e 8 9 0
# 2
t 123
v 0 0
v 1 0
v 2 0
v 3 0
v 4 1
e 0 1 0
e 1 2 0
e 2 3 0
e 3 4 0
# 2
t 124
v 0 0
v 1 0
v 2 0
v 3 0
v 4 1
v 5 0
e 0 1 0
e 1 2 0
e 2 3 0
e 2 5 0
e 3 4 0
# 2
t 125
v 0 0
v 1 0
v 2 0
v 3 0
v 4 1
v 5 0
e 0 1 0
e 1 2 0
e 2 3 0
e 3 4 0
e 4 5 0
# 2
t 126
v 0 0
v 1 0
v 2 0
v 3 0
v 4 1
v 5 0
v 6 0
e 0 1 0
e 1 2 0
e 2 3 0
e 2 6 0
e 3 4 0
e 4 5 0
# 2
t 127
v 0 0
v 1 0
v 2 0
v 3 0
v 4 1
v 5 0
v 6 0
e 0 1 0
e 1 2 0
e 2 3 0
e 2 6 0
e 3 4 0
e 3 6 0
e 4 5 0
# 2
t 128
v 0 0
v 1 0
v 2 0
v 3 0
v 4 1
v 5 0
v 6 0
v 7 0
e 0 1 0
e 1 2 0
e 2 3 0
e 2 6 0
e 3 4 0
e 4 5 0
e 4 7 0
# 2
t 129
v 0 0
v 1 0
v 2 0
v 3 0
v 4 1
v 5 0
v 6 0
v 7 0
e 0 1 0
e 0 5 0
e 1 2 0
e 2 3 0
e 2 6 0
e 3 4 0
e 4 5 0
e 4 7 0
# 2
t 130
v 0 0
v 1 0
v 2 0
v 3 0
v 4 1
v 5 0
v 6 0
v 7 0
e 0 1 0
e 0 5 0
e 1 2 0
e 2 3 0
e 2 6 0
e 3 4 0
e 3 6 0
e 4 5 0
e 4 7 0
# 2
t 131
v 0 0
v 1 0
v 2 0
v 3 0
v 4 1
v 5 0
v 6 0
v 7 0
e 0 1 0
e 1 2 0
e 2 3 0
e 2 6 0
e 3 4 0
e 3 6 0
e 4 5 0
e 4 7 0
# 2
t 132
v 0 0
v 1 0
v 2 0
v 3 0
v 4 1
v 5 0
v 6 0
v 7 0
e 0 1 0
e 1 2 0
e 2 3 0
e 2 6 0
e 3 4 0
e 3 6 0
e 4 5 0
e 4 7 0
e 5 7 0
# 2
t 133
v 0 0
v 1 0
v 2 0
v 3 0
v 4 1
v 5 0
v 6 0
v 7 0
e 0 1 0
e 1 2 0
e 2 3 0
e 2 6 0
e 3 4 0
e 4 5 0
e 4 7 0
e 5 7 0
# 2
t 134
v 0 0
v 1 0
v 2 0
v 3 0
v 4 1
v 5 0
v 6 0
v 7 0
v 8 0
e 0 1 0
e 1 2 0
e 2 3 0
e 2 6 0
e 3 4 0
e 4 5 0
e 4 7 0
e 4 8 0
# 2
t 135
v 0 0
v 1 0
v 2 0
v 3 0
v 4 1
v 5 0
v 6 0
v 7 0
v 8 0
e 0 1 0
e 0 5 0
e 1 2 0
e 2 3 0
e 2 6 0
e 3 4 0
e 4 5 0
e 4 7 0
e 4 8 0
# 2
t 136
v 0 0
v 1 0
v 2 0
v 3 0
v 4 1
v 5 0
v 6 0
v 7 0
v 8 0
e 0 1 0
e 0 5 0
e 1 2 0
e 2 3 0
e 2 6 0
e 3 4 0
e 4 5 0
e 4 7 0
e 4 8 0
e 7 8 0
# 2
t 137
v 0 0
v 1 0
v 2 0
v 3 0
v 4 1
v 5 0
v 6 0
v 7 0
v 8 0
e 0 1 0
e 0 5 0
e 1 2 0
e 2 3 0
e 2 6 0
e 3 4 0
e 4 5 0
e 4 7 0
e 4 8 0
e 5 7 0
# 2
t 138
v 0 0
v 1 0
v 2 0
v 3 0
v 4 1
v 5 0
v 6 0
v 7 0
v 8 0
e 0 1 0
e 0 5 0
e 1 2 0
e 2 3 0
e 2 6 0
e 3 4 0
e 3 6 0
e 4 5 0
e 4 7 0
e 4 8 0
# 2
t 139
v 0 0
v 1 0
v 2 0
v 3 0
v 4 1
v 5 0
v 6 0
v 7 0
v 8 0
e 0 1 0
e 0 5 0
e 1 2 0
e 2 3 0
e 2 6 0
e 3 4 0
e 3 6 0
e 4 5 0
e 4 7 0
e 4 8 0
e 7 8 0
# 2
t 140
v 0 0
v 1 0
v 2 0
v 3 0
v 4 1
v 5 0
v 6 0
v 7 0
v 8 0
e 0 1 0
e 1 2 0
e 2 3 0
e 2 6 0
e 3 4 0
e 3 6 0
e 4 5 0
e 4 7 0
e 4 8 0
# 2
t 141
v 0 0
v 1 0
v 2 0
v 3 0
v 4 1
v 5 0
v 6 0
v 7 0
v 8 0
e 0 1 0
e 1 2 0
e 2 3 0
e 2 6 0
e 3 4 0
e 3 6 0
e 4 5 0
e 4 7 0
e 4 8 0
e 5 7 0
# 2
t 142
v 0 0
v 1 0
v 2 0
v 3 0
v 4 1
v 5 0
v 6 0
v 7 0
v 8 0
e 0 1 0
e 1 2 0
e 2 3 0
e 2 6 0
e 3 4 0
e 4 5 0
e 4 7 0
e 4 8 0
e 5 7 0
# 2
t 143
v 0 0
v 1 0
v 2 0
v 3 0
v 4 1
v 5 0
v 6 0
v 7 0
v 8 0
v 9 0
e 0 1 0
e 1 2 0
e 2 3 0
e 2 6 0
e 3 4 0
e 4 5 0
e 4 7 0
e 4 8 0
e 4 9 0
# 2
t 144
v 0 0
v 1 0
v 2 0
v 3 0
v 4 1
v 5 0
v 6 0
e 0 1 0
e 1 2 0
e 2 3 0
e 3 4 0
e 3 6 0
e 4 5 0
# 2
t 145
v 0 0
v 1 0
v 2 0
v 3 0
v 4 1
v 5 0
v 6 0
e 0 1 0
e 1 2 0
e 2 3 0
e 3 4 0
e 4 5 0
e 4 6 0
# 2
t 146
v 0 0
v 1 0
v 2 0
v 3 0
v 4 1
v 5 0
v 6 0
e 0 1 0
e 0 5 0
e 1 2 0
e 2 3 0
e 3 4 0
e 4 5 0
e 4 6 0
# 2
t 147
v 0 0
v 1 0
v 2 0
v 3 0
v 4 1
v 5 0
v 6 0
e 0 1 0
e 1 2 0
e 2 3 0
e 3 4 0
e 3 5 0
e 4 5 0
e 4 6 0
# 2
t 148
v 0 0
v 1 0
v 2 0
v 3 0
v 4 1
v 5 0
v 6 0
e 0 1 0
e 1 2 0
e 2 3 0
e 3 4 0
e 4 5 0
e 4 6 0
e 5 6 0
# 2
t 149
v 0 0
v 1 0
v 2 0
v 3 0
v 4 1
v 5 0
v 6 0
v 7 0
e 0 1 0
e 1 2 0
e 2 3 0
e 3 4 0
e 3 7 0
e 4 5 0
e 4 6 0
# 2
t 150
v 0 0
v 1 0
v 2 0
v 3 0
v 4 1
v 5 0
v 6 0
v 7 0
e 0 1 0
e 0 5 0
e 1 2 0
e 2 3 0
e 3 4 0
e 3 7 0
e 4 5 0
e 4 6 0
# 2
t 151
v 0 0
v 1 0
v 2 0
v 3 0
v 4 1
v 5 0
v 6 0
v 7 0
e 0 1 0
e 1 2 0
e 2 3 0
e 3 4 0
e 3 7 0
e 4 5 0
e 4 6 0
e 5 6 0
# 2
t 152
v 0 0
v 1 0
v 2 0
v 3 0
v 4 1
v 5 0
v 6 0
v 7 0
e 0 1 0
e 1 2 0
e 2 3 0
e 3 4 0
e 4 5 0
e 4 6 0
e 4 7 0
# 2
t 153
v 0 0
v 1 0
v 2 0
v 3 0
v 4 1
v 5 0
v 6 0
v 7 0
e 0 1 0
e 0 5 0
e 1 2 0
e 2 3 0
e 3 4 0
e 4 5 0
e 4 6 0
e 4 7 0
# 2
t 154
v 0 0
v 1 0
v 2 0
v 3 0
v 4 1
v 5 0
v 6 0
v 7 0
e 0 1 0
e 0 5 0
e 1 2 0
e 2 3 0
e 3 4 0
e 4 5 0
e 4 6 0
e 4 7 0
e 6 7 0
# 2
t 155
v 0 0
v 1 0
v 2 0
v 3 0
v 4 1
v 5 0
v 6 0
v 7 0
e 0 1 0
e 0 5 0
e 1 2 0
e 2 3 0
e 3 4 0
e 3 6 0
e 4 5 0
e 4 6 0
e 4 7 0
# 2
t 156
v 0 0
v 1 0
v 2 0
v 3 0
v 4 1
v 5 0
v 6 0
v 7 0
e 0 1 0
e 1 2 0
e 2 3 0
e 3 4 0
e 3 5 0
e 4 5 0
e 4 6 0
e 4 7 0
# 2
t 157
v 0 0
v 1 0
v 2 0
v 3 0
v 4 1
v 5 0
v 6 0
v 7 0
e 0 1 0
e 1 2 0
e 2 3 0
e 3 4 0
e 3 5 0
e 4 5 0
e 4 6 0
e 4 7 0
e 6 7 0
# 2
t 158
v 0 0
v 1 0
v 2 0
v 3 0
v 4 1
v 5 0
v 6 0
v 7 0
e 0 1 0
e 1 2 0
e 2 3 0
e 3 4 0
e 4 5 0
e 4 6 0
e 4 7 0
e 5 6 0
# 2
t 159
v 0 0
v 1 0
v 2 0
v 3 0
v 4 1
v 5 0
v 6 0
v 7 0
v 8 0
e 0 1 0
e 1 2 0
e 2 3 0
e 3 4 0
e 3 8 0
e 4 5 0
e 4 6 0
e 4 7 0
# 2
t 160
v 0 0
v 1 0
v 2 0
v 3 0
v 4 1
v 5 0
v 6 0
v 7 0
v 8 0
e 0 1 0
e 0 5 0
e 1 2 0
e 2 3 0
e 3 4 0
e 3 8 0
e 4 5 0
e 4 6 0
e 4 7 0
# 2
t 161
v 0 0
v 1 0
v 2 0
v 3 0
v 4 1
v 5 0
v 6 0
v 7 0
v 8 0
e 0 1 0
e 0 5 0
e 1 2 0
e 2 3 0
e 3 4 0
e 3 8 0
e 4 5 0
e 4 6 0
e 4 7 0
e 6 7 0
# 2
t 162
v 0 0
v 1 0
v 2 0
v 3 0
v 4 1
v 5 0
v 6 0
v 7 0
v 8 0
e 0 1 0
e 1 2 0
e 2 3 0
e 3 4 0
e 3 8 0
e 4 5 0
e 4 6 0
e 4 7 0
e 5 6 0
# 2
t 163
v 0 0
v 1 0
v 2 0
v 3 0
v 4 1
v 5 0
v 6 0
v 7 0
v 8 0
e 0 1 0
e 1 2 0
e 2 3 0
e 3 4 0
e 4 5 0
e 4 6 0
e 4 7 0
e 4 8 0
# 2
t 164
v 0 0
v 1 0
v 2 0
v 3 0
v 4 1
v 5 0
v 6 0
v 7 0
v 8 0
e 0 1 0
e 0 5 0
e 1 2 0
e 2 3 0
e 3 4 0
e 4 5 0
e 4 6 0
e 4 7 0
e 4 8 0
# 2
t 165
v 0 0
v 1 0
v 2 0
v 3 0
v 4 1
v 5 0
v 6 0
v 7 0
v 8 0
e 0 1 0
e 0 5 0
e 1 2 0
e 2 3 0
e 3 4 0
e 4 5 0
e 4 6 0
e 4 7 0
e 4 8 0
e 6 7 0
# 2
t 166
v 0 0
v 1 0
v 2 0
v 3 0
v 4 1
v 5 0
v 6 0
v 7 0
v 8 0
e 0 1 0
e 0 5 0
e 1 2 0
e 2 3 0
e 3 4 0
e 3 6 0
e 4 5 0
e 4 6 0
e 4 7 0
e 4 8 0
# 2
t 167
v 0 0
v 1 0
v 2 0
v 3 0
v 4 1
v 5 0
v 6 0
v 7 0
v 8 0
e 0 1 0
e 0 5 0
e 1 2 0
e 2 3 0
e 3 4 0
e 3 6 0
e 4 5 0
e 4 6 0
e 4 7 0
e 4 8 0
e 7 8 0
# 2
t 168
v 0 0
v 1 0
v 2 0
v 3 0
v 4 1
v 5 0
v 6 0
v 7 0
v 8 0
e 0 1 0
e 1 2 0
e 2 3 0
e 3 4 0
e 3 5 0
e 4 5 0
e 4 6 0
e 4 7 0
e 4 8 0
# 2
t 169
v 0 0
v 1 0
v 2 0
v 3 0
v 4 1
v 5 0
v 6 0
v 7 0
v 8 0
e 0 1 0
e 1 2 0
e 2 3 0
e 3 4 0
e 3 5 0
e 4 5 0
e 4 6 0
e 4 7 0
e 4 8 0
e 6 7 0
# 2
t 170
v 0 0
v 1 0
v 2 0
v 3 0
v 4 1
v 5 0
v 6 0
v 7 0
v 8 0
e 0 1 0
e 1 2 0
e 2 3 0
e 3 4 0
e 4 5 0
e 4 6 0
e 4 7 0
e 4 8 0
e 5 6 0
# 2
t 171
v 0 0
v 1 0
v 2 0
v 3 0
v 4 1
v 5 0
v 6 0
v 7 0
v 8 0
e 0 1 0
e 1 2 0
e 2 3 0
e 3 4 0
e 4 5 0
e 4 6 0
e 4 7 0
e 4 8 0
e 5 6 0
e 7 8 0
# 2
t 172
v 0 0
v 1 0
v 2 0
v 3 0
v 4 1
v 5 0
v 6 0
v 7 0
v 8 0
v 9 0
e 0 1 0
e 1 2 0
e 2 3 0
e 3 4 0
e 3 9 0
e 4 5 0
e 4 6 0
e 4 7 0
e 4 8 0
# 2
t 173
v 0 0
v 1 0
v 2 0
v 3 0
v 4 1
v 5 0
v 6 0
v 7 0
v 8 0
v 9 0
e 0 1 0
e 1 2 0
e 2 3 0
e 3 4 0
e 4 5 0
e 4 6 0
e 4 7 0
e 4 8 0
e 4 9 0
# 2
t 174
v 0 0
v 1 0
v 2 0
v 3 0
v 4 1
v 5 0
v 6 0
e 0 1 0
e 1 2 0
e 2 3 0
e 3 4 0
e 4 5 0
e 5 6 0
# 2
t 175
v 0 0
v 1 0
v 2 0
v 3 0
v 4 1
v 5 0
v 6 0
v 7 0
e 0 1 0
e 1 2 0
e 2 3 0
e 2 7 0
e 3 4 0
e 4 5 0
e 5 6 0
# 2
t 176
v 0 0
v 1 0
v 2 0
v 3 0
v 4 1
v 5 0
v 6 0
v 7 0
e 0 1 0
e 1 2 0
e 2 3 0
e 2 7 0
e 3 4 0
e 3 7 0
e 4 5 0
e 5 6 0
# 2
t 177
v 0 0
v 1 0
v 2 0
v 3 0
v 4 1
v 5 0
v 6 0
v 7 0
v 8 0
e 0 1 0
e 1 2 0
e 2 3 0
e 2 7 0
e 3 4 0
e 4 5 0
e 4 8 0
e 5 6 0
# 2
t 178
v 0 0
v 1 0
v 2 0
v 3 0
v 4 1
v 5 0
v 6 0
v 7 0
v 8 0
e 0 1 0
e 1 2 0
e 2 3 0
e 2 7 0
e 3 4 0
e 3 7 0
e 4 5 0
e 4 8 0
e 5 6 0
# 2
t 179
v 0 0
v 1 0
v 2 0
v 3 0
v 4 1
v 5 0
v 6 0
v 7 0
v 8 0
v 9 0
e 0 1 0
e 1 2 0
e 2 3 0
e 2 7 0
e 3 4 0
e 4 5 0
e 4 8 0
e 4 9 0
e 5 6 0
# 2
t 180
v 0 0
v 1 0
v 2 0
v 3 0
v 4 1
v 5 0
v 6 0
v 7 0
v 8 0
v 9 0
e 0 1 0
e 1 2 0
e 2 3 0
e 2 7 0
e 3 4 0
e 4 5 0
e 4 8 0
e 5 6 0
e 8 9 0
# 2
t 181
v 0 0
v 1 0
v 2 0
v 3 0
v 4 1
v 5 0
v 6 0
v 7 0
v 8 0
e 0 1 0
e 1 2 0
e 2 3 0
e 2 7 0
e 3 4 0
e 4 5 0
e 5 6 0
e 5 8 0
# 2
t 182
v 0 0
v 1 0
v 2 0
v 3 0
v 4 1
v 5 0
v 6 0
v 7 0
v 8 0
e 0 1 0
e 1 2 0
e 2 3 0
e 2 7 0
e 3 4 0
e 4 5 0
e 4 6 0
e 5 6 0
e 5 8 0
# 2
t 183
v 0 0
v 1 0
v 2 0
v 3 0
v 4 1
v 5 0
v 6 0
v 7 0
v 8 0
e 0 1 0
e 1 2 0
e 2 3 0
e 2 7 0
e 3 4 0
e 3 7 0
e 4 5 0
e 4 6 0
e 5 6 0
e 5 8 0
# 2
t 184
v 0 0
v 1 0
v 2 0
v 3 0
v 4 1
v 5 0
v 6 0
v 7 0
v 8 0
e 0 1 0
e 1 2 0
e 2 3 0
e 2 7 0
e 3 4 0
e 3 7 0
e 4 5 0
e 5 6 0
e 5 8 0
# 2
t 185
v 0 0
v 1 0
v 2 0
v 3 0
v 4 1
v 5 0
v 6 0
v 7 0
v 8 0
v 9 0
e 0 1 0
e 1 2 0
e 2 3 0
e 2 7 0
e 3 4 0
e 4 5 0
e 4 9 0
e 5 6 0
e 5 8 0
# 2
t 186
v 0 0
v 1 0
v 2 0
v 3 0
v 4 1
v 5 0
v 6 0
v 7 0
e 0 1 0
e 1 2 0
e 2 3 0
e 3 4 0
e 3 7 0
e 4 5 0
e 5 6 0
# 2
t 187
v 0 0
v 1 0
v 2 0
v 3 0
v 4 1
v 5 0
v 6 0
v 7 0
e 0 1 0
e 1 2 0
e 2 3 0
e 3 4 0
e 4 5 0
e 4 7 0
e 5 6 0
# 2
t 188
v 0 0
v 1 0
v 2 0
v 3 0
v 4 1
v 5 0
v 6 0
v 7 0
e 0 1 0
e 1 2 0
e 2 3 0
e 3 4 0
e 3 7 0
e 4 5 0
e 4 7 0
e 5 6 0
# 2
t 189
v 0 0
v 1 0
v 2 0
v 3 0
v 4 1
v 5 0
v 6 0
v 7 0
e 0 1 0
e 1 2 0
e 2 3 0
e 3 4 0
e 4 5 0
e 4 7 0
e 5 6 0
e 6 7 0
# 2
t 190
v 0 0
v 1 0
v 2 0
v 3 0
v 4 1
v 5 0
v 6 0
v 7 0
v 8 0
e 0 1 0
e 1 2 0
e 2 3 0
e 3 4 0
e 3 8 0
e 4 5 0
e 4 7 0
e 5 6 0
# 2
t 191
v 0 0
v 1 0
v 2 0
v 3 0
v 4 1
v 5 0
v 6 0
v 7 0
v 8 0
e 0 1 0
e 1 2 0
e 2 3 0
e 3 4 0
e 3 8 0
e 4 5 0
e 4 7 0
e 5 6 0
e 6 7 0
# 2
t 192
v 0 0
v 1 0
v 2 0
v 3 0
v 4 1
v 5 0
v 6 0
v 7 0
v 8 0
e 0 1 0
e 1 2 0
e 2 3 0
e 3 4 0
e 4 5 0
e 4 7 0
e 4 8 0
e 5 6 0
# 2
t 193
v 0 0
v 1 0
v 2 0
v 3 0
v 4 1
v 5 0
v 6 0
v 7 0
v 8 0
e 0 1 0
e 1 2 0
e 2 3 0
e 3 4 0
e 3 7 0
e 4 5 0
e 4 7 0
e 4 8 0
e 5 6 0
# 2
t 194
v 0 0
v 1 0
v 2 0
v 3 0
v 4 1
v 5 0
v 6 0
v 7 0
v 8 0
e 0 1 0
e 1 2 0
e 2 3 0
e 3 4 0
e 3 7 0
e 4 5 0
e 4 7 0
e 4 8 0
e 5 6 0
e 6 8 0
# 2
t 195
v 0 0
v 1 0
v 2 0
v 3 0
v 4 1
v 5 0
v 6 0
v 7 0
v 8 0
e 0 1 0
e 1 2 0
e 2 3 0
e 3 4 0
e 4 5 0
e 4 7 0
e 4 8 0
e 5 6 0
e 6 7 0
# 2
t 196
v 0 0
v 1 0
v 2 0
v 3 0
v 4 1
v 5 0
v 6 0
v 7 0
v 8 0
v 9 0
e 0 1 0
e 1 2 0
e 2 3 0
e 3 4 0
e 3 9 0
e 4 5 0
e 4 7 0
e 4 8 0
e 5 6 0
# 2
t 197
v 0 0
v 1 0
v 2 0
v 3 0
v 4 1
v 5 0
v 6 0
v 7 0
v 8 0
v 9 0
e 0 1 0
e 1 2 0
e 2 3 0
e 3 4 0
e 4 5 0
e 4 7 0
e 4 8 0
e 4 9 0
e 5 6 0
# 2
t 198
v 0 0
v 1 0
v 2 0
v 3 0
v 4 1
v 5 0
v 6 0
v 7 0
v 8 0
e 0 1 0
e 1 2 0
e 2 3 0
e 3 4 0
e 4 5 0
e 4 7 0
e 5 6 0
e 7 8 0
# 2
t 199
v 0 0
v 1 0
v 2 0
v 3 0
v 4 1
v 5 0
v 6 0
v 7 0
v 8 0
e 0 1 0
e 0 6 0
e 1 2 0
e 2 3 0
e 3 4 0
e 4 5 0
e 4 7 0
e 5 6 0
e 7 8 0
# 2
t 200
v 0 0
v 1 0
v 2 0
v 3 0
v 4 1
v 5 0
v 6 0
v 7 0
v 8 0
e 0 1 0
e 1 2 0
e 2 3 0
e 3 4 0
e 4 5 0
e 4 7 0
e 4 6 0
e 5 6 0
e 7 8 0
# 2
t 201
v 0 0
v 1 0
v 2 0
v 3 0
v 4 1
v 5 0
v 6 0
v 7 0
v 8 0
v 9 0
e 0 1 0
e 1 2 0
e 2 3 0
e 3 4 0
e 3 9 0
e 4 5 0
e 4 7 0
e 5 6 0
e 7 8 0
# 2
t 202
v 0 0
v 1 0
v 2 0
v 3 0
v 4 1
v 5 0
v 6 0
v 7 0
v 8 0
v 9 0
e 0 1 0
e 1 2 0
e 2 3 0
e 3 4 0
e 4 5 0
e 4 7 0
e 4 9 0
e 5 6 0
e 7 8 0
# 2
t 203
v 0 0
v 1 0
v 2 0
v 3 0
v 4 1
v 5 0
v 6 0
v 7 0
e 0 1 0
e 1 2 0
e 2 3 0
e 3 4 0
e 4 5 0
e 5 6 0
e 5 7 0
# 2
t 204
v 0 0
v 1 0
v 2 0
v 3 0
v 4 1
v 5 0
v 6 0
v 7 0
e 0 1 0
e 1 2 0
e 2 3 0
e 3 4 0
e 4 5 0
e 4 6 0
e 5 6 0
e 5 7 0
# 2
t 205
v 0 0
v 1 0
v 2 0
v 3 0
v 4 1
v 5 0
v 6 0
v 7 0
e 0 1 0
e 1 2 0
e 2 3 0
e 3 4 0
e 4 5 0
e 4 6 0
e 5 6 0
e 5 7 0
e 6 7 0
# 2
t 206
v 0 0
v 1 0
v 2 0
v 3 0
v 4 1
v 5 0
v 6 0
v 7 0
e 0 1 0
e 1 2 0
e 2 3 0
e 3 4 0
e 4 5 0
e 5 6 0
e 5 7 0
e 6 7 0
# 2
t 207
v 0 0
v 1 0
v 2 0
v 3 0
v 4 1
v 5 0
v 6 0
v 7 0
v 8 0
e 0 1 0
e 1 2 0
e 2 3 0
e 3 4 0
e 3 8 0
e 4 5 0
e 5 6 0
e 5 7 0
# 2
t 208
v 0 0
v 1 0
v 2 0
v 3 0
v 4 1
v 5 0
v 6 0
v 7 0
v 8 0
e 0 1 0
e 1 2 0
e 2 3 0
e 3 4 0
e 3 8 0
e 4 5 0
e 4 6 0
e 5 6 0
e 5 7 0
# 2
t 209
v 0 0
v 1 0
v 2 0
v 3 0
v 4 1
v 5 0
v 6 0
v 7 0
v 8 0
e 0 1 0
e 1 2 0
e 2 3 0
e 3 4 0
e 3 8 0
e 4 5 0
e 4 6 0
e 5 6 0
e 5 7 0
e 6 7 0
# 2
t 210
v 0 0
v 1 0
v 2 0
v 3 0
v 4 1
v 5 0
v 6 0
v 7 0
v 8 0
e 0 1 0
e 1 2 0
e 2 3 0
e 3 4 0
e 3 8 0
e 4 5 0
e 5 6 0
e 5 7 0
e 6 7 0
# 2
t 211
v 0 0
v 1 0
v 2 0
v 3 0
v 4 1
v 5 0
v 6 0
v 7 0
v 8 0
e 0 1 0
e 1 2 0
e 2 3 0
e 3 4 0
e 4 5 0
e 4 8 0
e 5 6 0
e 5 7 0
# 2
t 212
v 0 0
v 1 0
v 2 0
v 3 0
v 4 1
v 5 0
v 6 0
v 7 0
v 8 0
e 0 1 0
e 1 2 0
e 2 3 0
e 3 4 0
e 4 5 0
e 4 8 0
e 4 6 0
e 5 6 0
e 5 7 0
# 2
t 213
v 0 0
v 1 0
v 2 0
v 3 0
v 4 1
v 5 0
v 6 0
v 7 0
v 8 0
e 0 1 0
e 1 2 0
e 2 3 0
e 3 4 0
e 3 8 0
e 4 5 0
e 4 8 0
e 4 6 0
e 5 6 0
e 5 7 0
# 2
t 214
v 0 0
v 1 0
v 2 0
v 3 0
v 4 1
v 5 0
v 6 0
v 7 0
v 8 0
e 0 1 0
e 1 2 0
e 2 3 0
e 3 4 0
e 4 5 0
e 4 8 0
e 4 6 0
e 5 6 0
e 5 7 0
e 6 7 0
# 2
t 215
v 0 0
v 1 0
v 2 0
v 3 0
v 4 1
v 5 0
v 6 0
v 7 0
v 8 0
e 0 1 0
e 1 2 0
e 2 3 0
e 3 4 0
e 3 8 0
e 4 5 0
e 4 8 0
e 4 6 0
e 5 6 0
e 5 7 0
e 6 7 0
# 2
t 216
v 0 0
v 1 0
v 2 0
v 3 0
v 4 1
v 5 0
v 6 0
v 7 0
v 8 0
e 0 1 0
e 1 2 0
e 2 3 0
e 3 4 0
e 4 5 0
e 4 8 0
e 5 6 0
e 5 7 0
e 6 7 0
# 2
t 217
v 0 0
v 1 0
v 2 0
v 3 0
v 4 1
v 5 0
v 6 0
v 7 0
v 8 0
e 0 1 0
e 1 2 0
e 2 3 0
e 3 4 0
e 3 8 0
e 4 5 0
e 4 8 0
e 5 6 0
e 5 7 0
e 6 7 0
# 2
t 218
v 0 0
v 1 0
v 2 0
v 3 0
v 4 1
v 5 0
v 6 0
v 7 0
v 8 0
e 0 1 0
e 1 2 0
e 2 3 0
e 3 4 0
e 3 8 0
e 4 5 0
e 4 8 0
e 5 6 0
e 5 7 0
# 2
t 219
v 0 0
v 1 0
v 2 0
v 3 0
v 4 1
v 5 0
v 6 0
v 7 0
v 8 0
v 9 0
e 0 1 0
e 1 2 0
e 2 3 0
e 3 4 0
e 3 9 0
e 4 5 0
e 4 8 0
e 5 6 0
e 5 7 0
# 2
t 220
v 0 0
v 1 0
v 2 0
v 3 0
v 4 1
v 5 0
v 6 0
v 7 0
v 8 0
v 9 0
e 0 1 0
e 1 2 0
e 2 3 0
e 3 4 0
e 4 5 0
e 4 8 0
e 4 9 0
e 5 6 0
e 5 7 0
# 2
t 221
v 0 0
v 1 0
v 2 0
v 3 0
v 4 1
v 5 0
v 6 0
v 7 0
v 8 0
v 9 0
e 0 1 0
e 1 2 0
e 2 3 0
e 3 4 0
e 4 5 0
e 4 8 0
e 5 6 0
e 5 7 0
e 8 9 0
# 2
t 222
v 0 0
v 1 0
v 2 0
v 3 0
v 4 1
v 5 0
v 6 0
v 7 0
e 0 1 0
e 1 2 0
e 2 3 0
e 3 4 0
e 4 5 0
e 5 6 0
e 6 7 0
# 2
t 223
v 0 0
v 1 0
v 2 0
v 3 0
v 4 1
v 5 0
v 6 0
v 7 0
v 8 0
e 0 1 0
e 1 2 0
e 2 3 0
e 2 8 0
e 3 4 0
e 4 5 0
e 5 6 0
e 6 7 0
# 2
t 224
v 0 0
v 1 0
v 2 0
v 3 0
v 4 1
v 5 0
v 6 0
v 7 0
v 8 0
e 0 1 0
e 1 2 0
e 2 3 0
e 2 8 0
e 3 4 0
e 3 8 0
e 4 5 0
e 5 6 0
e 6 7 0
# 2
t 225
v 0 0
v 1 0
v 2 0
v 3 0
v 4 1
v 5 0
v 6 0
v 7 0
v 8 0
v 9 0
e 0 1 0
e 1 2 0
e 2 3 0
e 2 8 0
e 3 4 0
e 4 5 0
e 4 9 0
e 5 6 0
e 6 7 0
# 2
t 226
v 0 0
v 1 0
v 2 0
v 3 0
v 4 1
v 5 0
v 6 0
v 7 0
v 8 0
v 9 0
e 0 1 0
e 1 2 0
e 2 3 0
e 2 8 0
e 3 4 0
e 4 5 0
e 5 6 0
e 5 9 0
e 6 7 0
# 2
t 227
v 0 0
v 1 0
v 2 0
v 3 0
v 4 1
v 5 0
v 6 0
v 7 0
v 8 0
e 0 1 0
e 1 2 0
e 2 3 0
e 3 4 0
e 3 8 0
e 4 5 0
e 5 6 0
e 6 7 0
# 2
t 228
v 0 0
v 1 0
v 2 0
v 3 0
v 4 1
v 5 0
v 6 0
v 7 0
v 8 0
e 0 1 0
e 1 2 0
e 2 3 0
e 3 4 0
e 3 8 0
e 4 5 0
e 4 8 0
e 5 6 0
e 6 7 0
# 2
t 229
v 0 0
v 1 0
v 2 0
v 3 0
v 4 1
v 5 0
v 6 0
v 7 0
v 8 0
v 9 0
e 0 1 0
e 1 2 0
e 2 3 0
e 3 4 0
e 3 8 0
e 4 5 0
e 4 9 0
e 5 6 0
e 6 7 0
# 2
t 230
v 0 0
v 1 0
v 2 0
v 3 0
v 4 1
v 5 0
v 6 0
v 7 0
v 8 0
v 9 0
e 0 1 0
e 1 2 0
e 2 3 0
e 3 4 0
e 3 8 0
e 4 5 0
e 5 6 0
e 5 9 0
e 6 7 0
# 2
t 231
v 0 0
v 1 0
v 2 0
v 3 0
v 4 1
v 5 0
v 6 0
v 7 0
v 8 0
e 0 1 0
e 1 2 0
e 2 3 0
e 3 4 0
e 4 5 0
e 4 8 0
e 5 6 0
e 6 7 0
# 2
t 232
v 0 0
v 1 0
v 2 0
v 3 0
v 4 1
v 5 0
v 6 0
v 7 0
v 8 0
v 9 0
e 0 1 0
e 1 2 0
e 2 3 0
e 3 4 0
e 4 5 0
e 4 8 0
e 4 9 0
e 5 6 0
e 6 7 0
# 2
t 233
v 0 0
v 1 0
v 2 0
v 3 0
v 4 1
v 5 0
v 6 0
v 7 0
v 8 0
v 9 0
e 0 1 0
e 1 2 0
e 2 3 0
e 3 4 0
e 4 5 0
e 4 8 0
e 5 6 0
e 6 7 0
e 8 9 0
# 2
t 234
v 0 0
v 1 0
v 2 0
v 3 0
v 4 1
v 5 0
v 6 0
v 7 0
v 8 0
e 0 1 0
e 1 2 0
e 2 3 0
e 3 4 0
e 4 5 0
e 5 6 0
e 5 8 0
e 6 7 0
# 2
t 235
v 0 0
v 1 0
v 2 0
v 3 0
v 4 1
v 5 0
v 6 0
v 7 0
v 8 0
e 0 1 0
e 1 2 0
e 2 3 0
e 3 4 0
e 4 5 0
e 4 8 0
e 5 6 0
e 5 8 0
e 6 7 0
# 2
t 236
v 0 0
v 1 0
v 2 0
v 3 0
v 4 1
v 5 0
v 6 0
v 7 0
v 8 0
v 9 0
e 0 1 0
e 1 2 0
e 2 3 0
e 3 4 0
e 4 5 0
e 4 9 0
e 5 6 0
e 5 8 0
e 6 7 0
# 2
t 237
v 0 0
v 1 0
v 2 0
v 3 0
v 4 1
v 5 0
v 6 0
v 7 0
v 8 0
e 0 1 0
e 1 2 0
e 2 3 0
e 3 4 0
e 4 5 0
e 5 6 0
e 6 7 0
e 6 8 0
# 2
t 238
v 0 0
v 1 0
v 2 0
v 3 0
v 4 1
v 5 0
v 6 0
v 7 0
v 8 0
e 0 1 0
e 1 2 0
e 2 3 0
e 3 4 0
e 4 5 0
e 5 6 0
e 5 7 0
e 6 7 0
e 6 8 0
# 2
t 239
v 0 0
v 1 0
v 2 0
v 3 0
v 4 1
v 5 0
v 6 0
v 7 0
v 8 0
v 9 0
e 0 1 0
e 1 2 0
e 2 3 0
e 3 4 0
e 4 5 0
e 4 9 0
e 5 6 0
e 6 7 0
e 6 8 0
# 2
t 240
v 0 0
v 1 0
v 2 0
v 3 0
v 4 1
v 5 0
v 6 0
v 7 0
v 8 0
e 0 1 0
e 1 2 0
e 2 3 0
e 3 4 0
e 4 5 0
e 5 6 0
e 6 7 0
e 7 8 0
# 2
t 241
v 0 0
v 1 0
v 2 0
v 3 0
v 4 1
v 5 0
v 6 0
v 7 0
v 8 0
v 9 0
e 0 1 0
e 1 2 0
e 2 3 0
e 2 9 0
e 3 4 0
e 4 5 0
e 5 6 0
e 6 7 0
e 7 8 0
# 2
t 242
v 0 0
v 1 0
v 2 0
v 3 0
v 4 1
v 5 0
v 6 0
v 7 0
v 8 0
v 9 0
e 0 1 0
e 1 2 0
e 2 3 0
e 3 4 0
e 3 9 0
e 4 5 0
e 5 6 0
e 6 7 0
e 7 8 0
# 2
t 243
v 0 0
v 1 0
v 2 0
v 3 0
v 4 1
v 5 0
v 6 0
v 7 0
v 8 0
v 9 0
e 0 1 0
e 1 2 0
e 2 3 0
e 3 4 0
e 4 5 0
e 4 9 0
e 5 6 0
e 6 7 0
e 7 8 0
# 3
t 244
v 0 0
v 1 0
v 2 0
v 3 1
e 0 1 0
e 1 2 0
e 2 3 0
# 3
t 245
v 0 0
v 1 0
v 2 0
v 3 1
e 0 1 0
e 0 3 0
e 1 2 0
e 2 3 0
# 2
t 246
v 0 0
v 1 0
v 2 0
v 3 1
v 4 0
e 0 1 0
e 1 2 0
e 1 4 0
e 2 3 0
# 3
t 247
v 0 0
v 1 0
v 2 0
v 3 1
v 4 0
e 0 1 0
e 1 2 0
e 2 3 0
e 3 4 0
# 2
t 248
v 0 0
v 1 0
v 2 0
v 3 1
v 4 0
v 5 0
e 0 1 0
e 1 2 0
e 1 5 0
e 2 3 0
e 3 4 0
# 2
t 249
v 0 0
v 1 0
v 2 0
v 3 1
v 4 0
v 5 0
e 0 1 0
e 0 2 0
e 1 2 0
e 1 5 0
e 2 3 0
e 3 4 0
# 2
t 250
v 0 0
v 1 0
v 2 0
v 3 1
v 4 0
v 5 0
v 6 0
e 0 1 0
e 1 2 0
e 1 5 0
e 2 3 0
e 3 4 0
e 3 6 0
# 2
t 251
v 0 0
v 1 0
v 2 0
v 3 1
v 4 0
v 5 0
v 6 0
e 0 1 0
e 0 2 0
e 1 2 0
e 1 5 0
e 2 3 0
e 3 4 0
e 3 6 0
# 2
t 252
v 0 0
v 1 0
v 2 0
v 3 1
v 4 0
v 5 0
v 6 0
e 0 1 0
e 0 2 0
e 1 2 0
e 1 5 0
e 2 3 0
e 3 4 0
e 3 6 0
e 4 6 0
# 2
t 253
v 0 0
v 1 0
v 2 0
v 3 1
v 4 0
v 5 0
v 6 0
e 0 1 0
e 1 2 0
e 1 5 0
e 2 3 0
e 3 4 0
e 3 6 0
e 4 6 0
# 2
t 254
v 0 0
v 1 0
v 2 0
v 3 1
v 4 0
v 5 0
v 6 0
v 7 0
e 0 1 0
e 1 2 0
e 1 5 0
e 2 3 0
e 3 4 0
e 3 6 0
e 3 7 0
# 2
t 255
v 0 0
v 1 0
v 2 0
v 3 1
v 4 0
v 5 0
v 6 0
v 7 0
e 0 1 0
e 0 2 0
e 1 2 0
e 1 5 0
e 2 3 0
e 3 4 0
e 3 6 0
e 3 7 0
# 2
t 256
v 0 0
v 1 0
v 2 0
v 3 1
v 4 0
v 5 0
v 6 0
v 7 0
e 0 1 0
e 0 2 0
e 1 2 0
e 1 5 0
e 2 3 0
e 3 4 0
e 3 6 0
e 3 7 0
e 4 6 0
# 2
t 257
v 0 0
v 1 0
v 2 0
v 3 1
v 4 0
v 5 0
v 6 0
v 7 0
e 0 1 0
e 1 2 0
e 1 5 0
e 2 3 0
e 3 4 0
e 3 6 0
e 3 7 0
e 4 6 0
# 2
t 258
v 0 0
v 1 0
v 2 0
v 3 1
v 4 0
v 5 0
v 6 0
v 7 0
v 8 0
e 0 1 0
e 1 2 0
e 1 5 0
e 2 3 0
e 3 4 0
e 3 6 0
e 3 7 0
e 3 8 0
# 2
t 259
v 0 0
v 1 0
v 2 0
v 3 1
v 4 0
v 5 0
v 6 0
v 7 0
v 8 0
e 0 1 0
e 0 2 0
e 1 2 0
e 1 5 0
e 2 3 0
e 3 4 0
e 3 6 0
e 3 7 0
e 3 8 0
# 2
t 260
v 0 0
v 1 0
v 2 0
v 3 1
v 4 0
v 5 0
v 6 0
v 7 0
v 8 0
e 0 1 0
e 0 2 0
e 1 2 0
e 1 5 0
e 2 3 0
e 3 4 0
e 3 6 0
e 3 7 0
e 3 8 0
e 4 6 0
# 2
t 261
v 0 0
v 1 0
v 2 0
v 3 1
v 4 0
v 5 0
v 6 0
v 7 0
v 8 0
e 0 1 0
e 0 2 0
e 1 2 0
e 1 5 0
e 2 3 0
e 3 4 0
e 3 6 0
e 3 7 0
e 3 8 0
e 4 6 0
e 7 8 0
# 2
t 262
v 0 0
v 1 0
v 2 0
v 3 1
v 4 0
v 5 0
v 6 0
v 7 0
v 8 0
e 0 1 0
e 1 2 0
e 1 5 0
e 2 3 0
e 3 4 0
e 3 6 0
e 3 7 0
e 3 8 0
e 4 6 0
# 2
t 263
v 0 0
v 1 0
v 2 0
v 3 1
v 4 0
v 5 0
v 6 0
v 7 0
v 8 0
e 0 1 0
e 1 2 0
e 1 5 0
e 2 3 0
e 3 4 0
e 3 6 0
e 3 7 0
e 3 8 0
e 4 6 0
e 7 8 0
# 2
t 264
v 0 0
v 1 0
v 2 0
v 3 1
v 4 0
v 5 0
v 6 0
v 7 0
v 8 0
v 9 0
e 0 1 0
e 1 2 0
e 1 5 0
e 2 3 0
e 3 4 0
e 3 6 0
e 3 7 0
e 3 8 0
e 3 9 0
# 2
t 265
v 0 0
v 1 0
v 2 0
v 3 1
v 4 0
v 5 0
e 0 1 0
e 1 2 0
e 2 3 0
e 2 5 0
e 3 4 0
# 3
t 266
v 0 0
v 1 0
v 2 0
v 3 1
v 4 0
v 5 0
e 0 1 0
e 1 2 0
e 2 3 0
e 3 4 0
e 3 5 0
# 2
t 267
v 0 0
v 1 0
v 2 0
v 3 1
v 4 0
v 5 0
e 0 1 0
e 1 2 0
e 2 3 0
e 2 4 0
e 3 4 0
e 3 5 0
# 3
t 268
v 0 0
v 1 0
v 2 0
v 3 1
v 4 0
v 5 0
e 0 1 0
e 1 2 0
e 2 3 0
e 3 4 0
e 3 5 0
e 4 5 0
# 2
t 269
v 0 0
v 1 0
v 2 0
v 3 1
v 4 0
v 5 0
v 6 0
e 0 1 0
e 1 2 0
e 2 3 0
e 2 6 0
e 3 4 0
e 3 5 0
# 2
t 270
v 0 0
v 1 0
v 2 0
v 3 1
v 4 0
v 5 0
v 6 0
e 0 1 0
e 1 2 0
e 2 3 0
e 2 6 0
e 3 4 0
e 3 5 0
e 4 5 0
# 3
t 271
v 0 0
v 1 0
v 2 0
v 3 1
v 4 0
v 5 0
v 6 0
e 0 1 0
e 1 2 0
e 2 3 0
e 3 4 0
e 3 5 0
e 3 6 0
# 2
t 272
v 0 0
v 1 0
v 2 0
v 3 1
v 4 0
v 5 0
v 6 0
e 0 1 0
e 1 2 0
e 2 3 0
e 2 4 0
e 3 4 0
e 3 5 0
e 3 6 0
# 2
t 273
v 0 0
v 1 0
v 2 0
v 3 1
v 4 0
v 5 0
v 6 0
e 0 1 0
e 1 2 0
e 2 3 0
e 2 4 0
e 3 4 0
e 3 5 0
e 3 6 0
e 5 6 0
# 3
t 274
v 0 0
v 1 0
v 2 0
v 3 1
v 4 0
v 5 0
v 6 0
e 0 1 0
e 1 2 0
e 2 3 0
e 3 4 0
e 3 5 0
e 3 6 0
e 4 5 0
# 2
t 275
v 0 0
v 1 0
v 2 0
v 3 1
v 4 0
v 5 0
v 6 0
v 7 0
e 0 1 0
e 1 2 0
e 2 3 0
e 2 7 0
e 3 4 0
e 3 5 0
e 3 6 0
# 2
t 276
v 0 0
v 1 0
v 2 0
v 3 1
v 4 0
v 5 0
v 6 0
v 7 0
e 0 1 0
e 1 2 0
e 2 3 0
e 2 7 0
e 3 4 0
e 3 5 0
e 3 6 0
e 4 5 0
# 3
t 277
v 0 0
v 1 0
v 2 0
v 3 1
v 4 0
v 5 0
v 6 0
v 7 0
e 0 1 0
e 1 2 0
e 2 3 0
e 3 4 0
e 3 5 0
e 3 6 0
e 3 7 0
# 2
t 278
v 0 0
v 1 0
v 2 0
v 3 1
v 4 0
v 5 0
v 6 0
v 7 0
e 0 1 0
e 1 2 0
e 2 3 0
e 2 4 0
e 3 4 0
e 3 5 0
e 3 6 0
e 3 7 0
# 2
t 279
v 0 0
v 1 0
v 2 0
v 3 1
v 4 0
v 5 0
v 6 0
v 7 0
e 0 1 0
e 1 2 0
e 2 3 0
e 2 4 0
e 3 4 0
e 3 5 0
e 3 6 0
e 3 7 0
e 5 6 0
# 3
t 280
v 0 0
v 1 0
v 2 0
v 3 1
v 4 0
v 5 0
v 6 0
v 7 0
e 0 1 0
e 1 2 0
e 2 3 0
e 3 4 0
e 3 5 0
e 3 6 0
e 3 7 0
e 4 5 0
# 3
t 281
v 0 0
v 1 0
v 2 0
v 3 1
v 4 0
v 5 0
v 6 0
v 7 0
e 0 1 0
e 1 2 0
e 2 3 0
e 3 4 0
e 3 5 0
e 3 6 0
e 3 7 0
e 4 5 0
e 6 7 0
# 2
t 282
v 0 0
v 1 0
v 2 0
v 3 1
v 4 0
v 5 0
v 6 0
v 7 0
v 8 0
e 0 1 0
e 1 2 0
e 2 3 0
e 2 8 0
e 3 4 0
e 3 5 0
e 3 6 0
e 3 7 0
# 2
t 283
v 0 0
v 1 0
v 2 0
v 3 1
v 4 0
v 5 0
v 6 0
v 7 0
v 8 0
e 0 1 0
e 1 2 0
e 2 3 0
e 2 8 0
e 3 4 0
e 3 5 0
e 3 6 0
e 3 7 0
e 4 5 0
# 2
t 284
v 0 0
v 1 0
v 2 0
v 3 1
v 4 0
v 5 0
v 6 0
v 7 0
v 8 0
e 0 1 0
e 1 2 0
e 2 3 0
e 2 8 0
e 3 4 0
e 3 5 0
e 3 6 0
e 3 7 0
e 4 5 0
e 6 7 0
# 3
t 285
v 0 0
v 1 0
v 2 0
v 3 1
v 4 0
v 5 0
v 6 0
v 7 0
v 8 0
e 0 1 0
e 1 2 0
e 2 3 0
e 3 4 0
e 3 5 0
e 3 6 0
e 3 7 0
e 3 8 0
# 2
t 286
v 0 0
v 1 0
v 2 0
v 3 1
v 4 0
v 5 0
v 6 0
v 7 0
v 8 0
e 0 1 0
e 1 2 0
e 2 3 0
e 2 4 0
e 3 4 0
e 3 5 0
e 3 6 0
e 3 7 0
e 3 8 0
# 2
t 287
v 0 0
v 1 0
v 2 0
v 3 1
v 4 0
v 5 0
v 6 0
v 7 0
v 8 0
e 0 1 0
e 1 2 0
e 2 3 0
e 2 4 0
e 3 4 0
e 3 5 0
e 3 6 0
e 3 7 0
e 3 8 0
e 5 6 0
# 2
t 288
v 0 0
v 1 0
v 2 0
v 3 1
v 4 0
v 5 0
v 6 0
v 7 0
v 8 0
e 0 1 0
e 1 2 0
e 2 3 0
e 2 4 0
e 3 4 0
e 3 5 0
e 3 6 0
e 3 7 0
e 3 8 0
e 5 6 0
e 7 8 0
# 3
t 289
v 0 0
v 1 0
v 2 0
v 3 1
v 4 0
v 5 0
v 6 0
v 7 0
v 8 0
e 0 1 0
e 1 2 0
e 2 3 0
e 3 4 0
e 3 5 0
e 3 6 0
e 3 7 0
e 3 8 0
e 4 5 0
# 3
t 290
v 0 0
v 1 0
v 2 0
v 3 1
v 4 0
v 5 0
v 6 0
v 7 0
v 8 0
e 0 1 0
e 1 2 0
e 2 3 0
e 3 4 0
e 3 5 0
e 3 6 0
e 3 7 0
e 3 8 0
e 4 5 0
e 6 7 0
# 2
t 291
v 0 0
v 1 0
v 2 0
v 3 1
v 4 0
v 5 0
v 6 0
v 7 0
v 8 0
v 9 0
e 0 1 0
e 1 2 0
e 2 3 0
e 2 9 0
e 3 4 0
e 3 5 0
e 3 6 0
e 3 7 0
e 3 8 0
# 3
t 292
v 0 0
v 1 0
v 2 0
v 3 1
v 4 0
v 5 0
v 6 0
v 7 0
v 8 0
v 9 0
e 0 1 0
e 1 2 0
e 2 3 0
e 3 4 0
e 3 5 0
e 3 6 0
e 3 7 0
e 3 8 0
e 3 9 0
# 3
t 293
v 0 0
v 1 0
v 2 0
v 3 1
v 4 0
v 5 0
e 0 1 0
e 1 2 0
e 2 3 0
e 3 4 0
e 4 5 0
# 2
t 294
v 0 0
v 1 0
v 2 0
v 3 1
v 4 0
v 5 0
v 6 0
e 0 1 0
e 1 2 0
e 1 6 0
e 2 3 0
e 3 4 0
e 4 5 0
# 2
t 295
v 0 0
v 1 0
v 2 0
v 3 1
v 4 0
v 5 0
v 6 0
e 0 1 0
e 0 2 0
e 1 2 0
e 1 6 0
e 2 3 0
e 3 4 0
e 4 5 0
# 2
t 296
v 0 0
v 1 0
v 2 0
v 3 1
v 4 0
v 5 0
v 6 0
v 7 0
e 0 1 0
e 1 2 0
e 1 6 0
e 2 3 0
e 3 4 0
e 3 7 0
e 4 5 0
# 2
t 297
v 0 0
v 1 0
v 2 0
v 3 1
v 4 0
v 5 0
v 6 0
v 7 0
e 0 1 0
e 0 2 0
e 1 2 0
e 1 6 0
e 2 3 0
e 3 4 0
e 3 7 0
e 4 5 0
# 2
t 298
v 0 0
v 1 0
v 2 0
v 3 1
v 4 0
v 5 0
v 6 0
v 7 0
e 0 1 0
e 0 2 0
e 1 2 0
e 1 6 0
e 2 3 0
e 3 4 0
e 3 7 0
e 4 5 0
e 5 7 0
# 2
t 299
v 0 0
v 1 0
v 2 0
v 3 1
v 4 0
v 5 0
v 6 0
v 7 0
e 0 1 0
e 1 2 0
e 1 6 0
e 2 3 0
e 3 4 0
e 3 7 0
e 4 5 0
e 5 7 0
# 2
t 300
v 0 0
v 1 0
v 2 0
v 3 1
v 4 0
v 5 0
v 6 0
v 7 0
v 8 0
e 0 1 0
e 1 2 0
e 1 6 0
e 2 3 0
e 3 4 0
e 3 7 0
e 3 8 0
e 4 5 0
# 2
t 301
v 0 0
v 1 0
v 2 0
v 3 1
v 4 0
v 5 0
v 6 0
v 7 0
v 8 0
e 0 1 0
e 0 2 0
e 1 2 0
e 1 6 0
e 2 3 0
e 3 4 0
e 3 7 0
e 3 8 0
e 4 5 0
# 2
t 302
v 0 0
v 1 0
v 2 0
v 3 1
v 4 0
v 5 0
v 6 0
v 7 0
v 8 0
e 0 1 0
e 0 2 0
e 1 2 0
e 1 6 0
e 2 3 0
e 3 4 0
e 3 7 0
e 3 8 0
e 4 5 0
e 5 7 0
# 2
t 303
v 0 0
v 1 0
v 2 0
v 3 1
v 4 0
v 5 0
v 6 0
v 7 0
v 8 0
e 0 1 0
e 1 2 0
e 1 6 0
e 2 3 0
e 3 4 0
e 3 7 0
e 3 8 0
e 4 5 0
e 5 7 0
# 2
t 304
v 0 0
v 1 0
v 2 0
v 3 1
v 4 0
v 5 0
v 6 0
v 7 0
v 8 0
v 9 0
e 0 1 0
e 1 2 0
e 1 6 0
e 2 3 0
e 3 4 0
e 3 7 0
e 3 8 0
e 3 9 0
e 4 5 0
# 2
t 305
v 0 0
v 1 0
v 2 0
v 3 1
v 4 0
v 5 0
v 6 0
v 7 0
v 8 0
e 0 1 0
e 1 2 0
e 1 6 0
e 2 3 0
e 3 4 0
e 3 7 0
e 4 5 0
e 7 8 0
# 2
t 306
v 0 0
v 1 0
v 2 0
v 3 1
v 4 0
v 5 0
v 6 0
v 7 0
v 8 0
e 0 1 0
e 0 2 0
e 1 2 0
e 1 6 0
e 2 3 0
e 3 4 0
e 3 7 0
e 4 5 0
e 7 8 0
# 2
t 307
v 0 0
v 1 0
v 2 0
v 3 1
v 4 0
v 5 0
v 6 0
v 7 0
v 8 0
e 0 1 0
e 0 2 0
e 1 2 0
e 1 6 0
e 2 3 0
e 3 4 0
e 3 7 0
e 4 5 0
e 5 6 0
e 7 8 0
# 2
t 308
v 0 0
v 1 0
v 2 0
v 3 1
v 4 0
v 5 0
v 6 0
v 7 0
v 8 0
e 0 1 0
e 0 2 0
e 1 2 0
e 1 6 0
e 2 3 0
e 3 4 0
e 3 7 0
e 3 5 0
e 4 5 0
e 7 8 0
# 2
t 309
v 0 0
v 1 0
v 2 0
v 3 1
v 4 0
v 5 0
v 6 0
v 7 0
v 8 0
e 0 1 0
e 0 5 0
e 1 2 0
e 1 6 0
e 2 3 0
e 3 4 0
e 3 7 0
e 4 5 0
e 7 8 0
# 2
t 310
v 0 0
v 1 0
v 2 0
v 3 1
v 4 0
v 5 0
v 6 0
v 7 0
v 8 0
e 0 1 0
e 1 2 0
e 1 6 0
e 2 3 0
e 3 4 0
e 3 7 0
e 3 5 0
e 4 5 0
e 7 8 0
# 2
t 311
v 0 0
v 1 0
v 2 0
v 3 1
v 4 0
v 5 0
v 6 0
v 7 0
v 8 0
v 9 0
e 0 1 0
e 1 2 0
e 1 6 0
e 2 3 0
e 3 4 0
e 3 7 0
e 3 9 0
e 4 5 0
e 7 8 0
# 2
t 312
v 0 0
v 1 0
v 2 0
v 3 1
v 4 0
v 5 0
v 6 0
v 7 0
e 0 1 0
e 1 2 0
e 1 6 0
e 2 3 0
e 3 4 0
e 4 5 0
e 4 7 0
# 2
t 313
v 0 0
v 1 0
v 2 0
v 3 1
v 4 0
v 5 0
v 6 0
v 7 0
e 0 1 0
e 0 2 0
e 1 2 0
e 1 6 0
e 2 3 0
e 3 4 0
e 4 5 0
e 4 7 0
# 2
t 314
v 0 0
v 1 0
v 2 0
v 3 1
v 4 0
v 5 0
v 6 0
v 7 0
e 0 1 0
e 0 2 0
e 1 2 0
e 1 6 0
e 2 3 0
e 3 4 0
e 3 5 0
e 4 5 0
e 4 7 0
# 2
t 315
v 0 0
v 1 0
v 2 0
v 3 1
v 4 0
v 5 0
v 6 0
v 7 0
e 0 1 0
e 1 2 0
e 1 6 0
e 2 3 0
e 3 4 0
e 3 5 0
e 4 5 0
e 4 7 0
# 2
t 316
v 0 0
v 1 0
v 2 0
v 3 1
v 4 0
v 5 0
v 6 0
v 7 0
e 0 1 0
e 1 2 0
e 1 6 0
e 2 3 0
e 3 4 0
e 3 5 0
e 4 5 0
e 4 7 0
e 5 7 0
# 2
t 317
v 0 0
v 1 0
v 2 0
v 3 1
v 4 0
v 5 0
v 6 0
v 7 0
e 0 1 0
e 1 2 0
e 1 6 0
e 2 3 0
e 3 4 0
e 4 5 0
e 4 7 0
e 5 7 0
# 2
t 318
v 0 0
v 1 0
v 2 0
v 3 1
v 4 0
v 5 0
v 6 0
v 7 0
v 8 0
e 0 1 0
e 1 2 0
e 1 6 0
e 2 3 0
e 3 4 0
e 3 8 0
e 4 5 0
e 4 7 0
# 2
t 319
v 0 0
v 1 0
v 2 0
v 3 1
v 4 0
v 5 0
v 6 0
v 7 0
v 8 0
e 0 1 0
e 0 2 0
e 1 2 0
e 1 6 0
e 2 3 0
e 3 4 0
e 3 8 0
e 4 5 0
e 4 7 0
# 2
t 320
v 0 0
v 1 0
v 2 0
v 3 1
v 4 0
v 5 0
v 6 0
v 7 0
v 8 0
e 0 1 0
e 0 2 0
e 1 2 0
e 1 6 0
e 2 3 0
e 3 4 0
e 3 8 0
e 3 5 0
e 4 5 0
e 4 7 0
# 2
t 321
v 0 0
v 1 0
v 2 0
v 3 1
v 4 0
v 5 0
v 6 0
v 7 0
v 8 0
e 0 1 0
e 0 5 0
e 1 2 0
e 1 6 0
e 2 3 0
e 3 4 0
e 3 8 0
e 4 5 0
e 4 7 0
# 2
t 322
v 0 0
v 1 0
v 2 0
v 3 1
v 4 0
v 5 0
v 6 0
v 7 0
v 8 0
e 0 1 0
e 1 2 0
e 1 6 0
e 2 3 0
e 3 4 0
e 3 8 0
e 3 5 0
e 4 5 0
e 4 7 0
# 2
t 323
v 0 0
v 1 0
v 2 0
v 3 1
v 4 0
v 5 0
v 6 0
v 7 0
v 8 0
e 0 1 0
e 1 2 0
e 1 6 0
e 2 3 0
e 3 4 0
e 3 8 0
e 3 5 0
e 4 5 0
e 4 7 0
e 5 7 0
# 2
t 324
v 0 0
v 1 0
v 2 0
v 3 1
v 4 0
v 5 0
v 6 0
v 7 0
v 8 0
e 0 1 0
e 1 2 0
e 1 6 0
e 2 3 0
e 3 4 0
e 3 8 0
e 4 5 0
e 4 7 0
e 5 7 0
# 2
t 325
v 0 0
v 1 0
v 2 0
v 3 1
v 4 0
v 5 0
v 6 0
v 7 0
v 8 0
v 9 0
e 0 1 0
e 1 2 0
e 1 6 0
e 2 3 0
e 3 4 0
e 3 8 0
e 3 9 0
e 4 5 0
e 4 7 0
# 2
t 326
v 0 0
v 1 0
v 2 0
v 3 1
v 4 0
v 5 0
v 6 0
v 7 0
v 8 0
v 9 0
e 0 1 0
e 1 2 0
e 1 6 0
e 2 3 0
e 3 4 0
e 3 8 0
e 4 5 0
e 4 7 0
e 8 9 0
# 2
t 327
v 0 0
v 1 0
v 2 0
v 3 1
v 4 0
v 5 0
v 6 0
e 0 1 0
e 1 2 0
e 2 3 0
e 2 6 0
e 3 4 0
e 4 5 0
# 2
t 328
v 0 0
v 1 0
v 2 0
v 3 1
v 4 0
v 5 0
v 6 0
e 0 1 0
e 1 2 0
e 2 3 0
e 2 6 0
e 3 4 0
e 3 6 0
e 4 5 0
# 2
t 329
v 0 0
v 1 0
v 2 0
v 3 1
v 4 0
v 5 0
v 6 0
v 7 0
e 0 1 0
e 1 2 0
e 2 3 0
e 2 6 0
e 3 4 0
e 3 7 0
e 4 5 0
# 2
t 330
v 0 0
v 1 0
v 2 0
v 3 1
v 4 0
v 5 0
v 6 0
v 7 0
e 0 1 0
e 1 2 0
e 2 3 0
e 2 6 0
e 3 4 0
e 3 7 0
e 3 6 0
e 4 5 0
# 2
t 331
v 0 0
v 1 0
v 2 0
v 3 1
v 4 0
v 5 0
v 6 0
v 7 0
e 0 1 0
e 1 2 0
e 2 3 0
e 2 6 0
e 3 4 0
e 3 7 0
e 3 6 0
e 4 5 0
e 5 7 0
# 2
t 332
v 0 0
v 1 0
v 2 0
v 3 1
v 4 0
v 5 0
v 6 0
v 7 0
e 0 1 0
e 1 2 0
e 2 3 0
e 2 6 0
e 3 4 0
e 3 7 0
e 4 5 0
e 5 7 0
# 2
t 333
v 0 0
v 1 0
v 2 0
v 3 1
v 4 0
v 5 0
v 6 0
v 7 0
v 8 0
e 0 1 0
e 1 2 0
e 2 3 0
e 2 6 0
e 3 4 0
e 3 7 0
e 3 8 0
e 4 5 0
# 2
t 334
v 0 0
v 1 0
v 2 0
v 3 1
v 4 0
v 5 0
v 6 0
v 7 0
v 8 0
e 0 1 0
e 1 2 0
e 2 3 0
e 2 6 0
e 3 4 0
e 3 7 0
e 3 8 0
e 3 6 0
e 4 5 0
# 2
t 335
v 0 0
v 1 0
v 2 0
v 3 1
v 4 0
v 5 0
v 6 0
v 7 0
v 8 0
e 0 1 0
e 1 2 0
e 2 3 0
e 2 6 0
e 3 4 0
e 3 7 0
e 3 8 0
e 3 6 0
e 4 5 0
e 5 7 0
# 2
t 336
v 0 0
v 1 0
v 2 0
v 3 1
v 4 0
v 5 0
v 6 0
v 7 0
v 8 0
e 0 1 0
e 1 2 0
e 2 3 0
e 2 6 0
e 3 4 0
e 3 7 0
e 3 8 0
e 4 5 0
e 5 7 0
# 2
t 337
v 0 0
v 1 0
v 2 0
v 3 1
v 4 0
v 5 0
v 6 0
v 7 0
v 8 0
v 9 0
e 0 1 0
e 1 2 0
e 2 3 0
e 2 6 0
e 3 4 0
e 3 7 0
e 3 8 0
e 3 9 0
e 4 5 0
# 2
t 338
v 0 0
v 1 0
v 2 0
v 3 1
v 4 0
v 5 0
v 6 0
v 7 0
v 8 0
e 0 1 0
e 1 2 0
e 2 3 0
e 2 6 0
e 3 4 0
e 3 7 0
e 4 5 0
e 7 8 0
# 2
t 339
v 0 0
v 1 0
v 2 0
v 3 1
v 4 0
v 5 0
v 6 0
v 7 0
v 8 0
e 0 1 0
e 0 5 0
e 1 2 0
e 2 3 0
e 2 6 0
e 3 4 0
e 3 7 0
e 4 5 0
e 7 8 0
# 2
t 340
v 0 0
v 1 0
v 2 0
v 3 1
v 4 0
v 5 0
v 6 0
v 7 0
v 8 0
e 0 1 0
e 0 5 0
e 1 2 0
e 2 3 0
e 2 6 0
e 3 4 0
e 3 7 0
e 3 6 0
e 4 5 0
e 7 8 0
# 2
t 341
v 0 0
v 1 0
v 2 0
v 3 1
v 4 0
v 5 0
v 6 0
v 7 0
v 8 0
e 0 1 0
e 1 2 0
e 2 3 0
e 2 6 0
e 3 4 0
e 3 7 0
e 3 5 0
e 4 5 0
e 7 8 0
# 2
t 342
v 0 0
v 1 0
v 2 0
v 3 1
v 4 0
v 5 0
v 6 0
v 7 0
v 8 0
e 0 1 0
e 1 2 0
e 2 3 0
e 2 6 0
e 3 4 0
e 3 7 0
e 3 5 0
e 3 6 0
e 4 5 0
e 7 8 0
# 2
t 343
v 0 0
v 1 0
v 2 0
v 3 1
v 4 0
v 5 0
v 6 0
v 7 0
v 8 0
e 0 1 0
e 1 2 0
e 2 3 0
e 2 6 0
e 3 4 0
e 3 7 0
e 3 6 0
e 4 5 0
e 7 8 0
# 2
t 344
v 0 0
v 1 0
v 2 0
v 3 1
v 4 0
v 5 0
v 6 0
v 7 0
v 8 0
v 9 0
e 0 1 0
e 1 2 0
e 2 3 0
e 2 6 0
e 3 4 0
e 3 7 0
e 3 9 0
e 4 5 0
e 7 8 0
# 2
t 345
v 0 0
v 1 0
v 2 0
v 3 1
v 4 0
v 5 0
v 6 0
v 7 0
e 0 1 0
e 1 2 0
e 2 3 0
e 2 6 0
e 3 4 0
e 4 5 0
e 4 7 0
# 2
t 346
v 0 0
v 1 0
v 2 0
v 3 1
v 4 0
v 5 0
v 6 0
v 7 0
e 0 1 0
e 1 2 0
e 2 3 0
e 2 6 0
e 3 4 0
e 3 5 0
e 4 5 0
e 4 7 0
# 2
t 347
v 0 0
v 1 0
v 2 0
v 3 1
v 4 0
v 5 0
v 6 0
v 7 0
e 0 1 0
e 1 2 0
e 2 3 0
e 2 6 0
e 3 4 0
e 3 5 0
e 4 5 0
e 4 7 0
e 5 7 0
# 2
t 348
v 0 0
v 1 0
v 2 0
v 3 1
v 4 0
v 5 0
v 6 0
v 7 0
e 0 1 0
e 1 2 0
e 2 3 0
e 2 6 0
e 3 4 0
e 3 5 0
e 3 6 0
e 4 5 0
e 4 7 0
# 2
t 349
v 0 0
v 1 0
v 2 0
v 3 1
v 4 0
v 5 0
v 6 0
v 7 0
e 0 1 0
e 1 2 0
e 2 3 0
e 2 6 0
e 3 4 0
e 3 5 0
e 3 6 0
e 4 5 0
e 4 7 0
e 5 7 0
# 2
t 350
v 0 0
v 1 0
v 2 0
v 3 1
v 4 0
v 5 0
v 6 0
v 7 0
e 0 1 0
e 1 2 0
e 2 3 0
e 2 6 0
e 3 4 0
e 3 6 0
e 4 5 0
e 4 7 0
# 2
t 351
v 0 0
v 1 0
v 2 0
v 3 1
v 4 0
v 5 0
v 6 0
v 7 0
e 0 1 0
e 1 2 0
e 2 3 0
e 2 6 0
e 3 4 0
e 3 6 0
e 4 5 0
e 4 7 0
e 5 7 0
# 2
t 352
v 0 0
v 1 0
v 2 0
v 3 1
v 4 0
v 5 0
v 6 0
v 7 0
e 0 1 0
e 1 2 0
e 2 3 0
e 2 6 0
e 3 4 0
e 4 5 0
e 4 7 0
e 5 7 0
# 2
t 353
v 0 0
v 1 0
v 2 0
v 3 1
v 4 0
v 5 0
v 6 0
v 7 0
v 8 0
e 0 1 0
e 1 2 0
e 2 3 0
e 2 6 0
e 3 4 0
e 3 8 0
e 4 5 0
e 4 7 0
# 2
t 354
v 0 0
v 1 0
v 2 0
v 3 1
v 4 0
v 5 0
v 6 0
v 7 0
v 8 0
e 0 1 0
e 1 2 0
e 2 3 0
e 2 6 0
e 3 4 0
e 3 8 0
e 3 5 0
e 4 5 0
e 4 7 0
# 2
t 355
v 0 0
v 1 0
v 2 0
v 3 1
v 4 0
v 5 0
v 6 0
v 7 0
v 8 0
e 0 1 0
e 1 2 0
e 2 3 0
e 2 6 0
e 3 4 0
e 3 8 0
e 3 5 0
e 4 5 0
e 4 7 0
e 5 7 0
# 2
t 356
v 0 0
v 1 0
v 2 0
v 3 1
v 4 0
v 5 0
v 6 0
v 7 0
v 8 0
e 0 1 0
e 1 2 0
e 2 3 0
e 2 6 0
e 3 4 0
e 3 8 0
e 3 5 0
e 3 6 0
e 4 5 0
e 4 7 0
# 2
t 357
v 0 0
v 1 0
v 2 0
v 3 1
v 4 0
v 5 0
v 6 0
v 7 0
v 8 0
e 0 1 0
e 1 2 0
e 2 3 0
e 2 6 0
e 3 4 0
e 3 8 0
e 3 5 0
e 3 6 0
e 4 5 0
e 4 7 0
e 5 7 0
# 2
t 358
v 0 0
v 1 0
v 2 0
v 3 1
v 4 0
v 5 0
v 6 0
v 7 0
v 8 0
e 0 1 0
e 1 2 0
e 2 3 0
e 2 6 0
e 3 4 0
e 3 8 0
e 3 6 0
e 4 5 0
e 4 7 0
# 2
t 359
v 0 0
v 1 0
v 2 0
v 3 1
v 4 0
v 5 0
v 6 0
v 7 0
v 8 0
e 0 1 0
e 1 2 0
e 2 3 0
e 2 6 0
e 3 4 0
e 3 8 0
e 3 6 0
e 4 5 0
e 4 7 0
e 5 7 0
# 2
t 360
v 0 0
v 1 0
v 2 0
v 3 1
v 4 0
v 5 0
v 6 0
v 7 0
v 8 0
e 0 1 0
e 1 2 0
e 2 3 0
e 2 6 0
e 3 4 0
e 3 8 0
e 4 5 0
e 4 7 0
e 5 7 0
# 2
t 361
v 0 0
v 1 0
v 2 0
v 3 1
v 4 0
v 5 0
v 6 0
v 7 0
v 8 0
v 9 0
e 0 1 0
e 1 2 0
e 2 3 0
e 2 6 0
e 3 4 0
e 3 8 0
e 3 9 0
e 4 5 0
e 4 7 0
# 2
t 362
v 0 0
v 1 0
v 2 0
v 3 1
v 4 0
v 5 0
v 6 0
v 7 0
v 8 0
v 9 0
e 0 1 0
e 1 2 0
e 2 3 0
e 2 6 0
e 3 4 0
e 3 8 0
e 4 5 0
e 4 7 0
e 8 9 0
# 3
t 363
v 0 0
v 1 0
v 2 0
v 3 1
v 4 0
v 5 0
v 6 0
e 0 1 0
e 1 2 0
e 2 3 0
e 3 4 0
e 3 6 0
e 4 5 0
# 3
t 364
v 0 0
v 1 0
v 2 0
v 3 1
v 4 0
v 5 0
v 6 0
e 0 1 0
e 1 2 0
e 2 3 0
e 3 4 0
e 3 6 0
e 4 5 0
e 5 6 0
# 3
t 365
v 0 0
v 1 0
v 2 0
v 3 1
v 4 0
v 5 0
v 6 0
v 7 0
e 0 1 0
e 1 2 0
e 2 3 0
e 3 4 0
e 3 6 0
e 3 7 0
e 4 5 0
# 3
t 366
v 0 0
v 1 0
v 2 0
v 3 1
v 4 0
v 5 0
v 6 0
v 7 0
e 0 1 0
e 1 2 0
e 2 3 0
e 3 4 0
e 3 6 0
e 3 7 0
e 4 5 0
e 5 6 0
# 3
t 367
v 0 0
v 1 0
v 2 0
v 3 1
v 4 0
v 5 0
v 6 0
v 7 0
v 8 0
e 0 1 0
e 1 2 0
e 2 3 0
e 3 4 0
e 3 6 0
e 3 7 0
e 3 8 0
e 4 5 0
# 3
t 368
v 0 0
v 1 0
v 2 0
v 3 1
v 4 0
v 5 0
v 6 0
v 7 0
v 8 0
e 0 1 0
e 1 2 0
e 2 3 0
e 3 4 0
e 3 6 0
e 3 7 0
e 3 8 0
e 4 5 0
e 5 6 0
# 3
t 369
v 0 0
v 1 0
v 2 0
v 3 1
v 4 0
v 5 0
v 6 0
v 7 0
v 8 0
v 9 0
e 0 1 0
e 1 2 0
e 2 3 0
e 3 4 0
e 3 6 0
e 3 7 0
e 3 8 0
e 3 9 0
e 4 5 0
# 3
t 370
v 0 0
v 1 0
v 2 0
v 3 1
v 4 0
v 5 0
v 6 0
v 7 0
e 0 1 0
e 1 2 0
e 2 3 0
e 3 4 0
e 3 6 0
e 4 5 0
e 6 7 0
# 2
t 371
v 0 0
v 1 0
v 2 0
v 3 1
v 4 0
v 5 0
v 6 0
v 7 0
e 0 1 0
e 0 5 0
e 1 2 0
e 2 3 0
e 3 4 0
e 3 6 0
e 4 5 0
e 6 7 0
# 3
t 372
v 0 0
v 1 0
v 2 0
v 3 1
v 4 0
v 5 0
v 6 0
v 7 0
e 0 1 0
e 1 2 0
e 2 3 0
e 3 4 0
e 3 6 0
e 3 5 0
e 4 5 0
e 6 7 0
# 3
t 373
v 0 0
v 1 0
v 2 0
v 3 1
v 4 0
v 5 0
v 6 0
v 7 0
v 8 0
e 0 1 0
e 1 2 0
e 2 3 0
e 3 4 0
e 3 6 0
e 3 8 0
e 4 5 0
e 6 7 0
# 2
t 374
v 0 0
v 1 0
v 2 0
v 3 1
v 4 0
v 5 0
v 6 0
v 7 0
v 8 0
e 0 1 0
e 0 5 0
e 1 2 0
e 2 3 0
e 3 4 0
e 3 6 0
e 3 8 0
e 4 5 0
e 6 7 0
# 3
t 375
v 0 0
v 1 0
v 2 0
v 3 1
v 4 0
v 5 0
v 6 0
v 7 0
v 8 0
e 0 1 0
e 1 2 0
e 2 3 0
e 3 4 0
e 3 6 0
e 3 8 0
e 3 5 0
e 4 5 0
e 6 7 0
# 3
t 376
v 0 0
v 1 0
v 2 0
v 3 1
v 4 0
v 5 0
v 6 0
v 7 0
v 8 0
e 0 1 0
e 1 2 0
e 2 3 0
e 3 4 0
e 3 6 0
e 3 8 0
e 3 5 0
e 4 5 0
e 6 7 0
e 7 8 0
# 3
t 377
v 0 0
v 1 0
v 2 0
v 3 1
v 4 0
v 5 0
v 6 0
v 7 0
v 8 0
e 0 1 0
e 1 2 0
e 2 3 0
e 3 4 0
e 3 6 0
e 3 8 0
e 4 5 0
e 5 8 0
e 6 7 0
# 3
t 378
v 0 0
v 1 0
v 2 0
v 3 1
v 4 0
v 5 0
v 6 0
v 7 0
v 8 0
v 9 0
e 0 1 0
e 1 2 0
e 2 3 0
e 3 4 0
e 3 6 0
e 3 8 0
e 3 9 0
e 4 5 0
e 6 7 0
# 3
t 379
v 0 0
v 1 0
v 2 0
v 3 1
v 4 0
v 5 0
v 6 0
v 7 0
v 8 0
v 9 0
e 0 1 0
e 1 2 0
e 2 3 0
e 3 4 0
e 3 6 0
e 3 8 0
e 4 5 0
e 6 7 0
e 8 9 0
# 3
t 380
v 0 0
v 1 0
v 2 0
v 3 1
v 4 0
v 5 0
v 6 0
e 0 1 0
e 1 2 0
e 2 3 0
e 3 4 0
e 4 5 0
e 4 6 0
# 3
t 381
v 0 0
v 1 0
v 2 0
v 3 1
v 4 0
v 5 0
v 6 0
e 0 1 0
e 1 2 0
e 2 3 0
e 3 4 0
e 3 5 0
e 4 5 0
e 4 6 0
# 3
t 382
v 0 0
v 1 0
v 2 0
v 3 1
v 4 0
v 5 0
v 6 0
e 0 1 0
e 1 2 0
e 2 3 0
e 3 4 0
e 3 5 0
e 4 5 0
e 4 6 0
e 5 6 0
# 3
t 383
v 0 0
v 1 0
v 2 0
v 3 1
v 4 0
v 5 0
v 6 0
e 0 1 0
e 1 2 0
e 2 3 0
e 3 4 0
e 4 5 0
e 4 6 0
e 5 6 0
# 3
t 384
v 0 0
v 1 0
v 2 0
v 3 1
v 4 0
v 5 0
v 6 0
v 7 0
e 0 1 0
e 1 2 0
e 2 3 0
e 3 4 0
e 3 7 0
e 4 5 0
e 4 6 0
# 3
t 385
v 0 0
v 1 0
v 2 0
v 3 1
v 4 0
v 5 0
v 6 0
v 7 0
e 0 1 0
e 1 2 0
e 2 3 0
e 3 4 0
e 3 7 0
e 3 5 0
e 4 5 0
e 4 6 0
# 3
t 386
v 0 0
v 1 0
v 2 0
v 3 1
v 4 0
v 5 0
v 6 0
v 7 0
e 0 1 0
e 1 2 0
e 2 3 0
e 3 4 0
e 3 7 0
e 3 5 0
e 4 5 0
e 4 6 0
e 5 6 0
# 3
t 387
v 0 0
v 1 0
v 2 0
v 3 1
v 4 0
v 5 0
v 6 0
v 7 0
e 0 1 0
e 1 2 0
e 2 3 0
e 3 4 0
e 3 7 0
e 4 5 0
e 4 6 0
e 5 6 0
# 3
t 388
v 0 0
v 1 0
v 2 0
v 3 1
v 4 0
v 5 0
v 6 0
v 7 0
v 8 0
e 0 1 0
e 1 2 0
e 2 3 0
e 3 4 0
e 3 7 0
e 3 8 0
e 4 5 0
e 4 6 0
# 3
t 389
v 0 0
v 1 0
v 2 0
v 3 1
v 4 0
v 5 0
v 6 0
v 7 0
v 8 0
e 0 1 0
e 1 2 0
e 2 3 0
e 3 4 0
e 3 7 0
e 3 8 0
e 3 5 0
e 4 5 0
e 4 6 0
# 3
t 390
v 0 0
v 1 0
v 2 0
v 3 1
v 4 0
v 5 0
v 6 0
v 7 0
v 8 0
e 0 1 0
e 1 2 0
e 2 3 0
e 3 4 0
e 3 7 0
e 3 8 0
e 3 5 0
e 4 5 0
e 4 6 0
e 5 6 0
# 3
t 391
v 0 0
v 1 0
v 2 0
v 3 1
v 4 0
v 5 0
v 6 0
v 7 0
v 8 0
e 0 1 0
e 1 2 0
e 2 3 0
e 3 4 0
e 3 7 0
e 3 8 0
e 4 5 0
e 4 6 0
e 5 6 0
# 3
t 392
v 0 0
v 1 0
v 2 0
v 3 1
v 4 0
v 5 0
v 6 0
v 7 0
v 8 0
v 9 0
e 0 1 0
e 1 2 0
e 2 3 0
e 3 4 0
e 3 7 0
e 3 8 0
e 3 9 0
e 4 5 0
e 4 6 0
# 3
t 393
v 0 0
v 1 0
v 2 0
v 3 1
v 4 0
v 5 0
v 6 0
v 7 0
v 8 0
e 0 1 0
e 1 2 0
e 2 3 0
e 3 4 0
e 3 7 0
e 4 5 0
e 4 6 0
e 7 8 0
# 3
t 394
v 0 0
v 1 0
v 2 0
v 3 1
v 4 0
v 5 0
v 6 0
v 7 0
v 8 0
e 0 1 0
e 1 2 0
e 2 3 0
e 3 4 0
e 3 7 0
e 3 5 0
e 4 5 0
e 4 6 0
e 7 8 0
# 3
t 395
v 0 0
v 1 0
v 2 0
v 3 1
v 4 0
v 5 0
v 6 0
v 7 0
v 8 0
e 0 1 0
e 1 2 0
e 2 3 0
e 3 4 0
e 3 7 0
e 3 5 0
e 3 8 0
e 4 5 0
e 4 6 0
e 7 8 0
# 2
t 396
v 0 0
v 1 0
v 2 0
v 3 1
v 4 0
v 5 0
v 6 0
v 7 0
v 8 0
e 0 1 0
e 0 8 0
e 1 2 0
e 2 3 0
e 3 4 0
e 3 7 0
e 3 5 0
e 4 5 0
e 4 6 0
e 7 8 0
# 3
t 397
v 0 0
v 1 0
v 2 0
v 3 1
v 4 0
v 5 0
v 6 0
v 7 0
v 8 0
e 0 1 0
e 1 2 0
e 2 3 0
e 3 4 0
e 3 7 0
e 3 5 0
e 4 5 0
e 4 6 0
e 5 6 0
e 7 8 0
# 3
t 398
v 0 0
v 1 0
v 2 0
v 3 1
v 4 0
v 5 0
v 6 0
v 7 0
v 8 0
e 0 1 0
e 1 2 0
e 2 3 0
e 3 4 0
e 3 7 0
e 3 5 0
e 3 8 0
e 4 5 0
e 4 6 0
e 5 6 0
e 7 8 0
# 3
t 399
v 0 0
v 1 0
v 2 0
v 3 1
v 4 0
v 5 0
v 6 0
v 7 0
v 8 0
e 0 1 0
e 1 2 0
e 2 3 0
e 3 4 0
e 3 7 0
e 4 5 0
e 4 6 0
e 5 6 0
e 7 8 0
# 3
t 400
v 0 0
v 1 0
v 2 0
v 3 1
v 4 0
v 5 0
v 6 0
v 7 0
v 8 0
e 0 1 0
e 1 2 0
e 2 3 0
e 3 4 0
e 3 7 0
e 3 8 0
e 4 5 0
e 4 6 0
e 5 6 0
e 7 8 0
# 2
t 401
v 0 0
v 1 0
v 2 0
v 3 1
v 4 0
v 5 0
v 6 0
v 7 0
v 8 0
e 0 1 0
e 0 8 0
e 1 2 0
e 2 3 0
e 3 4 0
e 3 7 0
e 4 5 0
e 4 6 0
e 7 8 0
# 3
t 402
v 0 0
v 1 0
v 2 0
v 3 1
v 4 0
v 5 0
v 6 0
v 7 0
v 8 0
e 0 1 0
e 1 2 0
e 2 3 0
e 3 4 0
e 3 7 0
e 3 8 0
e 4 5 0
e 4 6 0
e 7 8 0
# 3
t 403
v 0 0
v 1 0
v 2 0
v 3 1
v 4 0
v 5 0
v 6 0
v 7 0
v 8 0
v 9 0
e 0 1 0
e 1 2 0
e 2 3 0
e 3 4 0
e 3 7 0
e 3 9 0
e 4 5 0
e 4 6 0
e 7 8 0
# 3
t 404
v 0 0
v 1 0
v 2 0
v 3 1
v 4 0
v 5 0
v 6 0
v 7 0
v 8 0
v 9 0
e 0 1 0
e 1 2 0
e 2 3 0
e 3 4 0
e 3 7 0
e 4 5 0
e 4 6 0
e 7 8 0
e 7 9 0
# 3
t 405
v 0 0
v 1 0
v 2 0
v 3 1
v 4 0
v 5 0
v 6 0
e 0 1 0
e 1 2 0
e 2 3 0
e 3 4 0
e 4 5 0
e 5 6 0
# 2
t 406
v 0 0
v 1 0
v 2 0
v 3 1
v 4 0
v 5 0
v 6 0
v 7 0
e 0 1 0
e 1 2 0
e 1 7 0
e 2 3 0
e 3 4 0
e 4 5 0
e 5 6 0
# 2
t 407
v 0 0
v 1 0
v 2 0
v 3 1
v 4 0
v 5 0
v 6 0
v 7 0
e 0 1 0
e 0 2 0
e 1 2 0
e 1 7 0
e 2 3 0
e 3 4 0
e 4 5 0
e 5 6 0
# 2
t 408
v 0 0
v 1 0
v 2 0
v 3 1
v 4 0
v 5 0
v 6 0
v 7 0
v 8 0
e 0 1 0
e 1 2 0
e 1 7 0
e 2 3 0
e 3 4 0
e 3 8 0
e 4 5 0
e 5 6 0
# 2
t 409
v 0 0
v 1 0
v 2 0
v 3 1
v 4 0
v 5 0
v 6 0
v 7 0
v 8 0
e 0 1 0
e 0 2 0
e 1 2 0
e 1 7 0
e 2 3 0
e 3 4 0
e 3 8 0
e 4 5 0
e 5 6 0
# 2
t 410
v 0 0
v 1 0
v 2 0
v 3 1
v 4 0
v 5 0
v 6 0
v 7 0
v 8 0
v 9 0
e 0 1 0
e 1 2 0
e 1 7 0
e 2 3 0
e 3 4 0
e 3 8 0
e 3 9 0
e 4 5 0
e 5 6 0
# 2
t 411
v 0 0
v 1 0
v 2 0
v 3 1
v 4 0
v 5 0
v 6 0
v 7 0
v 8 0
v 9 0
e 0 1 0
e 1 2 0
e 1 7 0
e 2 3 0
e 3 4 0
e 3 8 0
e 4 5 0
e 5 6 0
e 8 9 0
# 2
t 412
v 0 0
v 1 0
v 2 0
v 3 1
v 4 0
v 5 0
v 6 0
v 7 0
v 8 0
e 0 1 0
e 1 2 0
e 1 7 0
e 2 3 0
e 3 4 0
e 4 5 0
e 4 8 0
e 5 6 0
# 2
t 413
v 0 0
v 1 0
v 2 0
v 3 1
v 4 0
v 5 0
v 6 0
v 7 0
v 8 0
e 0 1 0
e 0 2 0
e 1 2 0
e 1 7 0
e 2 3 0
e 3 4 0
e 4 5 0
e 4 8 0
e 5 6 0
# 2
t 414
v 0 0
v 1 0
v 2 0
v 3 1
v 4 0
v 5 0
v 6 0
v 7 0
v 8 0
e 0 1 0
e 0 2 0
e 1 2 0
e 1 7 0
e 2 3 0
e 3 4 0
e 3 8 0
e 4 5 0
e 4 8 0
e 5 6 0
# 2
t 415
v 0 0
v 1 0
v 2 0
v 3 1
v 4 0
v 5 0
v 6 0
v 7 0
v 8 0
e 0 1 0
e 1 2 0
e 1 7 0
e 2 3 0
e 3 4 0
e 3 8 0
e 4 5 0
e 4 8 0
e 5 6 0
# 2
t 416
v 0 0
v 1 0
v 2 0
v 3 1
v 4 0
v 5 0
v 6 0
v 7 0
v 8 0
v 9 0
e 0 1 0
e 1 2 0
e 1 7 0
e 2 3 0
e 3 4 0
e 3 9 0
e 4 5 0
e 4 8 0
e 5 6 0
# 2
t 417
v 0 0
v 1 0
v 2 0
v 3 1
v 4 0
v 5 0
v 6 0
v 7 0
e 0 1 0
e 1 2 0
e 2 3 0
e 2 7 0
e 3 4 0
e 4 5 0
e 5 6 0
# 2
t 418
v 0 0
v 1 0
v 2 0
v 3 1
v 4 0
v 5 0
v 6 0
v 7 0
e 0 1 0
e 1 2 0
e 2 3 0
e 2 7 0
e 3 4 0
e 3 7 0
e 4 5 0
e 5 6 0
# 2
t 419
v 0 0
v 1 0
v 2 0
v 3 1
v 4 0
v 5 0
v 6 0
v 7 0
v 8 0
e 0 1 0
e 1 2 0
e 2 3 0
e 2 7 0
e 3 4 0
e 3 8 0
e 4 5 0
e 5 6 0
# 2
t 420
v 0 0
v 1 0
v 2 0
v 3 1
v 4 0
v 5 0
v 6 0
v 7 0
v 8 0
e 0 1 0
e 1 2 0
e 2 3 0
e 2 7 0
e 3 4 0
e 3 8 0
e 3 7 0
e 4 5 0
e 5 6 0
# 2
t 421
v 0 0
v 1 0
v 2 0
v 3 1
v 4 0
v 5 0
v 6 0
v 7 0
v 8 0
v 9 0
e 0 1 0
e 1 2 0
e 2 3 0
e 2 7 0
e 3 4 0
e 3 8 0
e 3 9 0
e 4 5 0
e 5 6 0
# 2
t 422
v 0 0
v 1 0
v 2 0
v 3 1
v 4 0
v 5 0
v 6 0
v 7 0
v 8 0
v 9 0
e 0 1 0
e 1 2 0
e 2 3 0
e 2 7 0
e 3 4 0
e 3 8 0
e 4 5 0
e 5 6 0
e 8 9 0
# 2
t 423
v 0 0
v 1 0
v 2 0
v 3 1
v 4 0
v 5 0
v 6 0
v 7 0
v 8 0
e 0 1 0
e 1 2 0
e 2 3 0
e 2 7 0
e 3 4 0
e 4 5 0
e 4 8 0
e 5 6 0
# 2
t 424
v 0 0
v 1 0
v 2 0
v 3 1
v 4 0
v 5 0
v 6 0
v 7 0
v 8 0
e 0 1 0
e 1 2 0
e 2 3 0
e 2 7 0
e 3 4 0
e 3 7 0
e 4 5 0
e 4 8 0
e 5 6 0
# 2
t 425
v 0 0
v 1 0
v 2 0
v 3 1
v 4 0
v 5 0
v 6 0
v 7 0
v 8 0
e 0 1 0
e 1 2 0
e 2 3 0
e 2 7 0
e 3 4 0
e 3 7 0
e 3 8 0
e 4 5 0
e 4 8 0
e 5 6 0
# 2
t 426
v 0 0
v 1 0
v 2 0
v 3 1
v 4 0
v 5 0
v 6 0
v 7 0
v 8 0
v 9 0
e 0 1 0
e 1 2 0
e 2 3 0
e 2 7 0
e 3 4 0
e 3 9 0
e 4 5 0
e 4 8 0
e 5 6 0
# 3
t 427
v 0 0
v 1 0
v 2 0
v 3 1
v 4 0
v 5 0
v 6 0
v 7 0
e 0 1 0
e 1 2 0
e 2 3 0
e 3 4 0
e 3 7 0
e 4 5 0
e 5 6 0
# 3
t 428
v 0 0
v 1 0
v 2 0
v 3 1
v 4 0
v 5 0
v 6 0
v 7 0
v 8 0
e 0 1 0
e 1 2 0
e 2 3 0
e 3 4 0
e 3 7 0
e 3 8 0
e 4 5 0
e 5 6 0
# 3
t 429
v 0 0
v 1 0
v 2 0
v 3 1
v 4 0
v 5 0
v 6 0
v 7 0
v 8 0
v 9 0
e 0 1 0
e 1 2 0
e 2 3 0
e 3 4 0
e 3 7 0
e 3 8 0
e 3 9 0
e 4 5 0
e 5 6 0
# 3
t 430
v 0 0
v 1 0
v 2 0
v 3 1
v 4 0
v 5 0
v 6 0
v 7 0
v 8 0
e 0 1 0
e 1 2 0
e 2 3 0
e 3 4 0
e 3 7 0
e 4 5 0
e 5 6 0
e 7 8 0
# 2
t 431
v 0 0
v 1 0
v 2 0
v 3 1
v 4 0
v 5 0
v 6 0
v 7 0
v 8 0
e 0 1 0
e 0 8 0
e 1 2 0
e 2 3 0
e 3 4 0
e 3 7 0
e 4 5 0
e 5 6 0
e 7 8 0
# 3
t 432
v 0 0
v 1 0
v 2 0
v 3 1
v 4 0
v 5 0
v 6 0
v 7 0
v 8 0
e 0 1 0
e 1 2 0
e 2 3 0
e 3 4 0
e 3 7 0
e 3 8 0
e 4 5 0
e 5 6 0
e 7 8 0
# 3
t 433
v 0 0
v 1 0
v 2 0
v 3 1
v 4 0
v 5 0
v 6 0
v 7 0
v 8 0
v 9 0
e 0 1 0
e 1 2 0
e 2 3 0
e 3 4 0
e 3 7 0
e 3 9 0
e 4 5 0
e 5 6 0
e 7 8 0
# 3
t 434
v 0 0
v 1 0
v 2 0
v 3 1
v 4 0
v 5 0
v 6 0
v 7 0
v 8 0
v 9 0
e 0 1 0
e 1 2 0
e 2 3 0
e 3 4 0
e 3 7 0
e 4 5 0
e 5 6 0
e 7 8 0
e 7 9 0
# 3
t 435
v 0 0
v 1 0
v 2 0
v 3 1
v 4 0
v 5 0
v 6 0
v 7 0
v 8 0
v 9 0
e 0 1 0
e 1 2 0
e 2 3 0
e 3 4 0
e 3 7 0
e 4 5 0
e 5 6 0
e 7 8 0
e 8 9 0
# 3
t 436
v 0 0
v 1 0
v 2 1
e 0 1 0
e 1 2 0
# 3
t 437
v 0 0
v 1 0
v 2 1
e 0 1 0
e 0 2 0
e 1 2 0
# 3
t 438
v 0 0
v 1 0
v 2 1
v 3 0
e 0 1 0
e 1 2 0
e 2 3 0
# 3
t 439
v 0 0
v 1 0
v 2 1
v 3 0
v 4 0
e 0 1 0
e 1 2 0
e 1 4 0
e 2 3 0
# 3
t 440
v 0 0
v 1 0
v 2 1
v 3 0
v 4 0
e 0 1 0
e 0 2 0
e 1 2 0
e 1 4 0
e 2 3 0
# 3
t 441
v 0 0
v 1 0
v 2 1
v 3 0
v 4 0
e 0 1 0
e 0 2 0
e 0 4 0
e 1 2 0
e 1 4 0
e 2 3 0
# 3
t 442
v 0 0
v 1 0
v 2 1
v 3 0
v 4 0
e 0 1 0
e 0 4 0
e 1 2 0
e 1 4 0
e 2 3 0
# 3
t 443
v 0 0
v 1 0
v 2 1
v 3 0
v 4 0
v 5 0
e 0 1 0
e 1 2 0
e 1 4 0
e 2 3 0
e 2 5 0
# 3
t 444
v 0 0
v 1 0
v 2 1
v 3 0
v 4 0
v 5 0
e 0 1 0
e 0 2 0
e 1 2 0
e 1 4 0
e 2 3 0
e 2 5 0
# 3
t 445
v 0 0
v 1 0
v 2 1
v 3 0
v 4 0
v 5 0
e 0 1 0
e 0 2 0
e 1 2 0
e 1 4 0
e 2 3 0
e 2 5 0
e 3 5 0
# 3
t 446
v 0 0
v 1 0
v 2 1
v 3 0
v 4 0
v 5 0
e 0 1 0
e 0 2 0
e 0 4 0
e 1 2 0
e 1 4 0
e 2 3 0
e 2 5 0
# 3
t 447
v 0 0
v 1 0
v 2 1
v 3 0
v 4 0
v 5 0
e 0 1 0
e 0 2 0
e 0 4 0
e 1 2 0
e 1 4 0
e 2 3 0
e 2 5 0
e 3 5 0
# 3
t 448
v 0 0
v 1 0
v 2 1
v 3 0
v 4 0
v 5 0
e 0 1 0
e 0 4 0
e 1 2 0
e 1 4 0
e 2 3 0
e 2 5 0
# 3
t 449
v 0 0
v 1 0
v 2 1
v 3 0
v 4 0
v 5 0
e 0 1 0
e 0 4 0
e 1 2 0
e 1 4 0
e 2 3 0
e 2 5 0
e 3 5 0
# 3
t 450
v 0 0
v 1 0
v 2 1
v 3 0
v 4 0
v 5 0
e 0 1 0
e 1 2 0
e 1 4 0
e 2 3 0
e 2 5 0
e 3 5 0
# 3
t 451
v 0 0
v 1 0
v 2 1
v 3 0
v 4 0
v 5 0
v 6 0
e 0 1 0
e 1 2 0
e 1 4 0
e 2 3 0
e 2 5 0
e 2 6 0
# 3
t 452
v 0 0
v 1 0
v 2 1
v 3 0
v 4 0
v 5 0
v 6 0
e 0 1 0
e 0 2 0
e 1 2 0
e 1 4 0
e 2 3 0
e 2 5 0
e 2 6 0
# 3
t 453
v 0 0
v 1 0
v 2 1
v 3 0
v 4 0
v 5 0
v 6 0
e 0 1 0
e 0 2 0
e 1 2 0
e 1 4 0
e 2 3 0
e 2 5 0
e 2 6 0
e 3 5 0
# 3
t 454
v 0 0
v 1 0
v 2 1
v 3 0
v 4 0
v 5 0
v 6 0
e 0 1 0
e 0 2 0
e 0 4 0
e 1 2 0
e 1 4 0
e 2 3 0
e 2 5 0
e 2 6 0
# 3
t 455
v 0 0
v 1 0
v 2 1
v 3 0
v 4 0
v 5 0
v 6 0
e 0 1 0
e 0 2 0
e 0 4 0
e 1 2 0
e 1 4 0
e 2 3 0
e 2 5 0
e 2 6 0
e 3 5 0
# 3
t 456
v 0 0
v 1 0
v 2 1
v 3 0
v 4 0
v 5 0
v 6 0
e 0 1 0
e 0 4 0
e 1 2 0
e 1 4 0
e 2 3 0
e 2 5 0
e 2 6 0
# 3
t 457
v 0 0
v 1 0
v 2 1
v 3 0
v 4 0
v 5 0
v 6 0
e 0 1 0
e 0 4 0
e 1 2 0
e 1 4 0
e 2 3 0
e 2 5 0
e 2 6 0
e 3 5 0
# 3
t 458
v 0 0
v 1 0
v 2 1
v 3 0
v 4 0
v 5 0
v 6 0
e 0 1 0
e 1 2 0
e 1 4 0
e 2 3 0
e 2 5 0
e 2 6 0
e 3 5 0
# 3
t 459
v 0 0
v 1 0
v 2 1
v 3 0
v 4 0
v 5 0
v 6 0
v 7 0
e 0 1 0
e 1 2 0
e 1 4 0
e 2 3 0
e 2 5 0
e 2 6 0
e 2 7 0
# 3
t 460
v 0 0
v 1 0
v 2 1
v 3 0
v 4 0
v 5 0
v 6 0
v 7 0
e 0 1 0
e 0 2 0
e 1 2 0
e 1 4 0
e 2 3 0
e 2 5 0
e 2 6 0
e 2 7 0
# 3
t 461
v 0 0
v 1 0
v 2 1
v 3 0
v 4 0
v 5 0
v 6 0
v 7 0
e 0 1 0
e 0 2 0
e 1 2 0
e 1 4 0
e 2 3 0
e 2 5 0
e 2 6 0
e 2 7 0
e 3 5 0
# 3
t 462
v 0 0
v 1 0
v 2 1
v 3 0
v 4 0
v 5 0
v 6 0
v 7 0
e 0 1 0
e 0 2 0
e 1 2 0
e 1 4 0
e 2 3 0
e 2 5 0
e 2 6 0
e 2 7 0
e 3 5 0
e 6 7 0
# 3
t 463
v 0 0
v 1 0
v 2 1
v 3 0
v 4 0
v 5 0
v 6 0
v 7 0
e 0 1 0
e 0 2 0
e 0 4 0
e 1 2 0
e 1 4 0
e 2 3 0
e 2 5 0
e 2 6 0
e 2 7 0
# 3
t 464
v 0 0
v 1 0
v 2 1
v 3 0
v 4 0
v 5 0
v 6 0
v 7 0
e 0 1 0
e 0 2 0
e 0 4 0
e 1 2 0
e 1 4 0
e 2 3 0
e 2 5 0
e 2 6 0
e 2 7 0
e 3 5 0
# 3
t 465
v 0 0
v 1 0
v 2 1
v 3 0
v 4 0
v 5 0
v 6 0
v 7 0
e 0 1 0
e 0 2 0
e 0 4 0
e 1 2 0
e 1 4 0
e 2 3 0
e 2 5 0
e 2 6 0
e 2 7 0
e 3 5 0
e 6 7 0
# 3
t 466
v 0 0
v 1 0
v 2 1
v 3 0
v 4 0
v 5 0
v 6 0
v 7 0
e 0 1 0
e 0 4 0
e 1 2 0
e 1 4 0
e 2 3 0
e 2 5 0
e 2 6 0
e 2 7 0
# 3
t 467
v 0 0
v 1 0
v 2 1
v 3 0
v 4 0
v 5 0
v 6 0
v 7 0
e 0 1 0
e 0 4 0
e 1 2 0
e 1 4 0
e 2 3 0
e 2 5 0
e 2 6 0
e 2 7 0
e 3 5 0
# 3
t 468
v 0 0
v 1 0
v 2 1
v 3 0
v 4 0
v 5 0
v 6 0
v 7 0
e 0 1 0
e 0 4 0
e 1 2 0
e 1 4 0
e 2 3 0
e 2 5 0
e 2 6 0
e 2 7 0
e 3 5 0
e 6 7 0
# 3
t 469
v 0 0
v 1 0
v 2 1
v 3 0
v 4 0
v 5 0
v 6 0
v 7 0
e 0 1 0
e 1 2 0
e 1 4 0
e 2 3 0
e 2 5 0
e 2 6 0
e 2 7 0
e 3 5 0
# 3
t 470
v 0 0
v 1 0
v 2 1
v 3 0
v 4 0
v 5 0
v 6 0
v 7 0
e 0 1 0
e 1 2 0
e 1 4 0
e 2 3 0
e 2 5 0
e 2 6 0
e 2 7 0
e 3 5 0
e 6 7 0
# 3
t 471
v 0 0
v 1 0
v 2 1
v 3 0
v 4 0
v 5 0
v 6 0
v 7 0
v 8 0
e 0 1 0
e 1 2 0
e 1 4 0
e 2 3 0
e 2 5 0
e 2 6 0
e 2 7 0
e 2 8 0
# 3
t 472
v 0 0
v 1 0
v 2 1
v 3 0
v 4 0
v 5 0
v 6 0
v 7 0
v 8 0
e 0 1 0
e 0 2 0
e 1 2 0
e 1 4 0
e 2 3 0
e 2 5 0
e 2 6 0
e 2 7 0
e 2 8 0
# 3
t 473
v 0 0
v 1 0
v 2 1
v 3 0
v 4 0
v 5 0
v 6 0
v 7 0
v 8 0
e 0 1 0
e 0 2 0
e 1 2 0
e 1 4 0
e 2 3 0
e 2 5 0
e 2 6 0
e 2 7 0
e 2 8 0
e 3 5 0
# 3
t 474
v 0 0
v 1 0
v 2 1
v 3 0
v 4 0
v 5 0
v 6 0
v 7 0
v 8 0
e 0 1 0
e 0 2 0
e 1 2 0
e 1 4 0
e 2 3 0
e 2 5 0
e 2 6 0
e 2 7 0
e 2 8 0
e 3 5 0
e 6 7 0
# 3
t 475
v 0 0
v 1 0
v 2 1
v 3 0
v 4 0
v 5 0
v 6 0
v 7 0
v 8 0
e 0 1 0
e 0 2 0
e 0 4 0
e 1 2 0
e 1 4 0
e 2 3 0
e 2 5 0
e 2 6 0
e 2 7 0
e 2 8 0
# 3
t 476
v 0 0
v 1 0
v 2 1
v 3 0
v 4 0
v 5 0
v 6 0
v 7 0
v 8 0
e 0 1 0
e 0 2 0
e 0 4 0
e 1 2 0
e 1 4 0
e 2 3 0
e 2 5 0
e 2 6 0
e 2 7 0
e 2 8 0
e 3 5 0
# 3
t 477
v 0 0
v 1 0
v 2 1
v 3 0
v 4 0
v 5 0
v 6 0
v 7 0
v 8 0
e 0 1 0
e 0 2 0
e 0 4 0
e 1 2 0
e 1 4 0
e 2 3 0
e 2 5 0
e 2 6 0
e 2 7 0
e 2 8 0
e 3 5 0
e 6 7 0
# 3
t 478
v 0 0
v 1 0
v 2 1
v 3 0
v 4 0
v 5 0
v 6 0
v 7 0
v 8 0
e 0 1 0
e 0 4 0
e 1 2 0
e 1 4 0
e 2 3 0
e 2 5 0
e 2 6 0
e 2 7 0
e 2 8 0
# 3
t 479
v 0 0
v 1 0
v 2 1
v 3 0
v 4 0
v 5 0
v 6 0
v 7 0
v 8 0
e 0 1 0
e 0 4 0
e 1 2 0
e 1 4 0
e 2 3 0
e 2 5 0
e 2 6 0
e 2 7 0
e 2 8 0
e 3 5 0
# 3
t 480
v 0 0
v 1 0
v 2 1
v 3 0
v 4 0
v 5 0
v 6 0
v 7 0
v 8 0
e 0 1 0
e 0 4 0
e 1 2 0
e 1 4 0
e 2 3 0
e 2 5 0
e 2 6 0
e 2 7 0
e 2 8 0
e 3 5 0
e 6 7 0
# 3
t 481
v 0 0
v 1 0
v 2 1
v 3 0
v 4 0
v 5 0
v 6 0
v 7 0
v 8 0
e 0 1 0
e 1 2 0
e 1 4 0
e 2 3 0
e 2 5 0
e 2 6 0
e 2 7 0
e 2 8 0
e 3 5 0
# 3
t 482
v 0 0
v 1 0
v 2 1
v 3 0
v 4 0
v 5 0
v 6 0
v 7 0
v 8 0
e 0 1 0
e 1 2 0
e 1 4 0
e 2 3 0
e 2 5 0
e 2 6 0
e 2 7 0
e 2 8 0
e 3 5 0
e 6 7 0
# 3
t 483
v 0 0
v 1 0
v 2 1
v 3 0
v 4 0
v 5 0
v 6 0
v 7 0
v 8 0
v 9 0
e 0 1 0
e 1 2 0
e 1 4 0
e 2 3 0
e 2 5 0
e 2 6 0
e 2 7 0
e 2 8 0
e 2 9 0
# 3
t 484
v 0 0
v 1 0
v 2 1
v 3 0
v 4 0
e 0 1 0
e 1 2 0
e 2 3 0
e 2 4 0
# 3
t 485
v 0 0
v 1 0
v 2 1
v 3 0
v 4 0
e 0 1 0
e 0 3 0
e 1 2 0
e 2 3 0
e 2 4 0
# 3
t 486
v 0 0
v 1 0
v 2 1
v 3 0
v 4 0
e 0 1 0
e 1 2 0
e 2 3 0
e 2 4 0
e 3 4 0
# 3
t 487
v 0 0
v 1 0
v 2 1
v 3 0
v 4 0
v 5 0
e 0 1 0
e 1 2 0
e 2 3 0
e 2 4 0
e 2 5 0
# 3
t 488
v 0 0
v 1 0
v 2 1
v 3 0
v 4 0
v 5 0
e 0 1 0
e 0 3 0
e 1 2 0
e 2 3 0
e 2 4 0
e 2 5 0
# 3
t 489
v 0 0
v 1 0
v 2 1
v 3 0
v 4 0
v 5 0
e 0 1 0
e 0 3 0
e 1 2 0
e 2 3 0
e 2 4 0
e 2 5 0
e 4 5 0
# 3
t 490
v 0 0
v 1 0
v 2 1
v 3 0
v 4 0
v 5 0
e 0 1 0
e 1 2 0
e 2 3 0
e 2 4 0
e 2 5 0
e 3 4 0
# 3
t 491
v 0 0
v 1 0
v 2 1
v 3 0
v 4 0
v 5 0
v 6 0
e 0 1 0
e 1 2 0
e 2 3 0
e 2 4 0
e 2 5 0
e 2 6 0
# 3
t 492
v 0 0
v 1 0
v 2 1
v 3 0
v 4 0
v 5 0
v 6 0
e 0 1 0
e 0 3 0
e 1 2 0
e 2 3 0
e 2 4 0
e 2 5 0
e 2 6 0
# 3
t 493
v 0 0
v 1 0
v 2 1
v 3 0
v 4 0
v 5 0
v 6 0
e 0 1 0
e 0 3 0
e 1 2 0
e 2 3 0
e 2 4 0
e 2 5 0
e 2 6 0
e 4 5 0
# 3
t 494
v 0 0
v 1 0
v 2 1
v 3 0
v 4 0
v 5 0
v 6 0
e 0 1 0
e 1 2 0
e 2 3 0
e 2 4 0
e 2 5 0
e 2 6 0
e 3 4 0
# 3
t 495
v 0 0
v 1 0
v 2 1
v 3 0
v 4 0
v 5 0
v 6 0
e 0 1 0
e 1 2 0
e 2 3 0
e 2 4 0
e 2 5 0
e 2 6 0
e 3 4 0
e 5 6 0
# 3
t 496
v 0 0
v 1 0
v 2 1
v 3 0
v 4 0
v 5 0
v 6 0
v 7 0
e 0 1 0
e 1 2 0
e 2 3 0
e 2 4 0
e 2 5 0
e 2 6 0
e 2 7 0
# 3
t 497
v 0 0
v 1 0
v 2 1
v 3 0
v 4 0
v 5 0
v 6 0
v 7 0
e 0 1 0
e 0 3 0
e 1 2 0
e 2 3 0
e 2 4 0
e 2 5 0
e 2 6 0
e 2 7 0
# 3
t 498
v 0 0
v 1 0
v 2 1
v 3 0
v 4 0
v 5 0
v 6 0
v 7 0
e 0 1 0
e 0 3 0
e 1 2 0
e 2 3 0
e 2 4 0
e 2 5 0
e 2 6 0
e 2 7 0
e 4 5 0
# 3
t 499
v 0 0
v 1 0
v 2 1
v 3 0
v 4 0
v 5 0
v 6 0
v 7 0
e 0 1 0
e 0 3 0
e 1 2 0
e 2 3 0
e 2 4 0
e 2 5 0
e 2 6 0
e 2 7 0
e 4 5 0
e 6 7 0
# 3
t 500
v 0 0
v 1 0
v 2 1
v 3 0
v 4 0
v 5 0
v 6 0
v 7 0
e 0 1 0
e 1 2 0
e 2 3 0
e 2 4 0
e 2 5 0
e 2 6 0
e 2 7 0
e 3 4 0
# 3
t 501
v 0 0
v 1 0
v 2 1
v 3 0
v 4 0
v 5 0
v 6 0
v 7 0
e 0 1 0
e 1 2 0
e 2 3 0
e 2 4 0
e 2 5 0
e 2 6 0
e 2 7 0
e 3 4 0
e 5 6 0
# 3
t 502
v 0 0
v 1 0
v 2 1
v 3 0
v 4 0
v 5 0
v 6 0
v 7 0
v 8 0
e 0 1 0
e 1 2 0
e 2 3 0
e 2 4 0
e 2 5 0
e 2 6 0
e 2 7 0
e 2 8 0
# 3
t 503
v 0 0
v 1 0
v 2 1
v 3 0
v 4 0
v 5 0
v 6 0
v 7 0
v 8 0
e 0 1 0
e 0 3 0
e 1 2 0
e 2 3 0
e 2 4 0
e 2 5 0
e 2 6 0
e 2 7 0
e 2 8 0
# 3
t 504
v 0 0
v 1 0
v 2 1
v 3 0
v 4 0
v 5 0
v 6 0
v 7 0
v 8 0
e 0 1 0
e 0 3 0
e 1 2 0
e 2 3 0
e 2 4 0
e 2 5 0
e 2 6 0
e 2 7 0
e 2 8 0
e 4 5 0
# 3
t 505
v 0 0
v 1 0
v 2 1
v 3 0
v 4 0
v 5 0
v 6 0
v 7 0
v 8 0
e 0 1 0
e 0 3 0
e 1 2 0
e 2 3 0
e 2 4 0
e 2 5 0
e 2 6 0
e 2 7 0
e 2 8 0
e 4 5 0
e 6 7 0
# 3
t 506
v 0 0
v 1 0
v 2 1
v 3 0
v 4 0
v 5 0
v 6 0
v 7 0
v 8 0
e 0 1 0
e 1 2 0
e 2 3 0
e 2 4 0
e 2 5 0
e 2 6 0
e 2 7 0
e 2 8 0
e 3 4 0
# 3
t 507
v 0 0
v 1 0
v 2 1
v 3 0
v 4 0
v 5 0
v 6 0
v 7 0
v 8 0
e 0 1 0
e 1 2 0
e 2 3 0
e 2 4 0
e 2 5 0
e 2 6 0
e 2 7 0
e 2 8 0
e 3 4 0
e 5 6 0
# 3
t 508
v 0 0
v 1 0
v 2 1
v 3 0
v 4 0
v 5 0
v 6 0
v 7 0
v 8 0
e 0 1 0
e 1 2 0
e 2 3 0
e 2 4 0
e 2 5 0
e 2 6 0
e 2 7 0
e 2 8 0
e 3 4 0
e 5 6 0
e 7 8 0
# 2
t 509
v 0 0
v 1 0
v 2 1
v 3 0
v 4 0
v 5 0
v 6 0
v 7 0
v 8 0
v 9 0
e 0 1 0
e 1 2 0
e 2 3 0
e 2 4 0
e 2 5 0
e 2 6 0
e 2 7 0
e 2 8 0
e 2 9 0
# 3
t 510
v 0 0
v 1 0
v 2 1
v 3 0
v 4 0
e 0 1 0
e 1 2 0
e 2 3 0
e 3 4 0
# 3
t 511
v 0 0
v 1 0
v 2 1
v 3 0
v 4 0
v 5 0
e 0 1 0
e 1 2 0
e 1 5 0
e 2 3 0
e 3 4 0
# 3
t 512
v 0 0
v 1 0
v 2 1
v 3 0
v 4 0
v 5 0
e 0 1 0
e 0 2 0
e 1 2 0
e 1 5 0
e 2 3 0
e 3 4 0
# 3
t 513
v 0 0
v 1 0
v 2 1
v 3 0
v 4 0
v 5 0
e 0 1 0
e 0 2 0
e 0 5 0
e 1 2 0
e 1 5 0
e 2 3 0
e 3 4 0
# 3
t 514
v 0 0
v 1 0
v 2 1
v 3 0
v 4 0
v 5 0
e 0 1 0
e 0 5 0
e 1 2 0
e 1 5 0
e 2 3 0
e 3 4 0
# 3
t 515
v 0 0
v 1 0
v 2 1
v 3 0
v 4 0
v 5 0
v 6 0
e 0 1 0
e 1 2 0
e 1 5 0
e 2 3 0
e 2 6 0
e 3 4 0
# 3
t 516
v 0 0
v 1 0
v 2 1
v 3 0
v 4 0
v 5 0
v 6 0
e 0 1 0
e 0 2 0
e 1 2 0
e 1 5 0
e 2 3 0
e 2 6 0
e 3 4 0
# 3
t 517
v 0 0
v 1 0
v 2 1
v 3 0
v 4 0
v 5 0
v 6 0
e 0 1 0
e 0 2 0
e 1 2 0
e 1 5 0
e 2 3 0
e 2 6 0
e 3 4 0
e 4 6 0
# 3
t 518
v 0 0
v 1 0
v 2 1
v 3 0
v 4 0
v 5 0
v 6 0
e 0 1 0
e 0 2 0
e 0 5 0
e 1 2 0
e 1 5 0
e 2 3 0
e 2 6 0
e 3 4 0
# 2
t 519
v 0 0
v 1 0
v 2 1
v 3 0
v 4 0
v 5 0
v 6 0
e 0 1 0
e 0 2 0
e 0 5 0
e 1 2 0
e 1 5 0
e 2 3 0
e 2 6 0
e 3 4 0
e 4 6 0
# 3
t 520
v 0 0
v 1 0
v 2 1
v 3 0
v 4 0
v 5 0
v 6 0
e 0 1 0
e 0 5 0
e 1 2 0
e 1 5 0
e 2 3 0
e 2 6 0
e 3 4 0
# 3
t 521
v 0 0
v 1 0
v 2 1
v 3 0
v 4 0
v 5 0
v 6 0
e 0 1 0
e 0 5 0
e 1 2 0
e 1 5 0
e 2 3 0
e 2 6 0
e 3 4 0
e 4 6 0
# 3
t 522
v 0 0
v 1 0
v 2 1
v 3 0
v 4 0
v 5 0
v 6 0
e 0 1 0
e 1 2 0
e 1 5 0
e 2 3 0
e 2 6 0
e 3 4 0
e 4 6 0
# 3
t 523
v 0 0
v 1 0
v 2 1
v 3 0
v 4 0
v 5 0
v 6 0
v 7 0
e 0 1 0
e 1 2 0
e 1 5 0
e 2 3 0
e 2 6 0
e 2 7 0
e 3 4 0
# 3
t 524
v 0 0
v 1 0
v 2 1
v 3 0
v 4 0
v 5 0
v 6 0
v 7 0
e 0 1 0
e 0 2 0
e 1 2 0
e 1 5 0
e 2 3 0
e 2 6 0
e 2 7 0
e 3 4 0
# 3
t 525
v 0 0
v 1 0
v 2 1
v 3 0
v 4 0
v 5 0
v 6 0
v 7 0
e 0 1 0
e 0 2 0
e 1 2 0
e 1 5 0
e 2 3 0
e 2 6 0
e 2 7 0
e 3 4 0
e 4 6 0
# 3
t 526
v 0 0
v 1 0
v 2 1
v 3 0
v 4 0
v 5 0
v 6 0
v 7 0
e 0 1 0
e 0 2 0
e 0 5 0
e 1 2 0
e 1 5 0
e 2 3 0
e 2 6 0
e 2 7 0
e 3 4 0
# 2
t 527
v 0 0
v 1 0
v 2 1
v 3 0
v 4 0
v 5 0
v 6 0
v 7 0
e 0 1 0
e 0 2 0
e 0 5 0
e 1 2 0
e 1 5 0
e 2 3 0
e 2 6 0
e 2 7 0
e 3 4 0
e 4 6 0
# 3
t 528
v 0 0
v 1 0
v 2 1
v 3 0
v 4 0
v 5 0
v 6 0
v 7 0
e 0 1 0
e 0 5 0
e 1 2 0
e 1 5 0
e 2 3 0
e 2 6 0
e 2 7 0
e 3 4 0
# 3
t 529
v 0 0
v 1 0
v 2 1
v 3 0
v 4 0
v 5 0
v 6 0
v 7 0
e 0 1 0
e 0 5 0
e 1 2 0
e 1 5 0
e 2 3 0
e 2 6 0
e 2 7 0
e 3 4 0
e 4 6 0
# 3
t 530
v 0 0
v 1 0
v 2 1
v 3 0
v 4 0
v 5 0
v 6 0
v 7 0
e 0 1 0
e 1 2 0
e 1 5 0
e 2 3 0
e 2 6 0
e 2 7 0
e 3 4 0
e 4 6 0
# 3
t 531
v 0 0
v 1 0
v 2 1
v 3 0
v 4 0
v 5 0
v 6 0
v 7 0
v 8 0
e 0 1 0
e 1 2 0
e 1 5 0
e 2 3 0
e 2 6 0
e 2 7 0
e 2 8 0
e 3 4 0
# 3
t 532
v 0 0
v 1 0
v 2 1
v 3 0
v 4 0
v 5 0
v 6 0
v 7 0
v 8 0
e 0 1 0
e 0 2 0
e 1 2 0
e 1 5 0
e 2 3 0
e 2 6 0
e 2 7 0
e 2 8 0
e 3 4 0
# 3
t 533
v 0 0
v 1 0
v 2 1
v 3 0
v 4 0
v 5 0
v 6 0
v 7 0
v 8 0
e 0 1 0
e 0 2 0
e 1 2 0
e 1 5 0
e 2 3 0
e 2 6 0
e 2 7 0
e 2 8 0
e 3 4 0
e 4 6 0
# 3
t 534
v 0 0
v 1 0
v 2 1
v 3 0
v 4 0
v 5 0
v 6 0
v 7 0
v 8 0
e 0 1 0
e 0 2 0
e 0 5 0
e 1 2 0
e 1 5 0
e 2 3 0
e 2 6 0
e 2 7 0
e 2 8 0
e 3 4 0
# 2
t 535
v 0 0
v 1 0
v 2 1
v 3 0
v 4 0
v 5 0
v 6 0
v 7 0
v 8 0
e 0 1 0
e 0 2 0
e 0 5 0
e 1 2 0
e 1 5 0
e 2 3 0
e 2 6 0
e 2 7 0
e 2 8 0
e 3 4 0
e 4 6 0
# 3
t 536
v 0 0
v 1 0
v 2 1
v 3 0
v 4 0
v 5 0
v 6 0
v 7 0
v 8 0
e 0 1 0
e 0 5 0
e 1 2 0
e 1 5 0
e 2 3 0
e 2 6 0
e 2 7 0
e 2 8 0
e 3 4 0
# 3
t 537
v 0 0
v 1 0
v 2 1
v 3 0
v 4 0
v 5 0
v 6 0
v 7 0
v 8 0
e 0 1 0
e 0 5 0
e 1 2 0
e 1 5 0
e 2 3 0
e 2 6 0
e 2 7 0
e 2 8 0
e 3 4 0
e 4 6 0
# 3
t 538
v 0 0
v 1 0
v 2 1
v 3 0
v 4 0
v 5 0
v 6 0
v 7 0
v 8 0
e 0 1 0
e 1 2 0
e 1 5 0
e 2 3 0
e 2 6 0
e 2 7 0
e 2 8 0
e 3 4 0
e 4 6 0
# 3
t 539
v 0 0
v 1 0
v 2 1
v 3 0
v 4 0
v 5 0
v 6 0
v 7 0
v 8 0
v 9 0
e 0 1 0
e 1 2 0
e 1 5 0
e 2 3 0
e 2 6 0
e 2 7 0
e 2 8 0
e 2 9 0
e 3 4 0
# 3
t 540
v 0 0
v 1 0
v 2 1
v 3 0
v 4 0
v 5 0
v 6 0
v 7 0
e 0 1 0
e 1 2 0
e 1 5 0
e 2 3 0
e 2 6 0
e 3 4 0
e 6 7 0
# 3
t 541
v 0 0
v 1 0
v 2 1
v 3 0
v 4 0
v 5 0
v 6 0
v 7 0
e 0 1 0
e 0 2 0
e 1 2 0
e 1 5 0
e 2 3 0
e 2 6 0
e 3 4 0
e 6 7 0
# 3
t 542
v 0 0
v 1 0
v 2 1
v 3 0
v 4 0
v 5 0
v 6 0
v 7 0
e 0 1 0
e 0 2 0
e 0 5 0
e 1 2 0
e 1 5 0
e 2 3 0
e 2 6 0
e 3 4 0
e 6 7 0
# 3
t 543
v 0 0
v 1 0
v 2 1
v 3 0
v 4 0
v 5 0
v 6 0
v 7 0
e 0 1 0
e 0 2 0
e 1 2 0
e 1 5 0
e 2 3 0
e 2 6 0
e 2 4 0
e 3 4 0
e 6 7 0
# 3
t 544
v 0 0
v 1 0
v 2 1
v 3 0
v 4 0
v 5 0
v 6 0
v 7 0
e 0 1 0
e 0 2 0
e 0 5 0
e 1 2 0
e 1 5 0
e 2 3 0
e 2 6 0
e 2 4 0
e 3 4 0
e 6 7 0
# 3
t 545
v 0 0
v 1 0
v 2 1
v 3 0
v 4 0
v 5 0
v 6 0
v 7 0
e 0 1 0
e 1 2 0
e 1 5 0
e 2 3 0
e 2 6 0
e 2 4 0
e 3 4 0
e 6 7 0
# 3
t 546
v 0 0
v 1 0
v 2 1
v 3 0
v 4 0
v 5 0
v 6 0
v 7 0
e 0 1 0
e 0 5 0
e 1 2 0
e 1 5 0
e 2 3 0
e 2 6 0
e 2 4 0
e 3 4 0
e 6 7 0
# 3
t 547
v 0 0
v 1 0
v 2 1
v 3 0
v 4 0
v 5 0
v 6 0
v 7 0
e 0 1 0
e 0 5 0
e 1 2 0
e 1 5 0
e 2 3 0
e 2 6 0
e 3 4 0
e 6 7 0
# 3
t 548
v 0 0
v 1 0
v 2 1
v 3 0
v 4 0
v 5 0
v 6 0
v 7 0
v 8 0
e 0 1 0
e 1 2 0
e 1 5 0
e 2 3 0
e 2 6 0
e 2 8 0
e 3 4 0
e 6 7 0
# 3
t 549
v 0 0
v 1 0
v 2 1
v 3 0
v 4 0
v 5 0
v 6 0
v 7 0
v 8 0
e 0 1 0
e 0 2 0
e 1 2 0
e 1 5 0
e 2 3 0
e 2 6 0
e 2 8 0
e 3 4 0
e 6 7 0
# 3
t 550
v 0 0
v 1 0
v 2 1
v 3 0
v 4 0
v 5 0
v 6 0
v 7 0
v 8 0
e 0 1 0
e 0 2 0
e 1 2 0
e 1 5 0
e 2 3 0
e 2 6 0
e 2 8 0
e 3 4 0
e 4 8 0
e 6 7 0
# 3
t 551
v 0 0
v 1 0
v 2 1
v 3 0
v 4 0
v 5 0
v 6 0
v 7 0
v 8 0
e 0 1 0
e 0 2 0
e 0 5 0
e 1 2 0
e 1 5 0
e 2 3 0
e 2 6 0
e 2 8 0
e 3 4 0
e 6 7 0
# 2
t 552
v 0 0
v 1 0
v 2 1
v 3 0
v 4 0
v 5 0
v 6 0
v 7 0
v 8 0
e 0 1 0
e 0 2 0
e 0 5 0
e 1 2 0
e 1 5 0
e 2 3 0
e 2 6 0
e 2 8 0
e 3 4 0
e 4 8 0
e 6 7 0
# 3
t 553
v 0 0
v 1 0
v 2 1
v 3 0
v 4 0
v 5 0
v 6 0
v 7 0
v 8 0
e 0 1 0
e 0 2 0
e 1 2 0
e 1 5 0
e 2 3 0
e 2 6 0
e 2 8 0
e 2 4 0
e 3 4 0
e 6 7 0
# 3
t 554
v 0 0
v 1 0
v 2 1
v 3 0
v 4 0
v 5 0
v 6 0
v 7 0
v 8 0
e 0 1 0
e 0 2 0
e 1 2 0
e 1 5 0
e 2 3 0
e 2 6 0
e 2 8 0
e 2 4 0
e 3 4 0
e 6 7 0
e 7 8 0
# 3
t 555
v 0 0
v 1 0
v 2 1
v 3 0
v 4 0
v 5 0
v 6 0
v 7 0
v 8 0
e 0 1 0
e 0 2 0
e 0 5 0
e 1 2 0
e 1 5 0
e 2 3 0
e 2 6 0
e 2 8 0
e 2 4 0
e 3 4 0
e 6 7 0
# 2
t 556
v 0 0
v 1 0
v 2 1
v 3 0
v 4 0
v 5 0
v 6 0
v 7 0
v 8 0
e 0 1 0
e 0 2 0
e 0 5 0
e 1 2 0
e 1 5 0
e 2 3 0
e 2 6 0
e 2 8 0
e 2 4 0
e 3 4 0
e 6 7 0
e 7 8 0
# 3
t 557
v 0 0
v 1 0
v 2 1
v 3 0
v 4 0
v 5 0
v 6 0
v 7 0
v 8 0
e 0 1 0
e 1 2 0
e 1 5 0
e 2 3 0
e 2 6 0
e 2 8 0
e 2 4 0
e 3 4 0
e 6 7 0
# 3
t 558
v 0 0
v 1 0
v 2 1
v 3 0
v 4 0
v 5 0
v 6 0
v 7 0
v 8 0
e 0 1 0
e 1 2 0
e 1 5 0
e 2 3 0
e 2 6 0
e 2 8 0
e 2 4 0
e 3 4 0
e 6 7 0
e 7 8 0
# 3
t 559
v 0 0
v 1 0
v 2 1
v 3 0
v 4 0
v 5 0
v 6 0
v 7 0
v 8 0
e 0 1 0
e 0 5 0
e 1 2 0
e 1 5 0
e 2 3 0
e 2 6 0
e 2 8 0
e 2 4 0
e 3 4 0
e 6 7 0
# 3
t 560
v 0 0
v 1 0
v 2 1
v 3 0
v 4 0
v 5 0
v 6 0
v 7 0
v 8 0
e 0 1 0
e 0 5 0
e 1 2 0
e 1 5 0
e 2 3 0
e 2 6 0
e 2 8 0
e 2 4 0
e 3 4 0
e 6 7 0
e 7 8 0
# 3
t 561
v 0 0
v 1 0
v 2 1
v 3 0
v 4 0
v 5 0
v 6 0
v 7 0
v 8 0
e 0 1 0
e 0 5 0
e 1 2 0
e 1 5 0
e 2 3 0
e 2 6 0
e 2 8 0
e 3 4 0
e 6 7 0
# 3
t 562
v 0 0
v 1 0
v 2 1
v 3 0
v 4 0
v 5 0
v 6 0
v 7 0
v 8 0
e 0 1 0
e 0 5 0
e 1 2 0
e 1 5 0
e 2 3 0
e 2 6 0
e 2 8 0
e 3 4 0
e 4 8 0
e 6 7 0
# 3
t 563
v 0 0
v 1 0
v 2 1
v 3 0
v 4 0
v 5 0
v 6 0
v 7 0
v 8 0
e 0 1 0
e 1 2 0
e 1 5 0
e 2 3 0
e 2 6 0
e 2 8 0
e 3 4 0
e 4 8 0
e 6 7 0
# 3
t 564
v 0 0
v 1 0
v 2 1
v 3 0
v 4 0
v 5 0
v 6 0
v 7 0
v 8 0
v 9 0
e 0 1 0
e 1 2 0
e 1 5 0
e 2 3 0
e 2 6 0
e 2 8 0
e 2 9 0
e 3 4 0
e 6 7 0
# 3
t 565
v 0 0
v 1 0
v 2 1
v 3 0
v 4 0
v 5 0
v 6 0
v 7 0
v 8 0
v 9 0
e 0 1 0
e 1 2 0
e 1 5 0
e 2 3 0
e 2 6 0
e 2 8 0
e 3 4 0
e 6 7 0
e 8 9 0
# 3
t 566
v 0 0
v 1 0
v 2 1
v 3 0
v 4 0
v 5 0
v 6 0
e 0 1 0
e 1 2 0
e 1 5 0
e 2 3 0
e 3 4 0
e 3 6 0
# 3
t 567
v 0 0
v 1 0
v 2 1
v 3 0
v 4 0
v 5 0
v 6 0
e 0 1 0
e 0 2 0
e 1 2 0
e 1 5 0
e 2 3 0
e 3 4 0
e 3 6 0
# 3
t 568
v 0 0
v 1 0
v 2 1
v 3 0
v 4 0
v 5 0
v 6 0
e 0 1 0
e 0 2 0
e 1 2 0
e 1 5 0
e 2 3 0
e 3 4 0
e 3 6 0
e 4 6 0
# 3
t 569
v 0 0
v 1 0
v 2 1
v 3 0
v 4 0
v 5 0
v 6 0
e 0 1 0
e 0 2 0
e 0 5 0
e 1 2 0
e 1 5 0
e 2 3 0
e 3 4 0
e 3 6 0
# 2
t 570
v 0 0
v 1 0
v 2 1
v 3 0
v 4 0
v 5 0
v 6 0
e 0 1 0
e 0 2 0
e 0 5 0
e 1 2 0
e 1 5 0
e 2 3 0
e 3 4 0
e 3 6 0
e 4 6 0
# 3
t 571
v 0 0
v 1 0
v 2 1
v 3 0
v 4 0
v 5 0
v 6 0
e 0 1 0
e 0 2 0
e 1 2 0
e 1 5 0
e 2 3 0
e 2 4 0
e 3 4 0
e 3 6 0
# 3
t 572
v 0 0
v 1 0
v 2 1
v 3 0
v 4 0
v 5 0
v 6 0
e 0 1 0
e 0 2 0
e 0 5 0
e 1 2 0
e 1 5 0
e 2 3 0
e 2 4 0
e 3 4 0
e 3 6 0
# 3
t 573
v 0 0
v 1 0
v 2 1
v 3 0
v 4 0
v 5 0
v 6 0
e 0 1 0
e 0 5 0
e 1 2 0
e 1 5 0
e 2 3 0
e 3 4 0
e 3 6 0
# 2
t 574
v 0 0
v 1 0
v 2 1
v 3 0
v 4 0
v 5 0
v 6 0
e 0 1 0
e 0 5 0
e 1 2 0
e 1 5 0
e 2 3 0
e 3 4 0
e 3 6 0
e 4 6 0
# 3
t 575
v 0 0
v 1 0
v 2 1
v 3 0
v 4 0
v 5 0
v 6 0
v 7 0
e 0 1 0
e 1 2 0
e 1 5 0
e 2 3 0
e 2 7 0
e 3 4 0
e 3 6 0
# 3
t 576
v 0 0
v 1 0
v 2 1
v 3 0
v 4 0
v 5 0
v 6 0
v 7 0
e 0 1 0
e 0 2 0
e 1 2 0
e 1 5 0
e 2 3 0
e 2 7 0
e 3 4 0
e 3 6 0
# 3
t 577
v 0 0
v 1 0
v 2 1
v 3 0
v 4 0
v 5 0
v 6 0
v 7 0
e 0 1 0
e 0 2 0
e 1 2 0
e 1 5 0
e 2 3 0
e 2 7 0
e 3 4 0
e 3 6 0
e 4 6 0
# 3
t 578
v 0 0
v 1 0
v 2 1
v 3 0
v 4 0
v 5 0
v 6 0
v 7 0
e 0 1 0
e 0 2 0
e 0 5 0
e 1 2 0
e 1 5 0
e 2 3 0
e 2 7 0
e 3 4 0
e 3 6 0
# 2
t 579
v 0 0
v 1 0
v 2 1
v 3 0
v 4 0
v 5 0
v 6 0
v 7 0
e 0 1 0
e 0 2 0
e 0 5 0
e 1 2 0
e 1 5 0
e 2 3 0
e 2 7 0
e 3 4 0
e 3 6 0
e 4 6 0
# 3
t 580
v 0 0
v 1 0
v 2 1
v 3 0
v 4 0
v 5 0
v 6 0
v 7 0
e 0 1 0
e 0 2 0
e 1 2 0
e 1 5 0
e 2 3 0
e 2 7 0
e 2 4 0
e 3 4 0
e 3 6 0
# 3
t 581
v 0 0
v 1 0
v 2 1
v 3 0
v 4 0
v 5 0
v 6 0
v 7 0
e 0 1 0
e 0 2 0
e 0 5 0
e 1 2 0
e 1 5 0
e 2 3 0
e 2 7 0
e 2 4 0
e 3 4 0
e 3 6 0
# 3
t 582
v 0 0
v 1 0
v 2 1
v 3 0
v 4 0
v 5 0
v 6 0
v 7 0
e 0 1 0
e 0 5 0
e 1 2 0
e 1 5 0
e 2 3 0
e 2 7 0
e 3 4 0
e 3 6 0
# 2
t 583
v 0 0
v 1 0
v 2 1
v 3 0
v 4 0
v 5 0
v 6 0
v 7 0
e 0 1 0
e 0 5 0
e 1 2 0
e 1 5 0
e 2 3 0
e 2 7 0
e 3 4 0
e 3 6 0
e 4 6 0
# 3
t 584
v 0 0
v 1 0
v 2 1
v 3 0
v 4 0
v 5 0
v 6 0
v 7 0
v 8 0
e 0 1 0
e 1 2 0
e 1 5 0
e 2 3 0
e 2 7 0
e 2 8 0
e 3 4 0
e 3 6 0
# 3
t 585
v 0 0
v 1 0
v 2 1
v 3 0
v 4 0
v 5 0
v 6 0
v 7 0
v 8 0
e 0 1 0
e 0 2 0
e 1 2 0
e 1 5 0
e 2 3 0
e 2 7 0
e 2 8 0
e 3 4 0
e 3 6 0
# 3
t 586
v 0 0
v 1 0
v 2 1
v 3 0
v 4 0
v 5 0
v 6 0
v 7 0
v 8 0
e 0 1 0
e 0 2 0
e 1 2 0
e 1 5 0
e 2 3 0
e 2 7 0
e 2 8 0
e 3 4 0
e 3 6 0
e 4 6 0
# 3
t 587
v 0 0
v 1 0
v 2 1
v 3 0
v 4 0
v 5 0
v 6 0
v 7 0
v 8 0
e 0 1 0
e 0 2 0
e 0 5 0
e 1 2 0
e 1 5 0
e 2 3 0
e 2 7 0
e 2 8 0
e 3 4 0
e 3 6 0
# 2
t 588
v 0 0
v 1 0
v 2 1
v 3 0
v 4 0
v 5 0
v 6 0
v 7 0
v 8 0
e 0 1 0
e 0 2 0
e 0 5 0
e 1 2 0
e 1 5 0
e 2 3 0
e 2 7 0
e 2 8 0
e 3 4 0
e 3 6 0
e 4 6 0
# 3
t 589
v 0 0
v 1 0
v 2 1
v 3 0
v 4 0
v 5 0
v 6 0
v 7 0
v 8 0
e 0 1 0
e 0 2 0
e 1 2 0
e 1 5 0
e 2 3 0
e 2 7 0
e 2 8 0
e 2 4 0
e 3 4 0
e 3 6 0
# 3
t 590
v 0 0
v 1 0
v 2 1
v 3 0
v 4 0
v 5 0
v 6 0
v 7 0
v 8 0
e 0 1 0
e 0 2 0
e 0 5 0
e 1 2 0
e 1 5 0
e 2 3 0
e 2 7 0
e 2 8 0
e 2 4 0
e 3 4 0
e 3 6 0
# 3
t 591
v 0 0
v 1 0
v 2 1
v 3 0
v 4 0
v 5 0
v 6 0
v 7 0
v 8 0
e 0 1 0
e 0 5 0
e 1 2 0
e 1 5 0
e 2 3 0
e 2 7 0
e 2 8 0
e 3 4 0
e 3 6 0
# 2
t 592
v 0 0
v 1 0
v 2 1
v 3 0
v 4 0
v 5 0
v 6 0
v 7 0
v 8 0
e 0 1 0
e 0 5 0
e 1 2 0
e 1 5 0
e 2 3 0
e 2 7 0
e 2 8 0
e 3 4 0
e 3 6 0
e 4 6 0
# 3
t 593
v 0 0
v 1 0
v 2 1
v 3 0
v 4 0
v 5 0
v 6 0
v 7 0
v 8 0
v 9 0
e 0 1 0
e 1 2 0
e 1 5 0
e 2 3 0
e 2 7 0
e 2 8 0
e 2 9 0
e 3 4 0
e 3 6 0
# 3
t 594
v 0 0
v 1 0
v 2 1
v 3 0
v 4 0
v 5 0
v 6 0
v 7 0
v 8 0
e 0 1 0
e 1 2 0
e 1 5 0
e 2 3 0
e 2 7 0
e 3 4 0
e 3 6 0
e 7 8 0
# 3
t 595
v 0 0
v 1 0
v 2 1
v 3 0
v 4 0
v 5 0
v 6 0
v 7 0
v 8 0
e 0 1 0
e 0 2 0
e 1 2 0
e 1 5 0
e 2 3 0
e 2 7 0
e 3 4 0
e 3 6 0
e 7 8 0
# 3
t 596
v 0 0
v 1 0
v 2 1
v 3 0
v 4 0
v 5 0
v 6 0
v 7 0
v 8 0
e 0 1 0
e 0 2 0
e 1 2 0
e 1 5 0
e 2 3 0
e 2 7 0
e 2 8 0
e 3 4 0
e 3 6 0
e 7 8 0
# 3
t 597
v 0 0
v 1 0
v 2 1
v 3 0
v 4 0
v 5 0
v 6 0
v 7 0
v 8 0
e 0 1 0
e 0 2 0
e 1 2 0
e 1 5 0
e 2 3 0
e 2 7 0
e 3 4 0
e 3 6 0
e 4 6 0
e 7 8 0
# 3
t 598
v 0 0
v 1 0
v 2 1
v 3 0
v 4 0
v 5 0
v 6 0
v 7 0
v 8 0
e 0 1 0
e 0 2 0
e 1 2 0
e 1 5 0
e 2 3 0
e 2 7 0
e 2 8 0
e 3 4 0
e 3 6 0
e 4 6 0
e 7 8 0
# 3
t 599
v 0 0
v 1 0
v 2 1
v 3 0
v 4 0
v 5 0
v 6 0
v 7 0
v 8 0
e 0 1 0
e 0 2 0
e 0 5 0
e 1 2 0
e 1 5 0
e 2 3 0
e 2 7 0
e 3 4 0
e 3 6 0
e 7 8 0
# 3
t 600
v 0 0
v 1 0
v 2 1
v 3 0
v 4 0
v 5 0
v 6 0
v 7 0
v 8 0
e 0 1 0
e 0 2 0
e 0 5 0
e 1 2 0
e 1 5 0
e 2 3 0
e 2 7 0
e 2 8 0
e 3 4 0
e 3 6 0
e 7 8 0
# 2
t 601
v 0 0
v 1 0
v 2 1
v 3 0
v 4 0
v 5 0
v 6 0
v 7 0
v 8 0
e 0 1 0
e 0 2 0
e 0 5 0
e 1 2 0
e 1 5 0
e 2 3 0
e 2 7 0
e 3 4 0
e 3 6 0
e 4 6 0
e 7 8 0
# 2
t 602
v 0 0
v 1 0
v 2 1
v 3 0
v 4 0
v 5 0
v 6 0
v 7 0
v 8 0
e 0 1 0
e 0 2 0
e 0 5 0
e 1 2 0
e 1 5 0
e 2 3 0
e 2 7 0
e 2 8 0
e 3 4 0
e 3 6 0
e 4 6 0
e 7 8 0
# 3
t 603
v 0 0
v 1 0
v 2 1
v 3 0
v 4 0
v 5 0
v 6 0
v 7 0
v 8 0
e 0 1 0
e 0 2 0
e 1 2 0
e 1 5 0
e 2 3 0
e 2 7 0
e 2 4 0
e 3 4 0
e 3 6 0
e 7 8 0
# 3
t 604
v 0 0
v 1 0
v 2 1
v 3 0
v 4 0
v 5 0
v 6 0
v 7 0
v 8 0
e 0 1 0
e 0 2 0
e 1 2 0
e 1 5 0
e 2 3 0
e 2 7 0
e 2 4 0
e 2 8 0
e 3 4 0
e 3 6 0
e 7 8 0
# 3
t 605
v 0 0
v 1 0
v 2 1
v 3 0
v 4 0
v 5 0
v 6 0
v 7 0
v 8 0
e 0 1 0
e 0 2 0
e 0 5 0
e 1 2 0
e 1 5 0
e 2 3 0
e 2 7 0
e 2 4 0
e 3 4 0
e 3 6 0
e 7 8 0
# 3
t 606
v 0 0
v 1 0
v 2 1
v 3 0
v 4 0
v 5 0
v 6 0
v 7 0
v 8 0
e 0 1 0
e 0 2 0
e 0 5 0
e 1 2 0
e 1 5 0
e 2 3 0
e 2 7 0
e 2 4 0
e 2 8 0
e 3 4 0
e 3 6 0
e 7 8 0
# 3
t 607
v 0 0
v 1 0
v 2 1
v 3 0
v 4 0
v 5 0
v 6 0
v 7 0
v 8 0
e 0 1 0
e 0 5 0
e 1 2 0
e 1 5 0
e 2 3 0
e 2 7 0
e 3 4 0
e 3 6 0
e 7 8 0
# 3
t 608
v 0 0
v 1 0
v 2 1
v 3 0
v 4 0
v 5 0
v 6 0
v 7 0
v 8 0
e 0 1 0
e 0 5 0
e 1 2 0
e 1 5 0
e 2 3 0
e 2 7 0
e 2 8 0
e 3 4 0
e 3 6 0
e 7 8 0
# 2
t 609
v 0 0
v 1 0
v 2 1
v 3 0
v 4 0
v 5 0
v 6 0
v 7 0
v 8 0
e 0 1 0
e 0 5 0
e 1 2 0
e 1 5 0
e 2 3 0
e 2 7 0
e 3 4 0
e 3 6 0
e 4 6 0
e 7 8 0
# 2
t 610
v 0 0
v 1 0
v 2 1
v 3 0
v 4 0
v 5 0
v 6 0
v 7 0
v 8 0
e 0 1 0
e 0 5 0
e 1 2 0
e 1 5 0
e 2 3 0
e 2 7 0
e 2 8 0
e 3 4 0
e 3 6 0
e 4 6 0
e 7 8 0
# 3
t 611
v 0 0
v 1 0
v 2 1
v 3 0
v 4 0
v 5 0
v 6 0
v 7 0
v 8 0
e 0 1 0
e 1 2 0
e 1 5 0
e 2 3 0
e 2 7 0
e 2 8 0
e 3 4 0
e 3 6 0
e 7 8 0
# 3
t 612
v 0 0
v 1 0
v 2 1
v 3 0
v 4 0
v 5 0
v 6 0
v 7 0
v 8 0
v 9 0
e 0 1 0
e 1 2 0
e 1 5 0
e 2 3 0
e 2 7 0
e 2 9 0
e 3 4 0
e 3 6 0
e 7 8 0
# 2
t 613
v 0 0
v 1 0
v 2 1
v 3 0
v 4 0
v 5 0
v 6 0
v 7 0
v 8 0
v 9 0
e 0 1 0
e 1 2 0
e 1 5 0
e 2 3 0
e 2 7 0
e 3 4 0
e 3 6 0
e 7 8 0
e 7 9 0
# 3
t 614
v 0 0
v 1 0
v 2 1
v 3 0
v 4 0
v 5 0
e 0 1 0
e 1 2 0
e 2 3 0
e 2 5 0
e 3 4 0
# 3
t 615
v 0 0
v 1 0
v 2 1
v 3 0
v 4 0
v 5 0
e 0 1 0
e 0 5 0
e 1 2 0
e 2 3 0
e 2 5 0
e 3 4 0
# 3
t 616
v 0 0
v 1 0
v 2 1
v 3 0
v 4 0
v 5 0
v 6 0
e 0 1 0
e 1 2 0
e 2 3 0
e 2 5 0
e 2 6 0
e 3 4 0
# 3
t 617
v 0 0
v 1 0
v 2 1
v 3 0
v 4 0
v 5 0
v 6 0
e 0 1 0
e 0 5 0
e 1 2 0
e 2 3 0
e 2 5 0
e 2 6 0
e 3 4 0
# 2
t 618
v 0 0
v 1 0
v 2 1
v 3 0
v 4 0
v 5 0
v 6 0
e 0 1 0
e 0 5 0
e 1 2 0
e 2 3 0
e 2 5 0
e 2 6 0
e 3 4 0
e 4 6 0
# 3
t 619
v 0 0
v 1 0
v 2 1
v 3 0
v 4 0
v 5 0
v 6 0
v 7 0
e 0 1 0
e 1 2 0
e 2 3 0
e 2 5 0
e 2 6 0
e 2 7 0
e 3 4 0
# 3
t 620
v 0 0
v 1 0
v 2 1
v 3 0
v 4 0
v 5 0
v 6 0
v 7 0
e 0 1 0
e 0 5 0
e 1 2 0
e 2 3 0
e 2 5 0
e 2 6 0
e 2 7 0
e 3 4 0
# 2
t 621
v 0 0
v 1 0
v 2 1
v 3 0
v 4 0
v 5 0
v 6 0
v 7 0
e 0 1 0
e 0 5 0
e 1 2 0
e 2 3 0
e 2 5 0
e 2 6 0
e 2 7 0
e 3 4 0
e 4 6 0
# 3
t 622
v 0 0
v 1 0
v 2 1
v 3 0
v 4 0
v 5 0
v 6 0
v 7 0
v 8 0
e 0 1 0
e 1 2 0
e 2 3 0
e 2 5 0
e 2 6 0
e 2 7 0
e 2 8 0
e 3 4 0
# 3
t 623
v 0 0
v 1 0
v 2 1
v 3 0
v 4 0
v 5 0
v 6 0
v 7 0
v 8 0
e 0 1 0
e 0 5 0
e 1 2 0
e 2 3 0
e 2 5 0
e 2 6 0
e 2 7 0
e 2 8 0
e 3 4 0
# 2
t 624
v 0 0
v 1 0
v 2 1
v 3 0
v 4 0
v 5 0
v 6 0
v 7 0
v 8 0
e 0 1 0
e 0 5 0
e 1 2 0
e 2 3 0
e 2 5 0
e 2 6 0
e 2 7 0
e 2 8 0
e 3 4 0
e 4 6 0
# 3
t 625
v 0 0
v 1 0
v 2 1
v 3 0
v 4 0
v 5 0
v 6 0
v 7 0
v 8 0
v 9 0
e 0 1 0
e 1 2 0
e 2 3 0
e 2 5 0
e 2 6 0
e 2 7 0
e 2 8 0
e 2 9 0
e 3 4 0
# 3
t 626
v 0 0
v 1 0
v 2 1
v 3 0
v 4 0
v 5 0
v 6 0
e 0 1 0
e 1 2 0
e 2 3 0
e 2 5 0
e 3 4 0
e 5 6 0
# 3
t 627
v 0 0
v 1 0
v 2 1
v 3 0
v 4 0
v 5 0
v 6 0
e 0 1 0
e 0 2 0
e 1 2 0
e 2 3 0
e 2 5 0
e 3 4 0
e 5 6 0
# 3
t 628
v 0 0
v 1 0
v 2 1
v 3 0
v 4 0
v 5 0
v 6 0
v 7 0
e 0 1 0
e 1 2 0
e 2 3 0
e 2 5 0
e 2 7 0
e 3 4 0
e 5 6 0
# 3
t 629
v 0 0
v 1 0
v 2 1
v 3 0
v 4 0
v 5 0
v 6 0
v 7 0
e 0 1 0
e 0 2 0
e 1 2 0
e 2 3 0
e 2 5 0
e 2 7 0
e 3 4 0
e 5 6 0
# 3
t 630
v 0 0
v 1 0
v 2 1
v 3 0
v 4 0
v 5 0
v 6 0
v 7 0
e 0 1 0
e 0 2 0
e 1 2 0
e 2 3 0
e 2 5 0
e 2 7 0
e 3 4 0
e 4 7 0
e 5 6 0
# 3
t 631
v 0 0
v 1 0
v 2 1
v 3 0
v 4 0
v 5 0
v 6 0
v 7 0
e 0 1 0
e 0 7 0
e 1 2 0
e 2 3 0
e 2 5 0
e 2 7 0
e 3 4 0
e 5 6 0
# 3
t 632
v 0 0
v 1 0
v 2 1
v 3 0
v 4 0
v 5 0
v 6 0
v 7 0
v 8 0
e 0 1 0
e 1 2 0
e 2 3 0
e 2 5 0
e 2 7 0
e 2 8 0
e 3 4 0
e 5 6 0
# 3
t 633
v 0 0
v 1 0
v 2 1
v 3 0
v 4 0
v 5 0
v 6 0
v 7 0
v 8 0
e 0 1 0
e 0 2 0
e 1 2 0
e 2 3 0
e 2 5 0
e 2 7 0
e 2 8 0
e 3 4 0
e 5 6 0
# 3
t 634
v 0 0
v 1 0
v 2 1
v 3 0
v 4 0
v 5 0
v 6 0
v 7 0
v 8 0
e 0 1 0
e 0 2 0
e 1 2 0
e 2 3 0
e 2 5 0
e 2 7 0
e 2 8 0
e 3 4 0
e 4 7 0
e 5 6 0
# 2
t 635
v 0 0
v 1 0
v 2 1
v 3 0
v 4 0
v 5 0
v 6 0
v 7 0
v 8 0
e 0 1 0
e 0 2 0
e 1 2 0
e 2 3 0
e 2 5 0
e 2 7 0
e 2 8 0
e 3 4 0
e 4 7 0
e 5 6 0
e 6 8 0
# 3
t 636
v 0 0
v 1 0
v 2 1
v 3 0
v 4 0
v 5 0
v 6 0
v 7 0
v 8 0
e 0 1 0
e 0 7 0
e 1 2 0
e 2 3 0
e 2 5 0
e 2 7 0
e 2 8 0
e 3 4 0
e 5 6 0
# 2
t 637
v 0 0
v 1 0
v 2 1
v 3 0
v 4 0
v 5 0
v 6 0
v 7 0
v 8 0
e 0 1 0
e 0 7 0
e 1 2 0
e 2 3 0
e 2 5 0
e 2 7 0
e 2 8 0
e 3 4 0
e 4 8 0
e 5 6 0
# 3
t 638
v 0 0
v 1 0
v 2 1
v 3 0
v 4 0
v 5 0
v 6 0
v 7 0
v 8 0
v 9 0
e 0 1 0
e 1 2 0
e 2 3 0
e 2 5 0
e 2 7 0
e 2 8 0
e 2 9 0
e 3 4 0
e 5 6 0
# 3
t 639
v 0 0
v 1 0
v 2 1
v 3 0
v 4 0
v 5 0
v 6 0
v 7 0
v 8 0
e 0 1 0
e 1 2 0
e 2 3 0
e 2 5 0
e 2 7 0
e 3 4 0
e 5 6 0
e 7 8 0
# 3
t 640
v 0 0
v 1 0
v 2 1
v 3 0
v 4 0
v 5 0
v 6 0
v 7 0
v 8 0
e 0 1 0
e 0 2 0
e 1 2 0
e 2 3 0
e 2 5 0
e 2 7 0
e 3 4 0
e 5 6 0
e 7 8 0
# 3
t 641
v 0 0
v 1 0
v 2 1
v 3 0
v 4 0
v 5 0
v 6 0
v 7 0
v 8 0
e 0 1 0
e 0 2 0
e 1 2 0
e 2 3 0
e 2 5 0
e 2 7 0
e 2 4 0
e 3 4 0
e 5 6 0
e 7 8 0
# 3
t 642
v 0 0
v 1 0
v 2 1
v 3 0
v 4 0
v 5 0
v 6 0
v 7 0
v 8 0
v 9 0
e 0 1 0
e 1 2 0
e 2 3 0
e 2 5 0
e 2 7 0
e 2 9 0
e 3 4 0
e 5 6 0
e 7 8 0
# 3
t 643
v 0 0
v 1 1
e 0 1 0
# 3
t 644
v 0 0
v 1 1
v 2 0
e 0 1 0
e 1 2 0
# 3
t 645
v 0 0
v 1 1
v 2 0
v 3 0
e 0 1 0
e 1 2 0
e 1 3 0
# 3
t 646
v 0 0
v 1 1
v 2 0
v 3 0
e 0 1 0
e 0 2 0
e 1 2 0
e 1 3 0
# 3
t 647
v 0 0
v 1 1
v 2 0
v 3 0
v 4 0
e 0 1 0
e 1 2 0
e 1 3 0
e 1 4 0
# 3
t 648
v 0 0
v 1 1
v 2 0
v 3 0
v 4 0
e 0 1 0
e 0 2 0
e 1 2 0
e 1 3 0
e 1 4 0
# 3
t 649
v 0 0
v 1 1
v 2 0
v 3 0
v 4 0
e 0 1 0
e 0 2 0
e 1 2 0
e 1 3 0
e 1 4 0
e 3 4 0
# 3
t 650
v 0 0
v 1 1
v 2 0
v 3 0
v 4 0
v 5 0
e 0 1 0
e 1 2 0
e 1 3 0
e 1 4 0
e 1 5 0
# 3
t 651
v 0 0
v 1 1
v 2 0
v 3 0
v 4 0
v 5 0
e 0 1 0
e 0 2 0
e 1 2 0
e 1 3 0
e 1 4 0
e 1 5 0
# 3
t 652
v 0 0
v 1 1
v 2 0
v 3 0
v 4 0
v 5 0
e 0 1 0
e 0 2 0
e 1 2 0
e 1 3 0
e 1 4 0
e 1 5 0
e 3 4 0
# 3
t 653
v 0 0
v 1 1
v 2 0
v 3 0
v 4 0
v 5 0
v 6 0
e 0 1 0
e 1 2 0
e 1 3 0
e 1 4 0
e 1 5 0
e 1 6 0
# 3
t 654
v 0 0
v 1 1
v 2 0
v 3 0
v 4 0
v 5 0
v 6 0
e 0 1 0
e 0 2 0
e 1 2 0
e 1 3 0
e 1 4 0
e 1 5 0
e 1 6 0
# 3
t 655
v 0 0
v 1 1
v 2 0
v 3 0
v 4 0
v 5 0
v 6 0
e 0 1 0
e 0 2 0
e 1 2 0
e 1 3 0
e 1 4 0
e 1 5 0
e 1 6 0
e 3 4 0
# 3
t 656
v 0 0
v 1 1
v 2 0
v 3 0
v 4 0
v 5 0
v 6 0
e 0 1 0
e 0 2 0
e 1 2 0
e 1 3 0
e 1 4 0
e 1 5 0
e 1 6 0
e 3 4 0
e 5 6 0
# 3
t 657
v 0 0
v 1 1
v 2 0
v 3 0
v 4 0
v 5 0
v 6 0
v 7 0
e 0 1 0
e 1 2 0
e 1 3 0
e 1 4 0
e 1 5 0
e 1 6 0
e 1 7 0
# 3
t 658
v 0 0
v 1 1
v 2 0
v 3 0
v 4 0
v 5 0
v 6 0
v 7 0
e 0 1 0
e 0 2 0
e 1 2 0
e 1 3 0
e 1 4 0
e 1 5 0
e 1 6 0
e 1 7 0
# 3
t 659
v 0 0
v 1 1
v 2 0
v 3 0
v 4 0
v 5 0
v 6 0
v 7 0
e 0 1 0
e 0 2 0
e 1 2 0
e 1 3 0
e 1 4 0
e 1 5 0
e 1 6 0
e 1 7 0
e 3 4 0
# 3
t 660
v 0 0
v 1 1
v 2 0
v 3 0
v 4 0
v 5 0
v 6 0
v 7 0
e 0 1 0
e 0 2 0
e 1 2 0
e 1 3 0
e 1 4 0
e 1 5 0
e 1 6 0
e 1 7 0
e 3 4 0
e 5 6 0
# 2
t 661
v 0 0
v 1 1
v 2 0
v 3 0
v 4 0
v 5 0
v 6 0
v 7 0
v 8 0
e 0 1 0
e 1 2 0
e 1 3 0
e 1 4 0
e 1 5 0
e 1 6 0
e 1 7 0
e 1 8 0
# 2
t 662
v 0 0
v 1 1
v 2 0
v 3 0
v 4 0
v 5 0
v 6 0
v 7 0
v 8 0
e 0 1 0
e 0 2 0
e 1 2 0
e 1 3 0
e 1 4 0
e 1 5 0
e 1 6 0
e 1 7 0
e 1 8 0
# 2
t 663
v 0 0
v 1 1
v 2 0
v 3 0
v 4 0
v 5 0
v 6 0
v 7 0
v 8 0
e 0 1 0
e 0 2 0
e 1 2 0
e 1 3 0
e 1 4 0
e 1 5 0
e 1 6 0
e 1 7 0
e 1 8 0
e 3 4 0
# 2
t 664
v 0 0
v 1 1
v 2 0
v 3 0
v 4 0
v 5 0
v 6 0
v 7 0
v 8 0
e 0 1 0
e 0 2 0
e 1 2 0
e 1 3 0
e 1 4 0
e 1 5 0
e 1 6 0
e 1 7 0
e 1 8 0
e 3 4 0
e 5 6 0
