# 3
t 1
v 0 0
v 1 0
e 0 1 0
# 3
t 2
v 0 0
v 1 0
v 2 0
e 0 1 0
e 1 2 0
# 3
t 3
v 0 0
v 1 0
v 2 0
e 0 1 0
e 0 2 0
e 1 2 0
# 2
t 4
v 0 0
v 1 0
v 2 0
v 3 0
e 0 1 0
e 1 2 0
e 1 3 0
# 2
t 5
v 0 0
v 1 0
v 2 0
v 3 0
v 4 1
e 0 1 0
e 1 2 0
e 1 3 0
e 1 4 0
# 3
t 6
v 0 0
v 1 0
v 2 0
v 3 1
e 0 1 0
e 1 2 0
e 1 3 0
# 3
t 7
v 0 0
v 1 0
v 2 0
v 3 1
e 0 1 0
e 0 2 0
e 1 2 0
e 1 3 0
# 3
t 8
v 0 0
v 1 0
v 2 0
v 3 1
e 0 1 0
e 1 2 0
e 2 3 0
# 3
t 9
v 0 0
v 1 0
v 2 0
v 3 1
v 4 0
e 0 1 0
e 1 2 0
e 2 3 0
e 3 4 0
# 3
t 10
v 0 0
v 1 0
v 2 0
v 3 1
v 4 0
v 5 0
e 0 1 0
e 1 2 0
e 2 3 0
e 3 4 0
e 3 5 0
# 3
t 11
v 0 0
v 1 0
v 2 0
v 3 1
v 4 0
v 5 0
v 6 0
e 0 1 0
e 1 2 0
e 2 3 0
e 3 4 0
e 3 5 0
e 3 6 0
# 3
t 12
v 0 0
v 1 0
v 2 0
v 3 1
v 4 0
v 5 0
e 0 1 0
e 1 2 0
e 2 3 0
e 3 4 0
e 4 5 0
# 3
t 13
v 0 0
v 1 0
v 2 0
v 3 1
v 4 0
v 5 0
v 6 0
e 0 1 0
e 1 2 0
e 2 3 0
e 3 4 0
e 3 6 0
e 4 5 0
# 3
t 14
v 0 0
v 1 0
v 2 0
v 3 1
v 4 0
v 5 0
v 6 0
v 7 0
e 0 1 0
e 1 2 0
e 2 3 0
e 3 4 0
e 3 6 0
e 3 7 0
e 4 5 0
# 3
t 15
v 0 0
v 1 0
v 2 0
v 3 1
v 4 0
v 5 0
v 6 0
v 7 0
e 0 1 0
e 1 2 0
e 2 3 0
e 3 4 0
e 3 6 0
e 4 5 0
e 6 7 0
# 3
t 16
v 0 0
v 1 0
v 2 0
v 3 1
v 4 0
v 5 0
v 6 0
v 7 0
v 8 0
e 0 1 0
e 1 2 0
e 2 3 0
e 3 4 0
e 3 6 0
e 3 8 0
e 4 5 0
e 6 7 0
# 3
t 17
v 0 0
v 1 0
v 2 0
v 3 1
v 4 0
v 5 0
v 6 0
v 7 0
v 8 0
v 9 0
e 0 1 0
e 1 2 0
e 2 3 0
e 3 4 0
e 3 6 0
e 3 8 0
e 4 5 0
e 6 7 0
e 8 9 0
# 3
t 18
v 0 0
v 1 0
v 2 0
v 3 1
v 4 0
v 5 0
v 6 0
e 0 1 0
e 1 2 0
e 2 3 0
e 3 4 0
e 4 5 0
e 4 6 0
# 2
t 19
v 0 0
v 1 0
v 2 0
v 3 1
v 4 0
v 5 0
v 6 0
e 0 1 0
e 1 2 0
e 2 3 0
e 3 4 0
e 4 5 0
e 4 6 0
e 5 6 0
# 3
t 20
v 0 0
v 1 0
v 2 0
v 3 1
v 4 0
v 5 0
v 6 0
v 7 0
e 0 1 0
e 1 2 0
e 2 3 0
e 3 4 0
e 3 7 0
e 4 5 0
e 4 6 0
# 2
t 21
v 0 0
v 1 0
v 2 0
v 3 1
v 4 0
v 5 0
v 6 0
v 7 0
e 0 1 0
e 1 2 0
e 2 3 0
e 3 4 0
e 3 7 0
e 4 5 0
e 4 6 0
e 5 6 0
# 3
t 22
v 0 0
v 1 0
v 2 0
v 3 1
v 4 0
v 5 0
v 6 0
v 7 0
v 8 0
e 0 1 0
e 1 2 0
e 2 3 0
e 3 4 0
e 3 7 0
e 3 8 0
e 4 5 0
e 4 6 0
# 2
t 23
v 0 0
v 1 0
v 2 0
v 3 1
v 4 0
v 5 0
v 6 0
v 7 0
v 8 0
e 0 1 0
e 1 2 0
e 2 3 0
e 3 4 0
e 3 7 0
e 3 8 0
e 4 5 0
e 4 6 0
e 5 6 0
# 3
t 24
v 0 0
v 1 0
v 2 0
v 3 1
v 4 0
v 5 0
v 6 0
v 7 0
v 8 0
e 0 1 0
e 1 2 0
e 2 3 0
e 3 4 0
e 3 7 0
e 4 5 0
e 4 6 0
e 7 8 0
# 2
t 25
v 0 0
v 1 0
v 2 0
v 3 1
v 4 0
v 5 0
v 6 0
v 7 0
v 8 0
e 0 1 0
e 1 2 0
e 2 3 0
e 3 4 0
e 3 7 0
e 4 5 0
e 4 6 0
e 5 6 0
e 7 8 0
# 3
t 26
v 0 0
v 1 0
v 2 0
v 3 1
v 4 0
v 5 0
v 6 0
v 7 0
v 8 0
v 9 0
e 0 1 0
e 1 2 0
e 2 3 0
e 3 4 0
e 3 7 0
e 3 9 0
e 4 5 0
e 4 6 0
e 7 8 0
# 3
t 27
v 0 0
v 1 0
v 2 0
v 3 1
v 4 0
v 5 0
v 6 0
v 7 0
v 8 0
v 9 0
e 0 1 0
e 1 2 0
e 2 3 0
e 3 4 0
e 3 7 0
e 4 5 0
e 4 6 0
e 7 8 0
e 7 9 0
# 2
t 28
v 0 0
v 1 0
v 2 0
v 3 1
v 4 0
v 5 0
v 6 0
v 7 0
e 0 1 0
e 1 2 0
e 2 3 0
e 3 4 0
e 4 5 0
e 4 6 0
e 4 7 0
# 2
t 29
v 0 0
v 1 0
v 2 0
v 3 1
v 4 0
v 5 0
v 6 0
v 7 0
v 8 0
e 0 1 0
e 1 2 0
e 2 3 0
e 3 4 0
e 3 8 0
e 4 5 0
e 4 6 0
e 4 7 0
# 2
t 30
v 0 0
v 1 0
v 2 0
v 3 1
v 4 0
v 5 0
v 6 0
v 7 0
v 8 0
v 9 0
e 0 1 0
e 1 2 0
e 2 3 0
e 3 4 0
e 3 8 0
e 3 9 0
e 4 5 0
e 4 6 0
e 4 7 0
# 2
t 31
v 0 0
v 1 0
v 2 0
v 3 1
v 4 0
v 5 0
v 6 0
v 7 0
v 8 0
v 9 0
e 0 1 0
e 1 2 0
e 2 3 0
e 3 4 0
e 3 8 0
e 4 5 0
e 4 6 0
e 4 7 0
e 8 9 0
# 2
t 32
v 0 0
v 1 0
v 2 0
v 3 1
v 4 0
v 5 0
v 6 0
e 0 1 0
e 1 2 0
e 2 3 0
e 3 4 0
e 4 5 0
e 5 6 0
# 2
t 33
v 0 0
v 1 0
v 2 0
v 3 1
v 4 0
v 5 0
v 6 0
v 7 0
e 0 1 0
e 1 2 0
e 2 3 0
e 3 4 0
e 3 7 0
e 4 5 0
e 5 6 0
# 2
t 34
v 0 0
v 1 0
v 2 0
v 3 1
v 4 0
v 5 0
v 6 0
v 7 0
v 8 0
e 0 1 0
e 1 2 0
e 2 3 0
e 3 4 0
e 3 7 0
e 3 8 0
e 4 5 0
e 5 6 0
# 2
t 35
v 0 0
v 1 0
v 2 0
v 3 1
v 4 0
v 5 0
v 6 0
v 7 0
v 8 0
e 0 1 0
e 1 2 0
e 2 3 0
e 3 4 0
e 3 7 0
e 4 5 0
e 5 6 0
e 7 8 0
# 2
t 36
v 0 0
v 1 0
v 2 0
v 3 1
v 4 0
v 5 0
v 6 0
v 7 0
v 8 0
v 9 0
e 0 1 0
e 1 2 0
e 2 3 0
e 3 4 0
e 3 7 0
e 3 9 0
e 4 5 0
e 5 6 0
e 7 8 0
# 2
t 37
v 0 0
v 1 0
v 2 0
v 3 1
v 4 0
v 5 0
v 6 0
v 7 0
v 8 0
v 9 0
e 0 1 0
e 1 2 0
e 2 3 0
e 3 4 0
e 3 7 0
e 4 5 0
e 5 6 0
e 7 8 0
e 7 9 0
# 3
t 38
v 0 0
v 1 0
v 2 1
e 0 1 0
e 1 2 0
# 3
t 39
v 0 0
v 1 0
v 2 1
v 3 0
e 0 1 0
e 1 2 0
e 2 3 0
# 3
t 40
v 0 0
v 1 0
v 2 1
v 3 0
v 4 0
e 0 1 0
e 1 2 0
e 1 4 0
e 2 3 0
# 3
t 41
v 0 0
v 1 0
v 2 1
v 3 0
v 4 0
e 0 1 0
e 0 4 0
e 1 2 0
e 1 4 0
e 2 3 0
# 3
t 42
v 0 0
v 1 0
v 2 1
v 3 0
v 4 0
v 5 0
e 0 1 0
e 1 2 0
e 1 4 0
e 2 3 0
e 2 5 0
# 3
t 43
v 0 0
v 1 0
v 2 1
v 3 0
v 4 0
v 5 0
e 0 1 0
e 0 4 0
e 1 2 0
e 1 4 0
e 2 3 0
e 2 5 0
# 3
t 44
v 0 0
v 1 0
v 2 1
v 3 0
v 4 0
v 5 0
v 6 0
e 0 1 0
e 1 2 0
e 1 4 0
e 2 3 0
e 2 5 0
e 2 6 0
# 3
t 45
v 0 0
v 1 0
v 2 1
v 3 0
v 4 0
v 5 0
v 6 0
e 0 1 0
e 0 4 0
e 1 2 0
e 1 4 0
e 2 3 0
e 2 5 0
e 2 6 0
# 2
t 46
v 0 0
v 1 0
v 2 1
v 3 0
v 4 0
v 5 0
e 0 1 0
e 1 2 0
e 1 4 0
e 1 5 0
e 2 3 0
# 2
t 47
v 0 0
v 1 0
v 2 1
v 3 0
v 4 0
v 5 0
v 6 0
e 0 1 0
e 1 2 0
e 1 4 0
e 1 5 0
e 2 3 0
e 2 6 0
# 2
t 48
v 0 0
v 1 0
v 2 1
v 3 0
v 4 0
v 5 0
v 6 0
v 7 0
e 0 1 0
e 1 2 0
e 1 4 0
e 1 5 0
e 2 3 0
e 2 6 0
e 2 7 0
# 3
t 49
v 0 0
v 1 0
v 2 1
v 3 0
v 4 0
e 0 1 0
e 1 2 0
e 2 3 0
e 2 4 0
# 3
t 50
v 0 0
v 1 0
v 2 1
v 3 0
v 4 0
v 5 0
e 0 1 0
e 1 2 0
e 2 3 0
e 2 4 0
e 2 5 0
# 3
t 51
v 0 0
v 1 0
v 2 1
v 3 0
v 4 0
e 0 1 0
e 1 2 0
e 2 3 0
e 3 4 0
# 3
t 52
v 0 0
v 1 0
v 2 1
v 3 0
v 4 0
v 5 0
e 0 1 0
e 1 2 0
e 1 5 0
e 2 3 0
e 3 4 0
# 3
t 53
v 0 0
v 1 0
v 2 1
v 3 0
v 4 0
v 5 0
e 0 1 0
e 0 5 0
e 1 2 0
e 1 5 0
e 2 3 0
e 3 4 0
# 3
t 54
v 0 0
v 1 0
v 2 1
v 3 0
v 4 0
v 5 0
v 6 0
e 0 1 0
e 1 2 0
e 1 5 0
e 2 3 0
e 2 6 0
e 3 4 0
# 3
t 55
v 0 0
v 1 0
v 2 1
v 3 0
v 4 0
v 5 0
v 6 0
e 0 1 0
e 0 5 0
e 1 2 0
e 1 5 0
e 2 3 0
e 2 6 0
e 3 4 0
# 3
t 56
v 0 0
v 1 0
v 2 1
v 3 0
v 4 0
v 5 0
v 6 0
v 7 0
e 0 1 0
e 1 2 0
e 1 5 0
e 2 3 0
e 2 6 0
e 2 7 0
e 3 4 0
# 3
t 57
v 0 0
v 1 0
v 2 1
v 3 0
v 4 0
v 5 0
v 6 0
v 7 0
e 0 1 0
e 0 5 0
e 1 2 0
e 1 5 0
e 2 3 0
e 2 6 0
e 2 7 0
e 3 4 0
# 3
t 58
v 0 0
v 1 0
v 2 1
v 3 0
v 4 0
v 5 0
v 6 0
v 7 0
e 0 1 0
e 1 2 0
e 1 5 0
e 2 3 0
e 2 6 0
e 3 4 0
e 6 7 0
# 3
t 59
v 0 0
v 1 0
v 2 1
v 3 0
v 4 0
v 5 0
v 6 0
v 7 0
e 0 1 0
e 0 5 0
e 1 2 0
e 1 5 0
e 2 3 0
e 2 6 0
e 3 4 0
e 6 7 0
# 3
t 60
v 0 0
v 1 0
v 2 1
v 3 0
v 4 0
v 5 0
v 6 0
v 7 0
v 8 0
e 0 1 0
e 1 2 0
e 1 5 0
e 2 3 0
e 2 6 0
e 2 8 0
e 3 4 0
e 6 7 0
# 3
t 61
v 0 0
v 1 0
v 2 1
v 3 0
v 4 0
v 5 0
v 6 0
v 7 0
v 8 0
e 0 1 0
e 0 5 0
e 1 2 0
e 1 5 0
e 2 3 0
e 2 6 0
e 2 8 0
e 3 4 0
e 6 7 0
# 3
t 62
v 0 0
v 1 0
v 2 1
v 3 0
v 4 0
v 5 0
v 6 0
v 7 0
v 8 0
v 9 0
e 0 1 0
e 1 2 0
e 1 5 0
e 2 3 0
e 2 6 0
e 2 8 0
e 3 4 0
e 6 7 0
e 8 9 0
# 3
t 63
v 0 0
v 1 0
v 2 1
v 3 0
v 4 0
v 5 0
v 6 0
e 0 1 0
e 1 2 0
e 1 5 0
e 2 3 0
e 3 4 0
e 3 6 0
# 3
t 64
v 0 0
v 1 0
v 2 1
v 3 0
v 4 0
v 5 0
v 6 0
e 0 1 0
e 0 5 0
e 1 2 0
e 1 5 0
e 2 3 0
e 3 4 0
e 3 6 0
# 3
t 65
v 0 0
v 1 0
v 2 1
v 3 0
v 4 0
v 5 0
v 6 0
v 7 0
e 0 1 0
e 1 2 0
e 1 5 0
e 2 3 0
e 2 7 0
e 3 4 0
e 3 6 0
# 3
t 66
v 0 0
v 1 0
v 2 1
v 3 0
v 4 0
v 5 0
v 6 0
v 7 0
e 0 1 0
e 0 5 0
e 1 2 0
e 1 5 0
e 2 3 0
e 2 7 0
e 3 4 0
e 3 6 0
# 3
t 67
v 0 0
v 1 0
v 2 1
v 3 0
v 4 0
v 5 0
v 6 0
v 7 0
v 8 0
e 0 1 0
e 1 2 0
e 1 5 0
e 2 3 0
e 2 7 0
e 2 8 0
e 3 4 0
e 3 6 0
# 3
t 68
v 0 0
v 1 0
v 2 1
v 3 0
v 4 0
v 5 0
v 6 0
v 7 0
v 8 0
e 0 1 0
e 0 5 0
e 1 2 0
e 1 5 0
e 2 3 0
e 2 7 0
e 2 8 0
e 3 4 0
e 3 6 0
# 3
t 69
v 0 0
v 1 0
v 2 1
v 3 0
v 4 0
v 5 0
v 6 0
v 7 0
v 8 0
e 0 1 0
e 1 2 0
e 1 5 0
e 2 3 0
e 2 7 0
e 3 4 0
e 3 6 0
e 7 8 0
# 3
t 70
v 0 0
v 1 0
v 2 1
v 3 0
v 4 0
v 5 0
v 6 0
v 7 0
v 8 0
e 0 1 0
e 0 5 0
e 1 2 0
e 1 5 0
e 2 3 0
e 2 7 0
e 3 4 0
e 3 6 0
e 7 8 0
# 3
t 71
v 0 0
v 1 0
v 2 1
v 3 0
v 4 0
v 5 0
v 6 0
v 7 0
v 8 0
v 9 0
e 0 1 0
e 1 2 0
e 1 5 0
e 2 3 0
e 2 7 0
e 2 9 0
e 3 4 0
e 3 6 0
e 7 8 0
# 3
t 72
v 0 0
v 1 0
v 2 1
v 3 0
v 4 0
v 5 0
v 6 0
v 7 0
v 8 0
v 9 0
e 0 1 0
e 1 2 0
e 1 5 0
e 2 3 0
e 2 7 0
e 3 4 0
e 3 6 0
e 7 8 0
e 7 9 0
# 2
t 73
v 0 0
v 1 0
v 2 1
v 3 0
v 4 0
v 5 0
v 6 0
e 0 1 0
e 1 2 0
e 1 5 0
e 1 6 0
e 2 3 0
e 3 4 0
# 2
t 74
v 0 0
v 1 0
v 2 1
v 3 0
v 4 0
v 5 0
v 6 0
v 7 0
e 0 1 0
e 1 2 0
e 1 5 0
e 1 6 0
e 2 3 0
e 2 7 0
e 3 4 0
# 2
t 75
v 0 0
v 1 0
v 2 1
v 3 0
v 4 0
v 5 0
v 6 0
v 7 0
v 8 0
e 0 1 0
e 1 2 0
e 1 5 0
e 1 6 0
e 2 3 0
e 2 7 0
e 2 8 0
e 3 4 0
# 2
t 76
v 0 0
v 1 0
v 2 1
v 3 0
v 4 0
v 5 0
v 6 0
v 7 0
v 8 0
e 0 1 0
e 1 2 0
e 1 5 0
e 1 6 0
e 2 3 0
e 2 7 0
e 3 4 0
e 7 8 0
# 2
t 77
v 0 0
v 1 0
v 2 1
v 3 0
v 4 0
v 5 0
v 6 0
v 7 0
v 8 0
v 9 0
e 0 1 0
e 1 2 0
e 1 5 0
e 1 6 0
e 2 3 0
e 2 7 0
e 2 9 0
e 3 4 0
e 7 8 0
# 2
t 78
v 0 0
v 1 0
v 2 1
v 3 0
v 4 0
v 5 0
v 6 0
v 7 0
e 0 1 0
e 1 2 0
e 1 5 0
e 1 6 0
e 2 3 0
e 3 4 0
e 3 7 0
# 2
t 79
v 0 0
v 1 0
v 2 1
v 3 0
v 4 0
v 5 0
v 6 0
v 7 0
e 0 1 0
e 1 2 0
e 1 5 0
e 1 6 0
e 2 3 0
e 3 4 0
e 3 7 0
e 4 7 0
# 2
t 80
v 0 0
v 1 0
v 2 1
v 3 0
v 4 0
v 5 0
v 6 0
v 7 0
v 8 0
e 0 1 0
e 1 2 0
e 1 5 0
e 1 6 0
e 2 3 0
e 2 8 0
e 3 4 0
e 3 7 0
# 2
t 81
v 0 0
v 1 0
v 2 1
v 3 0
v 4 0
v 5 0
v 6 0
v 7 0
v 8 0
e 0 1 0
e 1 2 0
e 1 5 0
e 1 6 0
e 2 3 0
e 2 8 0
e 3 4 0
e 3 7 0
e 4 7 0
# 2
t 82
v 0 0
v 1 0
v 2 1
v 3 0
v 4 0
v 5 0
v 6 0
v 7 0
v 8 0
v 9 0
e 0 1 0
e 1 2 0
e 1 5 0
e 1 6 0
e 2 3 0
e 2 8 0
e 2 9 0
e 3 4 0
e 3 7 0
# 2
t 83
v 0 0
v 1 0
v 2 1
v 3 0
v 4 0
v 5 0
v 6 0
v 7 0
v 8 0
v 9 0
e 0 1 0
e 1 2 0
e 1 5 0
e 1 6 0
e 2 3 0
e 2 8 0
e 3 4 0
e 3 7 0
e 8 9 0
# 3
t 84
v 0 0
v 1 0
v 2 1
v 3 0
v 4 0
v 5 0
e 0 1 0
e 1 2 0
e 2 3 0
e 2 5 0
e 3 4 0
# 3
t 85
v 0 0
v 1 0
v 2 1
v 3 0
v 4 0
v 5 0
v 6 0
e 0 1 0
e 1 2 0
e 2 3 0
e 2 5 0
e 2 6 0
e 3 4 0
# 3
t 86
v 0 0
v 1 0
v 2 1
v 3 0
v 4 0
v 5 0
v 6 0
e 0 1 0
e 1 2 0
e 2 3 0
e 2 5 0
e 3 4 0
e 5 6 0
# 3
t 87
v 0 0
v 1 0
v 2 1
v 3 0
v 4 0
v 5 0
v 6 0
v 7 0
e 0 1 0
e 1 2 0
e 2 3 0
e 2 5 0
e 2 7 0
e 3 4 0
e 5 6 0
# 3
t 88
v 0 0
v 1 0
v 2 1
v 3 0
v 4 0
v 5 0
v 6 0
v 7 0
v 8 0
e 0 1 0
e 1 2 0
e 2 3 0
e 2 5 0
e 2 7 0
e 3 4 0
e 5 6 0
e 7 8 0
# 3
t 89
v 0 0
v 1 1
e 0 1 0
# 3
t 90
v 0 0
v 1 1
v 2 0
e 0 1 0
e 1 2 0
# 3
t 91
v 0 0
v 1 1
v 2 0
v 3 0
e 0 1 0
e 1 2 0
e 1 3 0
# 3
t 92
v 0 0
v 1 1
v 2 0
v 3 0
v 4 0
e 0 1 0
e 1 2 0
e 1 3 0
e 1 4 0
