# 3
t 1
v 0 0
v 1 0
e 0 1 0
# 3
t 2
v 0 0
v 1 0
v 2 0
e 0 1 0
e 1 2 0
# 3
t 3
v 0 0
v 1 0
v 2 0
e 0 1 0
e 0 2 0
e 1 2 0
# 3
t 4
v 0 0
v 1 0
v 2 0
v 3 0
e 0 1 0
e 1 2 0
e 1 3 0
# 3
t 5
v 0 0
v 1 0
v 2 0
v 3 0
e 0 1 0
e 0 2 0
e 1 2 0
e 1 3 0
# 3
t 6
v 0 0
v 1 0
v 2 0
v 3 0
e 0 1 0
e 0 2 0
e 0 3 0
e 1 2 0
e 1 3 0
# 3
t 7
v 0 0
v 1 0
v 2 0
v 3 0
v 4 0
e 0 1 0
e 1 2 0
e 1 3 0
e 1 4 0
# 3
t 8
v 0 0
v 1 0
v 2 0
v 3 0
v 4 0
e 0 1 0
e 0 2 0
e 1 2 0
e 1 3 0
e 1 4 0
# 3
t 9
v 0 0
v 1 0
v 2 0
v 3 0
v 4 0
e 0 1 0
e 0 2 0
e 1 2 0
e 1 3 0
e 1 4 0
e 3 4 0
# 3
t 10
v 0 0
v 1 0
v 2 0
v 3 1
e 0 1 0
e 1 2 0
e 1 3 0
# 3
t 11
v 0 0
v 1 0
v 2 0
v 3 1
e 0 1 0
e 0 2 0
e 1 2 0
e 1 3 0
# 3
t 12
v 0 0
v 1 0
v 2 0
v 3 0
e 0 1 0
e 1 2 0
e 2 3 0
# 3
t 13
v 0 0
v 1 0
v 2 0
v 3 0
e 0 1 0
e 0 3 0
e 1 2 0
e 2 3 0
# 3
t 14
v 0 0
v 1 0
v 2 0
v 3 0
v 4 0
e 0 1 0
e 1 2 0
e 1 4 0
e 2 3 0
# 3
t 15
v 0 0
v 1 0
v 2 0
v 3 0
v 4 0
e 0 1 0
e 0 2 0
e 1 2 0
e 1 4 0
e 2 3 0
# 3
t 16
v 0 0
v 1 0
v 2 0
v 3 0
v 4 0
e 0 1 0
e 0 2 0
e 0 3 0
e 1 2 0
e 1 4 0
e 2 3 0
# 3
t 17
v 0 0
v 1 0
v 2 0
v 3 0
v 4 0
e 0 1 0
e 0 3 0
e 1 2 0
e 1 4 0
e 2 3 0
# 3
t 18
v 0 0
v 1 0
v 2 0
v 3 0
v 4 0
e 0 1 0
e 0 4 0
e 1 2 0
e 1 4 0
e 2 3 0
# 3
t 19
v 0 0
v 1 0
v 2 0
v 3 0
v 4 0
v 5 0
e 0 1 0
e 1 2 0
e 1 4 0
e 2 3 0
e 2 5 0
# 3
t 20
v 0 0
v 1 0
v 2 0
v 3 0
v 4 0
v 5 0
e 0 1 0
e 0 4 0
e 1 2 0
e 1 4 0
e 2 3 0
e 2 5 0
# 3
t 21
v 0 0
v 1 0
v 2 0
v 3 0
v 4 0
v 5 0
e 0 1 0
e 0 4 0
e 1 2 0
e 1 4 0
e 2 3 0
e 2 5 0
e 3 5 0
# 3
t 22
v 0 0
v 1 0
v 2 0
v 3 0
v 4 0
v 5 0
e 0 1 0
e 1 2 0
e 1 4 0
e 1 5 0
e 2 3 0
# 3
t 23
v 0 0
v 1 0
v 2 0
v 3 0
v 4 0
v 5 0
e 0 1 0
e 0 2 0
e 1 2 0
e 1 4 0
e 1 5 0
e 2 3 0
# 3
t 24
v 0 0
v 1 0
v 2 0
v 3 0
v 4 0
v 5 0
e 0 1 0
e 0 2 0
e 1 2 0
e 1 4 0
e 1 5 0
e 2 3 0
e 4 5 0
# 3
t 25
v 0 0
v 1 0
v 2 0
v 3 0
v 4 0
v 5 0
e 0 1 0
e 0 2 0
e 0 3 0
e 1 2 0
e 1 4 0
e 1 5 0
e 2 3 0
# 3
t 26
v 0 0
v 1 0
v 2 0
v 3 0
v 4 0
v 5 0
e 0 1 0
e 0 2 0
e 0 3 0
e 1 2 0
e 1 4 0
e 1 5 0
e 2 3 0
e 4 5 0
# 3
t 27
v 0 0
v 1 0
v 2 0
v 3 0
v 4 0
v 5 0
e 0 1 0
e 0 3 0
e 1 2 0
e 1 4 0
e 1 5 0
e 2 3 0
# 3
t 28
v 0 0
v 1 0
v 2 0
v 3 0
v 4 0
v 5 0
e 0 1 0
e 0 3 0
e 1 2 0
e 1 4 0
e 1 5 0
e 2 3 0
e 4 5 0
# 3
t 29
v 0 0
v 1 0
v 2 0
v 3 0
v 4 0
v 5 0
e 0 1 0
e 0 4 0
e 1 2 0
e 1 4 0
e 1 5 0
e 2 3 0
# 3
t 30
v 0 0
v 1 0
v 2 0
v 3 0
v 4 1
e 0 1 0
e 1 2 0
e 1 4 0
e 2 3 0
# 3
t 31
v 0 0
v 1 0
v 2 0
v 3 0
v 4 1
e 0 1 0
e 0 2 0
e 1 2 0
e 1 4 0
e 2 3 0
# 3
t 32
v 0 0
v 1 0
v 2 0
v 3 0
v 4 1
e 0 1 0
e 0 2 0
e 0 3 0
e 1 2 0
e 1 4 0
e 2 3 0
# 3
t 33
v 0 0
v 1 0
v 2 0
v 3 0
v 4 1
e 0 1 0
e 0 3 0
e 1 2 0
e 1 4 0
e 2 3 0
# 3
t 34
v 0 0
v 1 0
v 2 0
v 3 0
v 4 0
e 0 1 0
e 1 2 0
e 2 3 0
e 3 4 0
# 3
t 35
v 0 0
v 1 0
v 2 0
v 3 0
v 4 0
v 5 0
e 0 1 0
e 1 2 0
e 1 5 0
e 2 3 0
e 3 4 0
# 3
t 36
v 0 0
v 1 0
v 2 0
v 3 0
v 4 0
v 5 0
e 0 1 0
e 0 2 0
e 1 2 0
e 1 5 0
e 2 3 0
e 3 4 0
# 3
t 37
v 0 0
v 1 0
v 2 0
v 3 0
v 4 0
v 5 0
e 0 1 0
e 0 2 0
e 0 5 0
e 1 2 0
e 1 5 0
e 2 3 0
e 3 4 0
# 3
t 38
v 0 0
v 1 0
v 2 0
v 3 0
v 4 0
v 5 0
e 0 1 0
e 0 5 0
e 1 2 0
e 1 5 0
e 2 3 0
e 3 4 0
# 3
t 39
v 0 0
v 1 0
v 2 0
v 3 0
v 4 0
v 5 0
v 6 0
e 0 1 0
e 1 2 0
e 1 5 0
e 2 3 0
e 2 6 0
e 3 4 0
# 3
t 40
v 0 0
v 1 0
v 2 0
v 3 0
v 4 0
v 5 0
v 6 0
e 0 1 0
e 0 2 0
e 1 2 0
e 1 5 0
e 2 3 0
e 2 6 0
e 3 4 0
# 3
t 41
v 0 0
v 1 0
v 2 0
v 3 0
v 4 0
v 5 0
v 6 0
e 0 1 0
e 0 2 0
e 1 2 0
e 1 5 0
e 2 3 0
e 2 6 0
e 3 4 0
e 4 6 0
# 3
t 42
v 0 0
v 1 0
v 2 0
v 3 0
v 4 0
v 5 0
v 6 0
e 0 1 0
e 0 2 0
e 0 5 0
e 1 2 0
e 1 5 0
e 2 3 0
e 2 6 0
e 3 4 0
# 3
t 43
v 0 0
v 1 0
v 2 0
v 3 0
v 4 0
v 5 0
v 6 0
e 0 1 0
e 0 2 0
e 0 5 0
e 1 2 0
e 1 5 0
e 2 3 0
e 2 6 0
e 3 4 0
e 4 6 0
# 3
t 44
v 0 0
v 1 0
v 2 0
v 3 0
v 4 0
v 5 0
v 6 0
e 0 1 0
e 0 5 0
e 1 2 0
e 1 5 0
e 2 3 0
e 2 6 0
e 3 4 0
# 3
t 45
v 0 0
v 1 0
v 2 0
v 3 0
v 4 0
v 5 0
v 6 0
e 0 1 0
e 0 5 0
e 1 2 0
e 1 5 0
e 2 3 0
e 2 6 0
e 3 4 0
e 4 6 0
# 3
t 46
v 0 0
v 1 0
v 2 0
v 3 0
v 4 0
v 5 0
v 6 0
e 0 1 0
e 1 2 0
e 1 5 0
e 2 3 0
e 2 6 0
e 3 4 0
e 4 6 0
# 3
t 47
v 0 0
v 1 0
v 2 0
v 3 0
v 4 0
v 5 0
v 6 1
e 0 1 0
e 1 2 0
e 1 5 0
e 2 3 0
e 3 4 0
e 3 6 0
# 3
t 48
v 0 0
v 1 0
v 2 0
v 3 0
v 4 0
v 5 0
v 6 1
e 0 1 0
e 1 2 0
e 1 5 0
e 1 4 0
e 2 3 0
e 3 4 0
e 3 6 0
# 3
t 49
v 0 0
v 1 0
v 2 0
v 3 0
v 4 0
v 5 0
v 6 1
e 0 1 0
e 0 5 0
e 1 2 0
e 1 5 0
e 1 4 0
e 2 3 0
e 3 4 0
e 3 6 0
# 3
t 50
v 0 0
v 1 0
v 2 0
v 3 0
v 4 0
v 5 0
v 6 1
e 0 1 0
e 1 2 0
e 1 5 0
e 1 4 0
e 2 3 0
e 2 4 0
e 3 4 0
e 3 6 0
# 3
t 51
v 0 0
v 1 0
v 2 0
v 3 0
v 4 0
v 5 0
v 6 1
e 0 1 0
e 0 5 0
e 1 2 0
e 1 5 0
e 1 4 0
e 2 3 0
e 2 4 0
e 3 4 0
e 3 6 0
# 3
t 52
v 0 0
v 1 0
v 2 0
v 3 0
v 4 0
v 5 0
v 6 1
e 0 1 0
e 1 2 0
e 1 5 0
e 2 3 0
e 2 4 0
e 3 4 0
e 3 6 0
# 3
t 53
v 0 0
v 1 0
v 2 0
v 3 0
v 4 0
v 5 0
v 6 1
e 0 1 0
e 0 5 0
e 1 2 0
e 1 5 0
e 2 3 0
e 2 4 0
e 3 4 0
e 3 6 0
# 3
t 54
v 0 0
v 1 0
v 2 0
v 3 0
v 4 0
v 5 0
v 6 1
e 0 1 0
e 0 5 0
e 1 2 0
e 1 5 0
e 2 3 0
e 3 4 0
e 3 6 0
# 3
t 55
v 0 0
v 1 0
v 2 0
v 3 0
v 4 0
v 5 0
v 6 0
e 0 1 0
e 1 2 0
e 1 5 0
e 2 3 0
e 3 4 0
e 3 6 0
# 3
t 56
v 0 0
v 1 0
v 2 0
v 3 0
v 4 0
v 5 0
v 6 0
e 0 1 0
e 0 2 0
e 1 2 0
e 1 5 0
e 2 3 0
e 3 4 0
e 3 6 0
# 3
t 57
v 0 0
v 1 0
v 2 0
v 3 0
v 4 0
v 5 0
v 6 0
e 0 1 0
e 0 2 0
e 1 2 0
e 1 5 0
e 2 3 0
e 3 4 0
e 3 6 0
e 4 6 0
# 3
t 58
v 0 0
v 1 0
v 2 0
v 3 0
v 4 0
v 5 0
v 6 0
e 0 1 0
e 0 2 0
e 0 5 0
e 1 2 0
e 1 5 0
e 2 3 0
e 3 4 0
e 3 6 0
# 3
t 59
v 0 0
v 1 0
v 2 0
v 3 0
v 4 0
v 5 0
v 6 0
e 0 1 0
e 0 2 0
e 0 5 0
e 1 2 0
e 1 5 0
e 2 3 0
e 3 4 0
e 3 6 0
e 4 6 0
# 3
t 60
v 0 0
v 1 0
v 2 0
v 3 0
v 4 0
v 5 0
v 6 0
e 0 1 0
e 0 2 0
e 1 2 0
e 1 5 0
e 2 3 0
e 2 4 0
e 3 4 0
e 3 6 0
# 3
t 61
v 0 0
v 1 0
v 2 0
v 3 0
v 4 0
v 5 0
v 6 0
e 0 1 0
e 0 2 0
e 0 5 0
e 1 2 0
e 1 5 0
e 2 3 0
e 2 4 0
e 3 4 0
e 3 6 0
# 3
t 62
v 0 0
v 1 0
v 2 0
v 3 0
v 4 0
v 5 0
v 6 0
e 0 1 0
e 0 2 0
e 0 5 0
e 1 2 0
e 1 5 0
e 2 3 0
e 2 4 0
e 3 4 0
e 3 6 0
e 4 6 0
# 3
t 63
v 0 0
v 1 0
v 2 0
v 3 0
v 4 0
v 5 0
v 6 0
e 0 1 0
e 0 5 0
e 1 2 0
e 1 5 0
e 2 3 0
e 3 4 0
e 3 6 0
# 3
t 64
v 0 0
v 1 0
v 2 0
v 3 0
v 4 0
v 5 0
v 6 0
e 0 1 0
e 0 5 0
e 1 2 0
e 1 5 0
e 2 3 0
e 3 4 0
e 3 6 0
e 4 6 0
# 3
t 65
v 0 0
v 1 0
v 2 0
v 3 0
v 4 0
v 5 1
e 0 1 0
e 1 2 0
e 1 5 0
e 2 3 0
e 3 4 0
# 3
t 66
v 0 0
v 1 0
v 2 0
v 3 0
v 4 0
v 5 1
e 0 1 0
e 0 2 0
e 1 2 0
e 1 5 0
e 2 3 0
e 3 4 0
# 3
t 67
v 0 0
v 1 0
v 2 0
v 3 0
v 4 0
v 5 1
e 0 1 0
e 0 2 0
e 0 3 0
e 1 2 0
e 1 5 0
e 2 3 0
e 3 4 0
# 3
t 68
v 0 0
v 1 0
v 2 0
v 3 0
v 4 0
v 5 1
e 0 1 0
e 0 3 0
e 1 2 0
e 1 5 0
e 2 3 0
e 3 4 0
# 3
t 69
v 0 0
v 1 0
v 2 0
v 3 0
v 4 0
v 5 0
e 0 1 0
e 1 2 0
e 2 3 0
e 2 5 0
e 3 4 0
# 3
t 70
v 0 0
v 1 0
v 2 0
v 3 0
v 4 0
v 5 0
e 0 1 0
e 0 5 0
e 1 2 0
e 2 3 0
e 2 5 0
e 3 4 0
# 3
t 71
v 0 0
v 1 0
v 2 0
v 3 0
v 4 0
v 5 0
v 6 0
e 0 1 0
e 1 2 0
e 2 3 0
e 2 5 0
e 2 6 0
e 3 4 0
# 3
t 72
v 0 0
v 1 0
v 2 0
v 3 0
v 4 0
v 5 0
v 6 0
e 0 1 0
e 0 5 0
e 1 2 0
e 2 3 0
e 2 5 0
e 2 6 0
e 3 4 0
# 3
t 73
v 0 0
v 1 0
v 2 0
v 3 0
v 4 0
v 5 0
v 6 0
e 0 1 0
e 0 5 0
e 1 2 0
e 2 3 0
e 2 5 0
e 2 6 0
e 3 4 0
e 4 6 0
# 3
t 74
v 0 0
v 1 0
v 2 0
v 3 0
v 4 0
v 5 0
e 0 1 0
e 1 2 0
e 2 3 0
e 3 4 0
e 4 5 0
# 3
t 75
v 0 0
v 1 0
v 2 0
v 3 0
v 4 0
v 5 0
v 6 0
e 0 1 0
e 1 2 0
e 1 6 0
e 2 3 0
e 3 4 0
e 4 5 0
# 3
t 76
v 0 0
v 1 0
v 2 0
v 3 0
v 4 0
v 5 0
v 6 0
e 0 1 0
e 0 2 0
e 1 2 0
e 1 6 0
e 2 3 0
e 3 4 0
e 4 5 0
# 3
t 77
v 0 0
v 1 0
v 2 0
v 3 0
v 4 0
v 5 0
v 6 0
e 0 1 0
e 0 2 0
e 0 6 0
e 1 2 0
e 1 6 0
e 2 3 0
e 3 4 0
e 4 5 0
# 3
t 78
v 0 0
v 1 0
v 2 0
v 3 0
v 4 0
v 5 0
v 6 0
e 0 1 0
e 0 6 0
e 1 2 0
e 1 6 0
e 2 3 0
e 3 4 0
e 4 5 0
# 3
t 79
v 0 0
v 1 0
v 2 0
v 3 0
v 4 0
v 5 0
v 6 0
v 7 1
e 0 1 0
e 1 2 0
e 1 6 0
e 2 3 0
e 3 4 0
e 4 5 0
e 4 7 0
# 3
t 80
v 0 0
v 1 0
v 2 0
v 3 0
v 4 0
v 5 0
v 6 0
v 7 1
e 0 1 0
e 0 2 0
e 1 2 0
e 1 6 0
e 2 3 0
e 3 4 0
e 4 5 0
e 4 7 0
# 3
t 81
v 0 0
v 1 0
v 2 0
v 3 0
v 4 0
v 5 0
v 6 0
v 7 1
e 0 1 0
e 0 2 0
e 1 2 0
e 1 6 0
e 2 3 0
e 3 4 0
e 4 5 0
e 4 7 0
e 6 7 0
# 3
t 82
v 0 0
v 1 0
v 2 0
v 3 0
v 4 0
v 5 0
v 6 0
v 7 1
e 0 1 0
e 0 2 0
e 0 6 0
e 1 2 0
e 1 6 0
e 2 3 0
e 3 4 0
e 4 5 0
e 4 7 0
# 3
t 83
v 0 0
v 1 0
v 2 0
v 3 0
v 4 0
v 5 0
v 6 0
v 7 1
e 0 1 0
e 0 2 0
e 0 6 0
e 1 2 0
e 1 6 0
e 2 3 0
e 3 4 0
e 4 5 0
e 4 7 0
e 6 7 0
# 3
t 84
v 0 0
v 1 0
v 2 0
v 3 0
v 4 0
v 5 0
v 6 0
v 7 1
e 0 1 0
e 0 2 0
e 1 2 0
e 1 6 0
e 2 3 0
e 3 4 0
e 3 5 0
e 4 5 0
e 4 7 0
# 3
t 85
v 0 0
v 1 0
v 2 0
v 3 0
v 4 0
v 5 0
v 6 0
v 7 1
e 0 1 0
e 0 2 0
e 1 2 0
e 1 6 0
e 2 3 0
e 3 4 0
e 3 5 0
e 4 5 0
e 4 7 0
e 6 7 0
# 3
t 86
v 0 0
v 1 0
v 2 0
v 3 0
v 4 0
v 5 0
v 6 0
v 7 1
e 0 1 0
e 0 2 0
e 0 6 0
e 1 2 0
e 1 6 0
e 2 3 0
e 3 4 0
e 3 5 0
e 4 5 0
e 4 7 0
# 3
t 87
v 0 0
v 1 0
v 2 0
v 3 0
v 4 0
v 5 0
v 6 0
v 7 1
e 0 1 0
e 0 2 0
e 0 6 0
e 1 2 0
e 1 6 0
e 2 3 0
e 3 4 0
e 3 5 0
e 4 5 0
e 4 7 0
e 6 7 0
# 3
t 88
v 0 0
v 1 0
v 2 0
v 3 0
v 4 0
v 5 0
v 6 0
v 7 1
e 0 1 0
e 0 2 0
e 1 2 0
e 1 6 0
e 2 3 0
e 2 5 0
e 3 4 0
e 4 5 0
e 4 7 0
# 3
t 89
v 0 0
v 1 0
v 2 0
v 3 0
v 4 0
v 5 0
v 6 0
v 7 1
e 0 1 0
e 0 2 0
e 1 2 0
e 1 6 0
e 2 3 0
e 2 5 0
e 3 4 0
e 4 5 0
e 4 7 0
e 6 7 0
# 3
t 90
v 0 0
v 1 0
v 2 0
v 3 0
v 4 0
v 5 0
v 6 0
v 7 1
e 0 1 0
e 0 2 0
e 0 6 0
e 1 2 0
e 1 6 0
e 2 3 0
e 2 5 0
e 3 4 0
e 4 5 0
e 4 7 0
# 3
t 91
v 0 0
v 1 0
v 2 0
v 3 0
v 4 0
v 5 0
v 6 0
v 7 1
e 0 1 0
e 0 2 0
e 0 6 0
e 1 2 0
e 1 6 0
e 2 3 0
e 2 5 0
e 3 4 0
e 4 5 0
e 4 7 0
e 6 7 0
# 3
t 92
v 0 0
v 1 0
v 2 0
v 3 0
v 4 0
v 5 0
v 6 0
v 7 1
e 0 1 0
e 0 2 0
e 1 2 0
e 1 6 0
e 2 3 0
e 2 5 0
e 3 4 0
e 3 5 0
e 4 5 0
e 4 7 0
# 3
t 93
v 0 0
v 1 0
v 2 0
v 3 0
v 4 0
v 5 0
v 6 0
v 7 1
e 0 1 0
e 0 2 0
e 1 2 0
e 1 6 0
e 2 3 0
e 2 5 0
e 3 4 0
e 3 5 0
e 4 5 0
e 4 7 0
e 6 7 0
# 3
t 94
v 0 0
v 1 0
v 2 0
v 3 0
v 4 0
v 5 0
v 6 0
v 7 1
e 0 1 0
e 0 2 0
e 0 6 0
e 1 2 0
e 1 6 0
e 2 3 0
e 2 5 0
e 3 4 0
e 3 5 0
e 4 5 0
e 4 7 0
# 3
t 95
v 0 0
v 1 0
v 2 0
v 3 0
v 4 0
v 5 0
v 6 0
v 7 1
e 0 1 0
e 0 2 0
e 0 6 0
e 1 2 0
e 1 6 0
e 2 3 0
e 2 5 0
e 3 4 0
e 3 5 0
e 4 5 0
e 4 7 0
e 6 7 0
# 3
t 96
v 0 0
v 1 0
v 2 0
v 3 0
v 4 0
v 5 0
v 6 0
v 7 1
e 0 1 0
e 1 2 0
e 1 6 0
e 2 3 0
e 2 5 0
e 3 4 0
e 4 5 0
e 4 7 0
# 3
t 97
v 0 0
v 1 0
v 2 0
v 3 0
v 4 0
v 5 0
v 6 0
v 7 1
e 0 1 0
e 0 7 0
e 1 2 0
e 1 6 0
e 2 3 0
e 2 5 0
e 3 4 0
e 4 5 0
e 4 7 0
# 3
t 98
v 0 0
v 1 0
v 2 0
v 3 0
v 4 0
v 5 0
v 6 0
v 7 1
e 0 1 0
e 0 6 0
e 1 2 0
e 1 6 0
e 2 3 0
e 2 5 0
e 3 4 0
e 4 5 0
e 4 7 0
# 3
t 99
v 0 0
v 1 0
v 2 0
v 3 0
v 4 0
v 5 0
v 6 0
v 7 1
e 0 1 0
e 0 6 0
e 0 7 0
e 1 2 0
e 1 6 0
e 2 3 0
e 2 5 0
e 3 4 0
e 4 5 0
e 4 7 0
# 3
t 100
v 0 0
v 1 0
v 2 0
v 3 0
v 4 0
v 5 0
v 6 0
v 7 1
e 0 1 0
e 1 2 0
e 1 6 0
e 2 3 0
e 2 5 0
e 3 4 0
e 3 5 0
e 4 5 0
e 4 7 0
# 3
t 101
v 0 0
v 1 0
v 2 0
v 3 0
v 4 0
v 5 0
v 6 0
v 7 1
e 0 1 0
e 0 7 0
e 1 2 0
e 1 6 0
e 2 3 0
e 2 5 0
e 3 4 0
e 3 5 0
e 4 5 0
e 4 7 0
# 3
t 102
v 0 0
v 1 0
v 2 0
v 3 0
v 4 0
v 5 0
v 6 0
v 7 1
e 0 1 0
e 0 6 0
e 1 2 0
e 1 6 0
e 2 3 0
e 2 5 0
e 3 4 0
e 3 5 0
e 4 5 0
e 4 7 0
# 3
t 103
v 0 0
v 1 0
v 2 0
v 3 0
v 4 0
v 5 0
v 6 0
v 7 1
e 0 1 0
e 1 2 0
e 1 6 0
e 2 3 0
e 3 4 0
e 3 5 0
e 4 5 0
e 4 7 0
# 3
t 104
v 0 0
v 1 0
v 2 0
v 3 0
v 4 0
v 5 0
v 6 0
v 7 1
e 0 1 0
e 0 7 0
e 1 2 0
e 1 6 0
e 2 3 0
e 3 4 0
e 3 5 0
e 4 5 0
e 4 7 0
# 3
t 105
v 0 0
v 1 0
v 2 0
v 3 0
v 4 0
v 5 0
v 6 0
v 7 1
e 0 1 0
e 0 6 0
e 1 2 0
e 1 6 0
e 2 3 0
e 3 4 0
e 3 5 0
e 4 5 0
e 4 7 0
# 3
t 106
v 0 0
v 1 0
v 2 0
v 3 0
v 4 0
v 5 0
v 6 0
v 7 1
e 0 1 0
e 0 6 0
e 0 7 0
e 1 2 0
e 1 6 0
e 2 3 0
e 3 4 0
e 3 5 0
e 4 5 0
e 4 7 0
# 3
t 107
v 0 0
v 1 0
v 2 0
v 3 0
v 4 0
v 5 0
v 6 0
v 7 1
e 0 1 0
e 0 6 0
e 1 2 0
e 1 6 0
e 2 3 0
e 3 4 0
e 4 5 0
e 4 7 0
# 3
t 108
v 0 0
v 1 0
v 2 0
v 3 0
v 4 0
v 5 0
v 6 0
v 7 1
e 0 1 0
e 0 6 0
e 0 7 0
e 1 2 0
e 1 6 0
e 2 3 0
e 3 4 0
e 4 5 0
e 4 7 0
# 3
t 109
v 0 0
v 1 0
v 2 0
v 3 0
v 4 0
v 5 0
v 6 0
v 7 1
e 0 1 0
e 0 7 0
e 1 2 0
e 1 6 0
e 2 3 0
e 3 4 0
e 4 5 0
e 4 7 0
# 3
t 110
v 0 0
v 1 0
v 2 0
v 3 0
v 4 0
v 5 0
v 6 1
e 0 1 0
e 1 2 0
e 1 6 0
e 2 3 0
e 3 4 0
e 4 5 0
# 3
t 111
v 0 0
v 1 0
v 2 0
v 3 0
v 4 0
v 5 0
v 6 1
e 0 1 0
e 0 2 0
e 1 2 0
e 1 6 0
e 2 3 0
e 3 4 0
e 4 5 0
# 3
t 112
v 0 0
v 1 0
v 2 0
v 3 0
v 4 0
v 5 0
v 6 1
e 0 1 0
e 0 2 0
e 1 2 0
e 1 6 0
e 2 3 0
e 3 4 0
e 4 5 0
e 5 6 0
# 3
t 113
v 0 0
v 1 0
v 2 0
v 3 0
v 4 0
v 5 0
v 6 1
e 0 1 0
e 0 2 0
e 0 3 0
e 1 2 0
e 1 6 0
e 2 3 0
e 3 4 0
e 4 5 0
# 3
t 114
v 0 0
v 1 0
v 2 0
v 3 0
v 4 0
v 5 0
v 6 1
e 0 1 0
e 0 2 0
e 0 3 0
e 1 2 0
e 1 6 0
e 2 3 0
e 3 4 0
e 4 5 0
e 5 6 0
# 3
t 115
v 0 0
v 1 0
v 2 0
v 3 0
v 4 0
v 5 0
v 6 1
e 0 1 0
e 0 3 0
e 1 2 0
e 1 6 0
e 2 3 0
e 3 4 0
e 4 5 0
# 3
t 116
v 0 0
v 1 0
v 2 0
v 3 0
v 4 0
v 5 0
v 6 1
e 0 1 0
e 0 3 0
e 1 2 0
e 1 6 0
e 2 3 0
e 3 4 0
e 4 5 0
e 5 6 0
# 3
t 117
v 0 0
v 1 0
v 2 0
v 3 0
v 4 0
v 5 0
v 6 1
e 0 1 0
e 1 2 0
e 1 6 0
e 2 3 0
e 3 4 0
e 4 5 0
e 5 6 0
# 3
t 118
v 0 0
v 1 0
v 2 0
v 3 0
v 4 0
v 5 0
v 6 1
v 7 0
e 0 1 0
e 1 2 0
e 1 6 0
e 2 3 0
e 3 4 0
e 3 7 0
e 4 5 0
# 3
t 119
v 0 0
v 1 0
v 2 0
v 3 0
v 4 0
v 5 0
v 6 1
v 7 0
e 0 1 0
e 0 2 0
e 1 2 0
e 1 6 0
e 2 3 0
e 3 4 0
e 3 7 0
e 4 5 0
# 3
t 120
v 0 0
v 1 0
v 2 0
v 3 0
v 4 0
v 5 0
v 6 1
v 7 0
e 0 1 0
e 0 2 0
e 1 2 0
e 1 6 0
e 2 3 0
e 3 4 0
e 3 7 0
e 4 5 0
e 5 7 0
# 3
t 121
v 0 0
v 1 0
v 2 0
v 3 0
v 4 0
v 5 0
v 6 1
v 7 0
e 0 1 0
e 0 2 0
e 1 2 0
e 1 6 0
e 2 3 0
e 3 4 0
e 3 7 0
e 4 5 0
e 5 6 0
# 3
t 122
v 0 0
v 1 0
v 2 0
v 3 0
v 4 0
v 5 0
v 6 1
v 7 0
e 0 1 0
e 0 2 0
e 0 3 0
e 1 2 0
e 1 6 0
e 2 3 0
e 3 4 0
e 3 7 0
e 4 5 0
# 3
t 123
v 0 0
v 1 0
v 2 0
v 3 0
v 4 0
v 5 0
v 6 1
v 7 0
e 0 1 0
e 0 2 0
e 0 3 0
e 1 2 0
e 1 6 0
e 2 3 0
e 3 4 0
e 3 7 0
e 4 5 0
e 5 7 0
# 3
t 124
v 0 0
v 1 0
v 2 0
v 3 0
v 4 0
v 5 0
v 6 1
v 7 0
e 0 1 0
e 0 2 0
e 0 3 0
e 1 2 0
e 1 6 0
e 2 3 0
e 3 4 0
e 3 7 0
e 4 5 0
e 5 6 0
# 3
t 125
v 0 0
v 1 0
v 2 0
v 3 0
v 4 0
v 5 0
v 6 1
v 7 0
e 0 1 0
e 0 3 0
e 1 2 0
e 1 6 0
e 2 3 0
e 3 4 0
e 3 7 0
e 4 5 0
# 3
t 126
v 0 0
v 1 0
v 2 0
v 3 0
v 4 0
v 5 0
v 6 1
v 7 0
e 0 1 0
e 0 3 0
e 1 2 0
e 1 6 0
e 2 3 0
e 3 4 0
e 3 7 0
e 4 5 0
e 5 7 0
# 3
t 127
v 0 0
v 1 0
v 2 0
v 3 0
v 4 0
v 5 0
v 6 1
v 7 0
e 0 1 0
e 0 3 0
e 1 2 0
e 1 6 0
e 2 3 0
e 3 4 0
e 3 7 0
e 4 5 0
e 5 6 0
# 3
t 128
v 0 0
v 1 0
v 2 0
v 3 0
v 4 0
v 5 0
v 6 1
v 7 0
e 0 1 0
e 0 3 0
e 1 2 0
e 1 6 0
e 2 3 0
e 3 4 0
e 3 7 0
e 4 5 0
e 5 6 0
e 5 7 0
# 3
t 129
v 0 0
v 1 0
v 2 0
v 3 0
v 4 0
v 5 0
v 6 1
v 7 0
e 0 1 0
e 1 2 0
e 1 6 0
e 2 3 0
e 3 4 0
e 3 7 0
e 4 5 0
e 5 6 0
# 3
t 130
v 0 0
v 1 0
v 2 0
v 3 0
v 4 0
v 5 0
v 6 1
v 7 0
e 0 1 0
e 1 2 0
e 1 6 0
e 2 3 0
e 3 4 0
e 3 7 0
e 4 5 0
e 5 6 0
e 5 7 0
# 3
t 131
v 0 0
v 1 0
v 2 0
v 3 0
v 4 0
v 5 0
v 6 1
v 7 0
e 0 1 0
e 1 2 0
e 1 6 0
e 2 3 0
e 3 4 0
e 3 7 0
e 4 5 0
e 5 7 0
# 3
t 132
v 0 0
v 1 0
v 2 0
v 3 0
v 4 0
v 5 0
v 6 0
e 0 1 0
e 1 2 0
e 2 3 0
e 2 6 0
e 3 4 0
e 4 5 0
# 3
t 133
v 0 0
v 1 0
v 2 0
v 3 0
v 4 0
v 5 0
v 6 0
e 0 1 0
e 0 6 0
e 1 2 0
e 2 3 0
e 2 6 0
e 3 4 0
e 4 5 0
# 3
t 134
v 0 0
v 1 0
v 2 0
v 3 0
v 4 0
v 5 0
v 6 0
e 0 1 0
e 1 2 0
e 2 3 0
e 3 4 0
e 4 5 0
e 5 6 0
# 3
t 135
v 0 0
v 1 0
v 2 0
v 3 0
v 4 0
v 5 0
v 6 0
v 7 1
e 0 1 0
e 1 2 0
e 1 7 0
e 2 3 0
e 3 4 0
e 4 5 0
e 5 6 0
# 3
t 136
v 0 0
v 1 0
v 2 0
v 3 0
v 4 0
v 5 0
v 6 0
v 7 1
e 0 1 0
e 0 2 0
e 1 2 0
e 1 7 0
e 2 3 0
e 3 4 0
e 4 5 0
e 5 6 0
# 3
t 137
v 0 0
v 1 0
v 2 0
v 3 0
v 4 0
v 5 0
v 6 0
v 7 1
e 0 1 0
e 0 2 0
e 1 2 0
e 1 7 0
e 2 3 0
e 3 4 0
e 4 5 0
e 5 6 0
e 6 7 0
# 3
t 138
v 0 0
v 1 0
v 2 0
v 3 0
v 4 0
v 5 0
v 6 0
v 7 1
e 0 1 0
e 0 2 0
e 0 3 0
e 1 2 0
e 1 7 0
e 2 3 0
e 3 4 0
e 4 5 0
e 5 6 0
# 3
t 139
v 0 0
v 1 0
v 2 0
v 3 0
v 4 0
v 5 0
v 6 0
v 7 1
e 0 1 0
e 0 2 0
e 0 3 0
e 1 2 0
e 1 7 0
e 2 3 0
e 3 4 0
e 4 5 0
e 5 6 0
e 6 7 0
# 3
t 140
v 0 0
v 1 0
v 2 0
v 3 0
v 4 0
v 5 0
v 6 0
v 7 1
e 0 1 0
e 0 3 0
e 1 2 0
e 1 7 0
e 2 3 0
e 3 4 0
e 4 5 0
e 5 6 0
# 3
t 141
v 0 0
v 1 0
v 2 0
v 3 0
v 4 0
v 5 0
v 6 0
v 7 1
e 0 1 0
e 0 3 0
e 1 2 0
e 1 7 0
e 2 3 0
e 3 4 0
e 4 5 0
e 5 6 0
e 6 7 0
# 3
t 142
v 0 0
v 1 0
v 2 0
v 3 0
v 4 0
v 5 0
v 6 0
v 7 1
e 0 1 0
e 1 2 0
e 1 7 0
e 2 3 0
e 3 4 0
e 4 5 0
e 5 6 0
e 6 7 0
# 3
t 143
v 0 0
v 1 0
v 2 0
v 3 0
v 4 0
v 5 0
v 6 0
v 7 1
e 0 1 0
e 1 2 0
e 2 3 0
e 3 4 0
e 4 5 0
e 5 6 0
e 6 7 0
# 3
t 144
v 0 0
v 1 0
v 2 0
v 3 0
v 4 0
v 5 0
v 6 0
v 7 1
e 0 1 0
e 0 7 0
e 1 2 0
e 2 3 0
e 3 4 0
e 4 5 0
e 5 6 0
e 6 7 0
# 3
t 145
v 0 0
v 1 0
v 2 0
v 3 0
v 4 0
v 5 0
v 6 1
e 0 1 0
e 1 2 0
e 2 3 0
e 3 4 0
e 4 5 0
e 5 6 0
# 3
t 146
v 0 0
v 1 0
v 2 0
v 3 0
v 4 0
v 5 0
v 6 1
e 0 1 0
e 0 6 0
e 1 2 0
e 2 3 0
e 3 4 0
e 4 5 0
e 5 6 0
# 3
t 147
v 0 0
v 1 0
v 2 0
v 3 0
v 4 0
v 5 0
v 6 1
v 7 0
e 0 1 0
e 1 2 0
e 1 7 0
e 2 3 0
e 3 4 0
e 4 5 0
e 5 6 0
# 3
t 148
v 0 0
v 1 0
v 2 0
v 3 0
v 4 0
v 5 0
v 6 1
v 7 0
e 0 1 0
e 0 2 0
e 1 2 0
e 1 7 0
e 2 3 0
e 3 4 0
e 4 5 0
e 5 6 0
# 3
t 149
v 0 0
v 1 0
v 2 0
v 3 0
v 4 0
v 5 0
v 6 1
v 7 0
e 0 1 0
e 0 2 0
e 1 2 0
e 1 7 0
e 2 3 0
e 3 4 0
e 4 5 0
e 5 6 0
e 6 7 0
# 3
t 150
v 0 0
v 1 0
v 2 0
v 3 0
v 4 0
v 5 0
v 6 1
v 7 0
e 0 1 0
e 0 2 0
e 0 7 0
e 1 2 0
e 1 7 0
e 2 3 0
e 3 4 0
e 4 5 0
e 5 6 0
# 3
t 151
v 0 0
v 1 0
v 2 0
v 3 0
v 4 0
v 5 0
v 6 1
v 7 0
e 0 1 0
e 0 6 0
e 1 2 0
e 1 7 0
e 2 3 0
e 3 4 0
e 4 5 0
e 5 6 0
# 3
t 152
v 0 0
v 1 0
v 2 0
v 3 0
v 4 0
v 5 0
v 6 1
v 7 0
e 0 1 0
e 0 7 0
e 1 2 0
e 1 7 0
e 2 3 0
e 3 4 0
e 4 5 0
e 5 6 0
# 3
t 153
v 0 0
v 1 0
v 2 0
v 3 0
v 4 0
v 5 0
v 6 1
v 7 0
e 0 1 0
e 1 2 0
e 2 3 0
e 2 7 0
e 3 4 0
e 4 5 0
e 5 6 0
# 3
t 154
v 0 0
v 1 0
v 2 0
v 3 0
v 4 0
v 5 0
v 6 1
v 7 0
e 0 1 0
e 0 6 0
e 1 2 0
e 2 3 0
e 2 7 0
e 3 4 0
e 4 5 0
e 5 6 0
# 3
t 155
v 0 0
v 1 0
v 2 0
v 3 0
v 4 0
v 5 0
v 6 1
v 7 0
e 0 1 0
e 0 7 0
e 1 2 0
e 2 3 0
e 2 7 0
e 3 4 0
e 4 5 0
e 5 6 0
# 3
t 156
v 0 0
v 1 0
v 2 0
v 3 0
v 4 0
v 5 0
v 6 1
v 7 0
e 0 1 0
e 1 2 0
e 2 3 0
e 3 4 0
e 3 7 0
e 4 5 0
e 5 6 0
# 3
t 157
v 0 0
v 1 0
v 2 0
v 3 0
v 4 0
v 5 0
v 6 1
v 7 0
e 0 1 0
e 1 2 0
e 2 3 0
e 3 4 0
e 4 5 0
e 4 7 0
e 5 6 0
# 3
t 158
v 0 0
v 1 0
v 2 0
v 3 0
v 4 0
v 5 0
v 6 1
v 7 0
e 0 1 0
e 1 2 0
e 2 3 0
e 3 4 0
e 3 7 0
e 4 5 0
e 4 7 0
e 5 6 0
# 3
t 159
v 0 0
v 1 0
v 2 0
v 3 0
v 4 0
v 5 0
v 6 1
v 7 0
e 0 1 0
e 1 2 0
e 2 3 0
e 3 4 0
e 4 5 0
e 5 6 0
e 6 7 0
# 3
t 160
v 0 0
v 1 0
v 2 0
v 3 0
v 4 0
v 5 1
e 0 1 0
e 1 2 0
e 2 3 0
e 3 4 0
e 4 5 0
# 3
t 161
v 0 0
v 1 0
v 2 0
v 3 0
v 4 0
v 5 1
e 0 1 0
e 0 5 0
e 1 2 0
e 2 3 0
e 3 4 0
e 4 5 0
# 3
t 162
v 0 0
v 1 0
v 2 0
v 3 0
v 4 0
v 5 1
v 6 0
e 0 1 0
e 1 2 0
e 1 6 0
e 2 3 0
e 3 4 0
e 4 5 0
# 3
t 163
v 0 0
v 1 0
v 2 0
v 3 0
v 4 0
v 5 1
v 6 0
e 0 1 0
e 0 2 0
e 1 2 0
e 1 6 0
e 2 3 0
e 3 4 0
e 4 5 0
# 3
t 164
v 0 0
v 1 0
v 2 0
v 3 0
v 4 0
v 5 1
v 6 0
e 0 1 0
e 0 2 0
e 1 2 0
e 1 6 0
e 2 3 0
e 3 4 0
e 4 5 0
e 5 6 0
# 3
t 165
v 0 0
v 1 0
v 2 0
v 3 0
v 4 0
v 5 1
v 6 0
e 0 1 0
e 0 2 0
e 0 6 0
e 1 2 0
e 1 6 0
e 2 3 0
e 3 4 0
e 4 5 0
# 3
t 166
v 0 0
v 1 0
v 2 0
v 3 0
v 4 0
v 5 1
v 6 0
e 0 1 0
e 0 5 0
e 1 2 0
e 1 6 0
e 2 3 0
e 3 4 0
e 4 5 0
# 3
t 167
v 0 0
v 1 0
v 2 0
v 3 0
v 4 0
v 5 1
v 6 0
e 0 1 0
e 0 6 0
e 1 2 0
e 1 6 0
e 2 3 0
e 3 4 0
e 4 5 0
# 3
t 168
v 0 0
v 1 0
v 2 0
v 3 0
v 4 0
v 5 1
v 6 0
v 7 0
e 0 1 0
e 1 2 0
e 1 6 0
e 2 3 0
e 3 4 0
e 3 7 0
e 4 5 0
# 3
t 169
v 0 0
v 1 0
v 2 0
v 3 0
v 4 0
v 5 1
v 6 0
v 7 0
e 0 1 0
e 0 2 0
e 1 2 0
e 1 6 0
e 2 3 0
e 3 4 0
e 3 7 0
e 4 5 0
# 3
t 170
v 0 0
v 1 0
v 2 0
v 3 0
v 4 0
v 5 1
v 6 0
v 7 0
e 0 1 0
e 0 2 0
e 0 6 0
e 1 2 0
e 1 6 0
e 2 3 0
e 3 4 0
e 3 7 0
e 4 5 0
# 3
t 171
v 0 0
v 1 0
v 2 0
v 3 0
v 4 0
v 5 1
v 6 0
v 7 0
e 0 1 0
e 0 5 0
e 1 2 0
e 1 6 0
e 2 3 0
e 3 4 0
e 3 7 0
e 4 5 0
# 3
t 172
v 0 0
v 1 0
v 2 0
v 3 0
v 4 0
v 5 1
v 6 0
v 7 0
e 0 1 0
e 0 6 0
e 1 2 0
e 1 6 0
e 2 3 0
e 3 4 0
e 3 7 0
e 4 5 0
# 3
t 173
v 0 0
v 1 0
v 2 0
v 3 0
v 4 0
v 5 1
v 6 0
v 7 0
e 0 1 0
e 1 2 0
e 1 6 0
e 2 3 0
e 2 7 0
e 3 4 0
e 4 5 0
# 3
t 174
v 0 0
v 1 0
v 2 0
v 3 0
v 4 0
v 5 1
v 6 0
v 7 0
e 0 1 0
e 0 2 0
e 1 2 0
e 1 6 0
e 2 3 0
e 2 7 0
e 3 4 0
e 4 5 0
# 3
t 175
v 0 0
v 1 0
v 2 0
v 3 0
v 4 0
v 5 1
v 6 0
v 7 0
e 0 1 0
e 0 2 0
e 1 2 0
e 1 6 0
e 2 3 0
e 2 7 0
e 3 4 0
e 3 7 0
e 4 5 0
# 3
t 176
v 0 0
v 1 0
v 2 0
v 3 0
v 4 0
v 5 1
v 6 0
v 7 0
e 0 1 0
e 0 2 0
e 1 2 0
e 1 6 0
e 2 3 0
e 2 7 0
e 3 4 0
e 4 5 0
e 5 6 0
# 3
t 177
v 0 0
v 1 0
v 2 0
v 3 0
v 4 0
v 5 1
v 6 0
v 7 0
e 0 1 0
e 0 2 0
e 1 2 0
e 1 6 0
e 2 3 0
e 2 7 0
e 3 4 0
e 3 7 0
e 4 5 0
e 5 6 0
# 3
t 178
v 0 0
v 1 0
v 2 0
v 3 0
v 4 0
v 5 1
v 6 0
v 7 0
e 0 1 0
e 0 2 0
e 0 6 0
e 1 2 0
e 1 6 0
e 2 3 0
e 2 7 0
e 3 4 0
e 4 5 0
# 3
t 179
v 0 0
v 1 0
v 2 0
v 3 0
v 4 0
v 5 1
v 6 0
v 7 0
e 0 1 0
e 0 2 0
e 0 6 0
e 1 2 0
e 1 6 0
e 2 3 0
e 2 7 0
e 3 4 0
e 3 7 0
e 4 5 0
# 3
t 180
v 0 0
v 1 0
v 2 0
v 3 0
v 4 0
v 5 1
v 6 0
v 7 0
e 0 1 0
e 0 5 0
e 1 2 0
e 1 6 0
e 2 3 0
e 2 7 0
e 3 4 0
e 4 5 0
# 3
t 181
v 0 0
v 1 0
v 2 0
v 3 0
v 4 0
v 5 1
v 6 0
v 7 0
e 0 1 0
e 0 5 0
e 1 2 0
e 1 6 0
e 2 3 0
e 2 7 0
e 3 4 0
e 3 7 0
e 4 5 0
# 3
t 182
v 0 0
v 1 0
v 2 0
v 3 0
v 4 0
v 5 1
v 6 0
v 7 0
e 0 1 0
e 0 6 0
e 1 2 0
e 1 6 0
e 2 3 0
e 2 7 0
e 3 4 0
e 4 5 0
# 3
t 183
v 0 0
v 1 0
v 2 0
v 3 0
v 4 0
v 5 1
v 6 0
v 7 0
e 0 1 0
e 0 6 0
e 1 2 0
e 1 6 0
e 2 3 0
e 2 7 0
e 3 4 0
e 3 7 0
e 4 5 0
# 3
t 184
v 0 0
v 1 0
v 2 0
v 3 0
v 4 0
v 5 1
v 6 0
v 7 0
e 0 1 0
e 1 2 0
e 1 6 0
e 2 3 0
e 2 7 0
e 3 4 0
e 3 7 0
e 4 5 0
# 3
t 185
v 0 0
v 1 0
v 2 0
v 3 0
v 4 0
v 5 1
v 6 0
e 0 1 0
e 1 2 0
e 2 3 0
e 2 6 0
e 3 4 0
e 4 5 0
# 3
t 186
v 0 0
v 1 0
v 2 0
v 3 0
v 4 0
v 5 1
v 6 0
e 0 1 0
e 0 5 0
e 1 2 0
e 2 3 0
e 2 6 0
e 3 4 0
e 4 5 0
# 3
t 187
v 0 0
v 1 0
v 2 0
v 3 0
v 4 0
v 5 1
v 6 0
e 0 1 0
e 0 6 0
e 1 2 0
e 2 3 0
e 2 6 0
e 3 4 0
e 4 5 0
# 3
t 188
v 0 0
v 1 0
v 2 0
v 3 0
v 4 0
v 5 1
v 6 0
e 0 1 0
e 1 2 0
e 2 3 0
e 2 6 0
e 3 4 0
e 3 6 0
e 4 5 0
# 3
t 189
v 0 0
v 1 0
v 2 0
v 3 0
v 4 0
v 5 1
v 6 0
v 7 0
e 0 1 0
e 1 2 0
e 2 3 0
e 2 6 0
e 3 4 0
e 3 7 0
e 4 5 0
# 3
t 190
v 0 0
v 1 0
v 2 0
v 3 0
v 4 0
v 5 1
v 6 0
v 7 0
e 0 1 0
e 0 6 0
e 1 2 0
e 2 3 0
e 2 6 0
e 3 4 0
e 3 7 0
e 4 5 0
# 3
t 191
v 0 0
v 1 0
v 2 0
v 3 0
v 4 0
v 5 1
v 6 0
v 7 0
e 0 1 0
e 1 2 0
e 2 3 0
e 2 6 0
e 2 7 0
e 3 4 0
e 4 5 0
# 3
t 192
v 0 0
v 1 0
v 2 0
v 3 0
v 4 0
v 5 1
v 6 0
v 7 0
e 0 1 0
e 0 5 0
e 1 2 0
e 2 3 0
e 2 6 0
e 2 7 0
e 3 4 0
e 4 5 0
# 3
t 193
v 0 0
v 1 0
v 2 0
v 3 0
v 4 0
v 5 1
v 6 0
v 7 0
e 0 1 0
e 0 6 0
e 1 2 0
e 2 3 0
e 2 6 0
e 2 7 0
e 3 4 0
e 4 5 0
# 3
t 194
v 0 0
v 1 0
v 2 0
v 3 0
v 4 0
v 5 1
v 6 0
v 7 0
e 0 1 0
e 0 6 0
e 1 2 0
e 2 3 0
e 2 6 0
e 2 7 0
e 3 4 0
e 3 7 0
e 4 5 0
# 3
t 195
v 0 0
v 1 0
v 2 0
v 3 0
v 4 0
v 5 1
v 6 0
v 7 0
e 0 1 0
e 1 2 0
e 2 3 0
e 2 6 0
e 2 7 0
e 3 4 0
e 3 6 0
e 4 5 0
# 3
t 196
v 0 0
v 1 0
v 2 0
v 3 0
v 4 0
v 5 1
v 6 0
e 0 1 0
e 1 2 0
e 2 3 0
e 3 4 0
e 3 6 0
e 4 5 0
# 3
t 197
v 0 0
v 1 0
v 2 0
v 3 0
v 4 0
v 5 1
v 6 0
e 0 1 0
e 1 2 0
e 2 3 0
e 3 4 0
e 4 5 0
e 5 6 0
# 3
t 198
v 0 0
v 1 0
v 2 0
v 3 0
v 4 0
v 5 1
v 6 0
v 7 0
e 0 1 0
e 1 2 0
e 1 7 0
e 2 3 0
e 3 4 0
e 4 5 0
e 5 6 0
# 3
t 199
v 0 0
v 1 0
v 2 0
v 3 0
v 4 0
v 5 1
v 6 0
v 7 0
e 0 1 0
e 0 7 0
e 1 2 0
e 1 7 0
e 2 3 0
e 3 4 0
e 4 5 0
e 5 6 0
# 3
t 200
v 0 0
v 1 0
v 2 0
v 3 0
v 4 0
v 5 1
v 6 0
v 7 0
e 0 1 0
e 1 2 0
e 2 3 0
e 2 7 0
e 3 4 0
e 4 5 0
e 5 6 0
# 3
t 201
v 0 0
v 1 0
v 2 0
v 3 0
v 4 0
v 5 1
v 6 0
v 7 0
e 0 1 0
e 1 2 0
e 2 3 0
e 2 7 0
e 3 4 0
e 3 7 0
e 4 5 0
e 5 6 0
# 3
t 202
v 0 0
v 1 0
v 2 0
v 3 0
v 4 0
v 5 1
v 6 0
v 7 0
e 0 1 0
e 1 2 0
e 2 3 0
e 2 7 0
e 3 4 0
e 3 7 0
e 4 5 0
e 4 7 0
e 5 6 0
# 3
t 203
v 0 0
v 1 0
v 2 0
v 3 0
v 4 0
v 5 1
v 6 0
v 7 0
e 0 1 0
e 1 2 0
e 2 3 0
e 2 7 0
e 3 4 0
e 4 5 0
e 4 7 0
e 5 6 0
# 3
t 204
v 0 0
v 1 0
v 2 0
v 3 0
v 4 0
v 5 1
v 6 0
v 7 0
e 0 1 0
e 1 2 0
e 2 3 0
e 3 4 0
e 3 7 0
e 4 5 0
e 5 6 0
# 3
t 205
v 0 0
v 1 0
v 2 0
v 3 0
v 4 0
v 5 1
v 6 0
v 7 0
e 0 1 0
e 1 2 0
e 2 3 0
e 3 4 0
e 4 5 0
e 4 7 0
e 5 6 0
# 3
t 206
v 0 0
v 1 0
v 2 0
v 3 0
v 4 0
v 5 1
v 6 0
v 7 0
e 0 1 0
e 1 2 0
e 2 3 0
e 3 4 0
e 3 7 0
e 4 5 0
e 4 7 0
e 5 6 0
# 3
t 207
v 0 0
v 1 0
v 2 0
v 3 0
v 4 0
v 5 1
v 6 0
v 7 0
e 0 1 0
e 1 2 0
e 2 3 0
e 3 4 0
e 4 5 0
e 5 6 0
e 6 7 0
# 3
t 208
v 0 0
v 1 0
v 2 0
v 3 0
v 4 1
e 0 1 0
e 1 2 0
e 2 3 0
e 3 4 0
# 3
t 209
v 0 0
v 1 0
v 2 0
v 3 0
v 4 1
v 5 0
e 0 1 0
e 1 2 0
e 1 5 0
e 2 3 0
e 3 4 0
# 3
t 210
v 0 0
v 1 0
v 2 0
v 3 0
v 4 1
v 5 0
e 0 1 0
e 0 2 0
e 1 2 0
e 1 5 0
e 2 3 0
e 3 4 0
# 3
t 211
v 0 0
v 1 0
v 2 0
v 3 0
v 4 1
v 5 0
e 0 1 0
e 0 5 0
e 1 2 0
e 1 5 0
e 2 3 0
e 3 4 0
# 3
t 212
v 0 0
v 1 0
v 2 0
v 3 0
v 4 1
v 5 0
v 6 0
e 0 1 0
e 1 2 0
e 1 5 0
e 2 3 0
e 2 6 0
e 3 4 0
# 3
t 213
v 0 0
v 1 0
v 2 0
v 3 0
v 4 1
v 5 0
v 6 0
e 0 1 0
e 0 5 0
e 1 2 0
e 1 5 0
e 2 3 0
e 2 6 0
e 3 4 0
# 3
t 214
v 0 0
v 1 0
v 2 0
v 3 0
v 4 1
v 5 0
v 6 0
e 0 1 0
e 1 2 0
e 1 5 0
e 1 6 0
e 2 3 0
e 3 4 0
# 3
t 215
v 0 0
v 1 0
v 2 0
v 3 0
v 4 1
v 5 0
v 6 0
e 0 1 0
e 0 2 0
e 1 2 0
e 1 5 0
e 1 6 0
e 2 3 0
e 3 4 0
# 3
t 216
v 0 0
v 1 0
v 2 0
v 3 0
v 4 1
v 5 0
v 6 0
e 0 1 0
e 0 2 0
e 1 2 0
e 1 5 0
e 1 6 0
e 2 3 0
e 3 4 0
e 5 6 0
# 3
t 217
v 0 0
v 1 0
v 2 0
v 3 0
v 4 1
v 5 0
v 6 0
e 0 1 0
e 0 5 0
e 1 2 0
e 1 5 0
e 1 6 0
e 2 3 0
e 3 4 0
# 3
t 218
v 0 0
v 1 0
v 2 0
v 3 0
v 4 1
v 5 0
e 0 1 0
e 1 2 0
e 2 3 0
e 2 5 0
e 3 4 0
# 3
t 219
v 0 0
v 1 0
v 2 0
v 3 0
v 4 1
v 5 0
e 0 1 0
e 1 2 0
e 2 3 0
e 3 4 0
e 4 5 0
# 3
t 220
v 0 0
v 1 0
v 2 0
v 3 0
v 4 1
v 5 0
v 6 0
e 0 1 0
e 1 2 0
e 1 6 0
e 2 3 0
e 3 4 0
e 4 5 0
# 3
t 221
v 0 0
v 1 0
v 2 0
v 3 0
v 4 1
v 5 0
v 6 0
e 0 1 0
e 0 2 0
e 1 2 0
e 1 6 0
e 2 3 0
e 3 4 0
e 4 5 0
# 3
t 222
v 0 0
v 1 0
v 2 0
v 3 0
v 4 1
v 5 0
v 6 0
e 0 1 0
e 0 2 0
e 0 3 0
e 1 2 0
e 1 6 0
e 2 3 0
e 3 4 0
e 4 5 0
# 3
t 223
v 0 0
v 1 0
v 2 0
v 3 0
v 4 1
v 5 0
v 6 0
e 0 1 0
e 0 3 0
e 1 2 0
e 1 6 0
e 2 3 0
e 3 4 0
e 4 5 0
# 3
t 224
v 0 0
v 1 0
v 2 0
v 3 0
v 4 1
v 5 0
v 6 0
e 0 1 0
e 0 6 0
e 1 2 0
e 1 6 0
e 2 3 0
e 3 4 0
e 4 5 0
# 3
t 225
v 0 0
v 1 0
v 2 0
v 3 0
v 4 1
v 5 0
v 6 0
v 7 0
e 0 1 0
e 1 2 0
e 1 6 0
e 2 3 0
e 3 4 0
e 3 7 0
e 4 5 0
# 3
t 226
v 0 0
v 1 0
v 2 0
v 3 0
v 4 1
v 5 0
v 6 0
v 7 0
e 0 1 0
e 0 6 0
e 1 2 0
e 1 6 0
e 2 3 0
e 3 4 0
e 3 7 0
e 4 5 0
# 3
t 227
v 0 0
v 1 0
v 2 0
v 3 0
v 4 1
v 5 0
v 6 0
v 7 0
e 0 1 0
e 1 2 0
e 1 6 0
e 2 3 0
e 2 7 0
e 3 4 0
e 4 5 0
# 3
t 228
v 0 0
v 1 0
v 2 0
v 3 0
v 4 1
v 5 0
v 6 0
v 7 0
e 0 1 0
e 0 6 0
e 1 2 0
e 1 6 0
e 2 3 0
e 2 7 0
e 3 4 0
e 4 5 0
# 3
t 229
v 0 0
v 1 0
v 2 0
v 3 0
v 4 1
v 5 0
v 6 0
v 7 0
e 0 1 0
e 0 6 0
e 1 2 0
e 1 6 0
e 2 3 0
e 2 7 0
e 3 4 0
e 3 7 0
e 4 5 0
# 3
t 230
v 0 0
v 1 0
v 2 0
v 3 0
v 4 1
v 5 0
v 6 0
v 7 0
e 0 1 0
e 1 2 0
e 1 6 0
e 2 3 0
e 2 7 0
e 3 4 0
e 3 7 0
e 4 5 0
# 3
t 231
v 0 0
v 1 0
v 2 0
v 3 0
v 4 1
v 5 0
v 6 0
v 7 0
e 0 1 0
e 1 2 0
e 1 6 0
e 1 7 0
e 2 3 0
e 3 4 0
e 4 5 0
# 3
t 232
v 0 0
v 1 0
v 2 0
v 3 0
v 4 1
v 5 0
v 6 0
v 7 0
e 0 1 0
e 0 2 0
e 1 2 0
e 1 6 0
e 1 7 0
e 2 3 0
e 3 4 0
e 4 5 0
# 3
t 233
v 0 0
v 1 0
v 2 0
v 3 0
v 4 1
v 5 0
v 6 0
v 7 0
e 0 1 0
e 0 2 0
e 1 2 0
e 1 6 0
e 1 7 0
e 2 3 0
e 3 4 0
e 4 5 0
e 6 7 0
# 3
t 234
v 0 0
v 1 0
v 2 0
v 3 0
v 4 1
v 5 0
v 6 0
v 7 0
e 0 1 0
e 0 2 0
e 0 3 0
e 1 2 0
e 1 6 0
e 1 7 0
e 2 3 0
e 3 4 0
e 4 5 0
# 3
t 235
v 0 0
v 1 0
v 2 0
v 3 0
v 4 1
v 5 0
v 6 0
v 7 0
e 0 1 0
e 0 2 0
e 0 3 0
e 1 2 0
e 1 6 0
e 1 7 0
e 2 3 0
e 3 4 0
e 4 5 0
e 6 7 0
# 3
t 236
v 0 0
v 1 0
v 2 0
v 3 0
v 4 1
v 5 0
v 6 0
v 7 0
e 0 1 0
e 0 3 0
e 1 2 0
e 1 6 0
e 1 7 0
e 2 3 0
e 3 4 0
e 4 5 0
# 3
t 237
v 0 0
v 1 0
v 2 0
v 3 0
v 4 1
v 5 0
v 6 0
v 7 0
e 0 1 0
e 0 3 0
e 1 2 0
e 1 6 0
e 1 7 0
e 2 3 0
e 3 4 0
e 4 5 0
e 6 7 0
# 3
t 238
v 0 0
v 1 0
v 2 0
v 3 0
v 4 1
v 5 0
v 6 0
v 7 0
e 0 1 0
e 0 6 0
e 1 2 0
e 1 6 0
e 1 7 0
e 2 3 0
e 3 4 0
e 4 5 0
# 3
t 239
v 0 0
v 1 0
v 2 0
v 3 0
v 4 1
v 5 0
v 6 0
e 0 1 0
e 1 2 0
e 2 3 0
e 2 6 0
e 3 4 0
e 4 5 0
# 3
t 240
v 0 0
v 1 0
v 2 0
v 3 0
v 4 1
v 5 0
v 6 0
e 0 1 0
e 1 2 0
e 2 3 0
e 2 6 0
e 3 4 0
e 3 6 0
e 4 5 0
# 3
t 241
v 0 0
v 1 0
v 2 0
v 3 0
v 4 1
v 5 0
v 6 0
e 0 1 0
e 1 2 0
e 2 3 0
e 3 4 0
e 3 6 0
e 4 5 0
# 3
t 242
v 0 0
v 1 0
v 2 0
v 3 0
v 4 1
v 5 0
v 6 0
e 0 1 0
e 1 2 0
e 2 3 0
e 3 4 0
e 4 5 0
e 5 6 0
# 3
t 243
v 0 0
v 1 0
v 2 0
v 3 0
v 4 1
v 5 0
v 6 0
v 7 0
e 0 1 0
e 1 2 0
e 1 7 0
e 2 3 0
e 3 4 0
e 4 5 0
e 5 6 0
# 3
t 244
v 0 0
v 1 0
v 2 0
v 3 0
v 4 1
v 5 0
v 6 0
v 7 0
e 0 1 0
e 0 2 0
e 1 2 0
e 1 7 0
e 2 3 0
e 3 4 0
e 4 5 0
e 5 6 0
# 3
t 245
v 0 0
v 1 0
v 2 0
v 3 0
v 4 1
v 5 0
v 6 0
v 7 0
e 0 1 0
e 0 2 0
e 0 3 0
e 1 2 0
e 1 7 0
e 2 3 0
e 3 4 0
e 4 5 0
e 5 6 0
# 3
t 246
v 0 0
v 1 0
v 2 0
v 3 0
v 4 1
v 5 0
v 6 0
v 7 0
e 0 1 0
e 0 3 0
e 1 2 0
e 1 7 0
e 2 3 0
e 3 4 0
e 4 5 0
e 5 6 0
# 3
t 247
v 0 0
v 1 0
v 2 0
v 3 0
v 4 1
v 5 0
v 6 0
v 7 0
e 0 1 0
e 1 2 0
e 2 3 0
e 2 7 0
e 3 4 0
e 4 5 0
e 5 6 0
# 3
t 248
v 0 0
v 1 0
v 2 0
v 3 0
v 4 1
v 5 0
v 6 0
v 7 0
e 0 1 0
e 1 2 0
e 2 3 0
e 2 7 0
e 3 4 0
e 3 7 0
e 4 5 0
e 5 6 0
# 3
t 249
v 0 0
v 1 0
v 2 0
v 3 0
v 4 1
v 5 0
v 6 0
v 7 0
e 0 1 0
e 1 2 0
e 2 3 0
e 3 4 0
e 3 7 0
e 4 5 0
e 5 6 0
# 3
t 250
v 0 0
v 1 0
v 2 0
v 3 0
v 4 1
v 5 0
v 6 0
v 7 0
e 0 1 0
e 1 2 0
e 2 3 0
e 3 4 0
e 4 5 0
e 5 6 0
e 5 7 0
# 3
t 251
v 0 0
v 1 0
v 2 0
v 3 0
v 4 1
v 5 0
v 6 0
v 7 0
e 0 1 0
e 1 2 0
e 2 3 0
e 3 4 0
e 4 5 0
e 5 6 0
e 5 7 0
e 6 7 0
# 3
t 252
v 0 0
v 1 0
v 2 0
v 3 0
v 4 1
v 5 0
v 6 0
v 7 0
e 0 1 0
e 1 2 0
e 2 3 0
e 3 4 0
e 4 5 0
e 5 6 0
e 6 7 0
# 3
t 253
v 0 0
v 1 0
v 2 0
v 3 1
e 0 1 0
e 1 2 0
e 2 3 0
# 3
t 254
v 0 0
v 1 0
v 2 0
v 3 1
v 4 0
e 0 1 0
e 1 2 0
e 1 4 0
e 2 3 0
# 3
t 255
v 0 0
v 1 0
v 2 0
v 3 1
v 4 0
e 0 1 0
e 0 4 0
e 1 2 0
e 1 4 0
e 2 3 0
# 3
t 256
v 0 0
v 1 0
v 2 0
v 3 1
v 4 0
e 0 1 0
e 1 2 0
e 2 3 0
e 3 4 0
# 3
t 257
v 0 0
v 1 0
v 2 0
v 3 1
v 4 0
v 5 0
e 0 1 0
e 1 2 0
e 1 5 0
e 2 3 0
e 3 4 0
# 3
t 258
v 0 0
v 1 0
v 2 0
v 3 1
v 4 0
v 5 0
e 0 1 0
e 0 2 0
e 1 2 0
e 1 5 0
e 2 3 0
e 3 4 0
# 3
t 259
v 0 0
v 1 0
v 2 0
v 3 1
v 4 0
v 5 0
e 0 1 0
e 0 2 0
e 0 5 0
e 1 2 0
e 1 5 0
e 2 3 0
e 3 4 0
# 3
t 260
v 0 0
v 1 0
v 2 0
v 3 1
v 4 0
v 5 0
e 0 1 0
e 0 5 0
e 1 2 0
e 1 5 0
e 2 3 0
e 3 4 0
# 3
t 261
v 0 0
v 1 0
v 2 0
v 3 1
v 4 0
v 5 0
e 0 1 0
e 1 2 0
e 2 3 0
e 2 5 0
e 3 4 0
# 3
t 262
v 0 0
v 1 0
v 2 0
v 3 1
v 4 0
v 5 0
e 0 1 0
e 0 5 0
e 1 2 0
e 2 3 0
e 2 5 0
e 3 4 0
# 3
t 263
v 0 0
v 1 0
v 2 0
v 3 1
v 4 0
v 5 0
e 0 1 0
e 1 2 0
e 2 3 0
e 3 4 0
e 4 5 0
# 3
t 264
v 0 0
v 1 0
v 2 0
v 3 1
v 4 0
v 5 0
v 6 0
e 0 1 0
e 1 2 0
e 1 6 0
e 2 3 0
e 3 4 0
e 4 5 0
# 3
t 265
v 0 0
v 1 0
v 2 0
v 3 1
v 4 0
v 5 0
v 6 0
e 0 1 0
e 0 2 0
e 1 2 0
e 1 6 0
e 2 3 0
e 3 4 0
e 4 5 0
# 3
t 266
v 0 0
v 1 0
v 2 0
v 3 1
v 4 0
v 5 0
v 6 0
e 0 1 0
e 0 2 0
e 0 6 0
e 1 2 0
e 1 6 0
e 2 3 0
e 3 4 0
e 4 5 0
# 3
t 267
v 0 0
v 1 0
v 2 0
v 3 1
v 4 0
v 5 0
v 6 0
e 0 1 0
e 0 6 0
e 1 2 0
e 1 6 0
e 2 3 0
e 3 4 0
e 4 5 0
# 3
t 268
v 0 0
v 1 0
v 2 0
v 3 1
v 4 0
v 5 0
v 6 0
v 7 0
e 0 1 0
e 1 2 0
e 1 6 0
e 2 3 0
e 3 4 0
e 4 5 0
e 4 7 0
# 3
t 269
v 0 0
v 1 0
v 2 0
v 3 1
v 4 0
v 5 0
v 6 0
v 7 0
e 0 1 0
e 0 2 0
e 1 2 0
e 1 6 0
e 2 3 0
e 3 4 0
e 4 5 0
e 4 7 0
# 3
t 270
v 0 0
v 1 0
v 2 0
v 3 1
v 4 0
v 5 0
v 6 0
v 7 0
e 0 1 0
e 0 2 0
e 1 2 0
e 1 6 0
e 2 3 0
e 3 4 0
e 4 5 0
e 4 7 0
e 5 7 0
# 3
t 271
v 0 0
v 1 0
v 2 0
v 3 1
v 4 0
v 5 0
v 6 0
v 7 0
e 0 1 0
e 0 2 0
e 0 6 0
e 1 2 0
e 1 6 0
e 2 3 0
e 3 4 0
e 4 5 0
e 4 7 0
# 3
t 272
v 0 0
v 1 0
v 2 0
v 3 1
v 4 0
v 5 0
v 6 0
v 7 0
e 0 1 0
e 0 2 0
e 0 6 0
e 1 2 0
e 1 6 0
e 2 3 0
e 3 4 0
e 4 5 0
e 4 7 0
e 5 7 0
# 3
t 273
v 0 0
v 1 0
v 2 0
v 3 1
v 4 0
v 5 0
v 6 0
v 7 0
e 0 1 0
e 0 6 0
e 1 2 0
e 1 6 0
e 2 3 0
e 3 4 0
e 4 5 0
e 4 7 0
# 3
t 274
v 0 0
v 1 0
v 2 0
v 3 1
v 4 0
v 5 0
v 6 0
v 7 0
e 0 1 0
e 0 6 0
e 1 2 0
e 1 6 0
e 2 3 0
e 3 4 0
e 4 5 0
e 4 7 0
e 5 7 0
# 3
t 275
v 0 0
v 1 0
v 2 0
v 3 1
v 4 0
v 5 0
v 6 0
v 7 0
e 0 1 0
e 1 2 0
e 1 6 0
e 2 3 0
e 3 4 0
e 4 5 0
e 4 7 0
e 5 7 0
# 3
t 276
v 0 0
v 1 0
v 2 0
v 3 1
v 4 0
v 5 0
v 6 0
e 0 1 0
e 1 2 0
e 2 3 0
e 2 6 0
e 3 4 0
e 4 5 0
# 3
t 277
v 0 0
v 1 0
v 2 0
v 3 1
v 4 0
v 5 0
v 6 0
e 0 1 0
e 0 6 0
e 1 2 0
e 2 3 0
e 2 6 0
e 3 4 0
e 4 5 0
# 3
t 278
v 0 0
v 1 0
v 2 0
v 3 1
v 4 0
v 5 0
v 6 0
v 7 0
e 0 1 0
e 1 2 0
e 2 3 0
e 2 6 0
e 3 4 0
e 4 5 0
e 4 7 0
# 3
t 279
v 0 0
v 1 0
v 2 0
v 3 1
v 4 0
v 5 0
v 6 0
v 7 0
e 0 1 0
e 0 5 0
e 1 2 0
e 2 3 0
e 2 6 0
e 3 4 0
e 4 5 0
e 4 7 0
# 3
t 280
v 0 0
v 1 0
v 2 0
v 3 1
v 4 0
v 5 0
v 6 0
v 7 0
e 0 1 0
e 0 6 0
e 1 2 0
e 2 3 0
e 2 6 0
e 3 4 0
e 4 5 0
e 4 7 0
# 3
t 281
v 0 0
v 1 0
v 2 0
v 3 1
v 4 0
v 5 0
v 6 0
v 7 0
e 0 1 0
e 0 6 0
e 1 2 0
e 2 3 0
e 2 6 0
e 3 4 0
e 4 5 0
e 4 7 0
e 5 7 0
# 3
t 282
v 0 0
v 1 0
v 2 0
v 3 1
v 4 0
v 5 0
v 6 0
v 7 0
e 0 1 0
e 1 2 0
e 2 3 0
e 2 6 0
e 3 4 0
e 4 5 0
e 4 7 0
e 5 7 0
# 3
t 283
v 0 0
v 1 0
v 2 0
v 3 1
v 4 0
v 5 0
v 6 0
e 0 1 0
e 1 2 0
e 2 3 0
e 3 4 0
e 4 5 0
e 4 6 0
# 3
t 284
v 0 0
v 1 0
v 2 0
v 3 1
v 4 0
v 5 0
v 6 0
e 0 1 0
e 1 2 0
e 2 3 0
e 3 4 0
e 4 5 0
e 4 6 0
e 5 6 0
# 3
t 285
v 0 0
v 1 0
v 2 0
v 3 1
v 4 0
v 5 0
v 6 0
e 0 1 0
e 1 2 0
e 2 3 0
e 3 4 0
e 4 5 0
e 5 6 0
# 3
t 286
v 0 0
v 1 0
v 2 0
v 3 1
v 4 0
v 5 0
v 6 0
v 7 0
e 0 1 0
e 1 2 0
e 1 7 0
e 2 3 0
e 3 4 0
e 4 5 0
e 5 6 0
# 3
t 287
v 0 0
v 1 0
v 2 0
v 3 1
v 4 0
v 5 0
v 6 0
v 7 0
e 0 1 0
e 0 2 0
e 1 2 0
e 1 7 0
e 2 3 0
e 3 4 0
e 4 5 0
e 5 6 0
# 3
t 288
v 0 0
v 1 0
v 2 0
v 3 1
v 4 0
v 5 0
v 6 0
v 7 0
e 0 1 0
e 0 2 0
e 0 7 0
e 1 2 0
e 1 7 0
e 2 3 0
e 3 4 0
e 4 5 0
e 5 6 0
# 3
t 289
v 0 0
v 1 0
v 2 0
v 3 1
v 4 0
v 5 0
v 6 0
v 7 0
e 0 1 0
e 0 7 0
e 1 2 0
e 1 7 0
e 2 3 0
e 3 4 0
e 4 5 0
e 5 6 0
# 3
t 290
v 0 0
v 1 0
v 2 0
v 3 1
v 4 0
v 5 0
v 6 0
v 7 0
e 0 1 0
e 1 2 0
e 2 3 0
e 2 7 0
e 3 4 0
e 4 5 0
e 5 6 0
# 3
t 291
v 0 0
v 1 0
v 2 0
v 3 1
v 4 0
v 5 0
v 6 0
v 7 0
e 0 1 0
e 0 7 0
e 1 2 0
e 2 3 0
e 2 7 0
e 3 4 0
e 4 5 0
e 5 6 0
# 3
t 292
v 0 0
v 1 0
v 2 1
e 0 1 0
e 1 2 0
# 3
t 293
v 0 0
v 1 0
v 2 1
v 3 0
e 0 1 0
e 1 2 0
e 2 3 0
# 3
t 294
v 0 0
v 1 0
v 2 1
v 3 0
v 4 0
e 0 1 0
e 1 2 0
e 1 4 0
e 2 3 0
# 3
t 295
v 0 0
v 1 0
v 2 1
v 3 0
v 4 0
e 0 1 0
e 0 4 0
e 1 2 0
e 1 4 0
e 2 3 0
# 3
t 296
v 0 0
v 1 0
v 2 1
v 3 0
v 4 0
e 0 1 0
e 1 2 0
e 2 3 0
e 3 4 0
# 3
t 297
v 0 0
v 1 0
v 2 1
v 3 0
v 4 0
v 5 0
e 0 1 0
e 1 2 0
e 1 5 0
e 2 3 0
e 3 4 0
# 3
t 298
v 0 0
v 1 0
v 2 1
v 3 0
v 4 0
v 5 0
e 0 1 0
e 0 5 0
e 1 2 0
e 1 5 0
e 2 3 0
e 3 4 0
# 3
t 299
v 0 0
v 1 0
v 2 1
v 3 0
v 4 0
v 5 0
v 6 0
e 0 1 0
e 1 2 0
e 1 5 0
e 2 3 0
e 3 4 0
e 3 6 0
# 3
t 300
v 0 0
v 1 0
v 2 1
v 3 0
v 4 0
v 5 0
v 6 0
e 0 1 0
e 0 5 0
e 1 2 0
e 1 5 0
e 2 3 0
e 3 4 0
e 3 6 0
# 3
t 301
v 0 0
v 1 0
v 2 1
v 3 0
v 4 0
v 5 0
v 6 0
e 0 1 0
e 0 5 0
e 1 2 0
e 1 5 0
e 2 3 0
e 3 4 0
e 3 6 0
e 4 6 0
# 3
t 302
v 0 0
v 1 1
e 0 1 0
# 3
t 303
v 0 0
v 1 1
v 2 0
e 0 1 0
e 1 2 0
